ARM GAS  C:\Users\mulwe\AppData\Local\Temp\ccJq8T0z.s 			page 1


   1              		.cpu cortex-m0
   2              		.arch armv6s-m
   3              		.fpu softvfp
   4              		.eabi_attribute 20, 1
   5              		.eabi_attribute 21, 1
   6              		.eabi_attribute 23, 3
   7              		.eabi_attribute 24, 1
   8              		.eabi_attribute 25, 1
   9              		.eabi_attribute 26, 1
  10              		.eabi_attribute 30, 4
  11              		.eabi_attribute 34, 0
  12              		.eabi_attribute 18, 4
  13              		.file	"stm32f0xx_hal_exti.c"
  14              		.text
  15              	.Ltext0:
  16              		.cfi_sections	.debug_frame
  17              		.file 1 "Drivers/STM32F0xx_HAL_Driver/Src/stm32f0xx_hal_exti.c"
  18              		.section	.text.HAL_EXTI_SetConfigLine,"ax",%progbits
  19              		.align	1
  20              		.global	HAL_EXTI_SetConfigLine
  21              		.syntax unified
  22              		.code	16
  23              		.thumb_func
  25              	HAL_EXTI_SetConfigLine:
  26              	.LVL0:
  27              	.LFB40:
   1:Drivers/STM32F0xx_HAL_Driver/Src/stm32f0xx_hal_exti.c **** /**
   2:Drivers/STM32F0xx_HAL_Driver/Src/stm32f0xx_hal_exti.c ****   ******************************************************************************
   3:Drivers/STM32F0xx_HAL_Driver/Src/stm32f0xx_hal_exti.c ****   * @file    stm32f0xx_hal_exti.c
   4:Drivers/STM32F0xx_HAL_Driver/Src/stm32f0xx_hal_exti.c ****   * @author  MCD Application Team
   5:Drivers/STM32F0xx_HAL_Driver/Src/stm32f0xx_hal_exti.c ****   * @brief   EXTI HAL module driver.
   6:Drivers/STM32F0xx_HAL_Driver/Src/stm32f0xx_hal_exti.c ****   *          This file provides firmware functions to manage the following
   7:Drivers/STM32F0xx_HAL_Driver/Src/stm32f0xx_hal_exti.c ****   *          functionalities of the Extended Interrupts and events controller (EXTI) peripheral:
   8:Drivers/STM32F0xx_HAL_Driver/Src/stm32f0xx_hal_exti.c ****   *           + Initialization and de-initialization functions
   9:Drivers/STM32F0xx_HAL_Driver/Src/stm32f0xx_hal_exti.c ****   *           + IO operation functions
  10:Drivers/STM32F0xx_HAL_Driver/Src/stm32f0xx_hal_exti.c ****   *
  11:Drivers/STM32F0xx_HAL_Driver/Src/stm32f0xx_hal_exti.c ****   ******************************************************************************
  12:Drivers/STM32F0xx_HAL_Driver/Src/stm32f0xx_hal_exti.c ****   * @attention
  13:Drivers/STM32F0xx_HAL_Driver/Src/stm32f0xx_hal_exti.c ****   *
  14:Drivers/STM32F0xx_HAL_Driver/Src/stm32f0xx_hal_exti.c ****   * Copyright (c) 2019 STMicroelectronics.
  15:Drivers/STM32F0xx_HAL_Driver/Src/stm32f0xx_hal_exti.c ****   * All rights reserved.
  16:Drivers/STM32F0xx_HAL_Driver/Src/stm32f0xx_hal_exti.c ****   *
  17:Drivers/STM32F0xx_HAL_Driver/Src/stm32f0xx_hal_exti.c ****   * This software is licensed under terms that can be found in the LICENSE file
  18:Drivers/STM32F0xx_HAL_Driver/Src/stm32f0xx_hal_exti.c ****   * in the root directory of this software component.
  19:Drivers/STM32F0xx_HAL_Driver/Src/stm32f0xx_hal_exti.c ****   * If no LICENSE file comes with this software, it is provided AS-IS.
  20:Drivers/STM32F0xx_HAL_Driver/Src/stm32f0xx_hal_exti.c ****   *
  21:Drivers/STM32F0xx_HAL_Driver/Src/stm32f0xx_hal_exti.c ****   ******************************************************************************
  22:Drivers/STM32F0xx_HAL_Driver/Src/stm32f0xx_hal_exti.c ****   @verbatim
  23:Drivers/STM32F0xx_HAL_Driver/Src/stm32f0xx_hal_exti.c ****   ==============================================================================
  24:Drivers/STM32F0xx_HAL_Driver/Src/stm32f0xx_hal_exti.c ****                     ##### EXTI Peripheral features #####
  25:Drivers/STM32F0xx_HAL_Driver/Src/stm32f0xx_hal_exti.c ****   ==============================================================================
  26:Drivers/STM32F0xx_HAL_Driver/Src/stm32f0xx_hal_exti.c ****   [..]
  27:Drivers/STM32F0xx_HAL_Driver/Src/stm32f0xx_hal_exti.c ****     (+) Each Exti line can be configured within this driver.
  28:Drivers/STM32F0xx_HAL_Driver/Src/stm32f0xx_hal_exti.c **** 
  29:Drivers/STM32F0xx_HAL_Driver/Src/stm32f0xx_hal_exti.c ****     (+) Exti line can be configured in 3 different modes
  30:Drivers/STM32F0xx_HAL_Driver/Src/stm32f0xx_hal_exti.c ****         (++) Interrupt
  31:Drivers/STM32F0xx_HAL_Driver/Src/stm32f0xx_hal_exti.c ****         (++) Event
ARM GAS  C:\Users\mulwe\AppData\Local\Temp\ccJq8T0z.s 			page 2


  32:Drivers/STM32F0xx_HAL_Driver/Src/stm32f0xx_hal_exti.c ****         (++) Both of them
  33:Drivers/STM32F0xx_HAL_Driver/Src/stm32f0xx_hal_exti.c **** 
  34:Drivers/STM32F0xx_HAL_Driver/Src/stm32f0xx_hal_exti.c ****     (+) Configurable Exti lines can be configured with 3 different triggers
  35:Drivers/STM32F0xx_HAL_Driver/Src/stm32f0xx_hal_exti.c ****         (++) Rising
  36:Drivers/STM32F0xx_HAL_Driver/Src/stm32f0xx_hal_exti.c ****         (++) Falling
  37:Drivers/STM32F0xx_HAL_Driver/Src/stm32f0xx_hal_exti.c ****         (++) Both of them
  38:Drivers/STM32F0xx_HAL_Driver/Src/stm32f0xx_hal_exti.c **** 
  39:Drivers/STM32F0xx_HAL_Driver/Src/stm32f0xx_hal_exti.c ****     (+) When set in interrupt mode, configurable Exti lines have two different
  40:Drivers/STM32F0xx_HAL_Driver/Src/stm32f0xx_hal_exti.c ****         interrupts pending registers which allow to distinguish which transition
  41:Drivers/STM32F0xx_HAL_Driver/Src/stm32f0xx_hal_exti.c ****         occurs:
  42:Drivers/STM32F0xx_HAL_Driver/Src/stm32f0xx_hal_exti.c ****         (++) Rising edge pending interrupt
  43:Drivers/STM32F0xx_HAL_Driver/Src/stm32f0xx_hal_exti.c ****         (++) Falling
  44:Drivers/STM32F0xx_HAL_Driver/Src/stm32f0xx_hal_exti.c **** 
  45:Drivers/STM32F0xx_HAL_Driver/Src/stm32f0xx_hal_exti.c ****     (+) Exti lines 0 to 15 are linked to gpio pin number 0 to 15. Gpio port can
  46:Drivers/STM32F0xx_HAL_Driver/Src/stm32f0xx_hal_exti.c ****         be selected through multiplexer.
  47:Drivers/STM32F0xx_HAL_Driver/Src/stm32f0xx_hal_exti.c **** 
  48:Drivers/STM32F0xx_HAL_Driver/Src/stm32f0xx_hal_exti.c ****                      ##### How to use this driver #####
  49:Drivers/STM32F0xx_HAL_Driver/Src/stm32f0xx_hal_exti.c ****   ==============================================================================
  50:Drivers/STM32F0xx_HAL_Driver/Src/stm32f0xx_hal_exti.c ****   [..]
  51:Drivers/STM32F0xx_HAL_Driver/Src/stm32f0xx_hal_exti.c **** 
  52:Drivers/STM32F0xx_HAL_Driver/Src/stm32f0xx_hal_exti.c ****     (#) Configure the EXTI line using HAL_EXTI_SetConfigLine().
  53:Drivers/STM32F0xx_HAL_Driver/Src/stm32f0xx_hal_exti.c ****         (++) Choose the interrupt line number by setting "Line" member from
  54:Drivers/STM32F0xx_HAL_Driver/Src/stm32f0xx_hal_exti.c ****              EXTI_ConfigTypeDef structure.
  55:Drivers/STM32F0xx_HAL_Driver/Src/stm32f0xx_hal_exti.c ****         (++) Configure the interrupt and/or event mode using "Mode" member from
  56:Drivers/STM32F0xx_HAL_Driver/Src/stm32f0xx_hal_exti.c ****              EXTI_ConfigTypeDef structure.
  57:Drivers/STM32F0xx_HAL_Driver/Src/stm32f0xx_hal_exti.c ****         (++) For configurable lines, configure rising and/or falling trigger
  58:Drivers/STM32F0xx_HAL_Driver/Src/stm32f0xx_hal_exti.c ****              "Trigger" member from EXTI_ConfigTypeDef structure.
  59:Drivers/STM32F0xx_HAL_Driver/Src/stm32f0xx_hal_exti.c ****         (++) For Exti lines linked to gpio, choose gpio port using "GPIOSel"
  60:Drivers/STM32F0xx_HAL_Driver/Src/stm32f0xx_hal_exti.c ****              member from GPIO_InitTypeDef structure.
  61:Drivers/STM32F0xx_HAL_Driver/Src/stm32f0xx_hal_exti.c **** 
  62:Drivers/STM32F0xx_HAL_Driver/Src/stm32f0xx_hal_exti.c ****     (#) Get current Exti configuration of a dedicated line using
  63:Drivers/STM32F0xx_HAL_Driver/Src/stm32f0xx_hal_exti.c ****         HAL_EXTI_GetConfigLine().
  64:Drivers/STM32F0xx_HAL_Driver/Src/stm32f0xx_hal_exti.c ****         (++) Provide exiting handle as parameter.
  65:Drivers/STM32F0xx_HAL_Driver/Src/stm32f0xx_hal_exti.c ****         (++) Provide pointer on EXTI_ConfigTypeDef structure as second parameter.
  66:Drivers/STM32F0xx_HAL_Driver/Src/stm32f0xx_hal_exti.c **** 
  67:Drivers/STM32F0xx_HAL_Driver/Src/stm32f0xx_hal_exti.c ****     (#) Clear Exti configuration of a dedicated line using HAL_EXTI_ClearConfigLine().
  68:Drivers/STM32F0xx_HAL_Driver/Src/stm32f0xx_hal_exti.c ****         (++) Provide exiting handle as parameter.
  69:Drivers/STM32F0xx_HAL_Driver/Src/stm32f0xx_hal_exti.c **** 
  70:Drivers/STM32F0xx_HAL_Driver/Src/stm32f0xx_hal_exti.c ****     (#) Register callback to treat Exti interrupts using HAL_EXTI_RegisterCallback().
  71:Drivers/STM32F0xx_HAL_Driver/Src/stm32f0xx_hal_exti.c ****         (++) Provide exiting handle as first parameter.
  72:Drivers/STM32F0xx_HAL_Driver/Src/stm32f0xx_hal_exti.c ****         (++) Provide which callback will be registered using one value from
  73:Drivers/STM32F0xx_HAL_Driver/Src/stm32f0xx_hal_exti.c ****              EXTI_CallbackIDTypeDef.
  74:Drivers/STM32F0xx_HAL_Driver/Src/stm32f0xx_hal_exti.c ****         (++) Provide callback function pointer.
  75:Drivers/STM32F0xx_HAL_Driver/Src/stm32f0xx_hal_exti.c **** 
  76:Drivers/STM32F0xx_HAL_Driver/Src/stm32f0xx_hal_exti.c ****     (#) Get interrupt pending bit using HAL_EXTI_GetPending().
  77:Drivers/STM32F0xx_HAL_Driver/Src/stm32f0xx_hal_exti.c **** 
  78:Drivers/STM32F0xx_HAL_Driver/Src/stm32f0xx_hal_exti.c ****     (#) Clear interrupt pending bit using HAL_EXTI_ClearPending().
  79:Drivers/STM32F0xx_HAL_Driver/Src/stm32f0xx_hal_exti.c **** 
  80:Drivers/STM32F0xx_HAL_Driver/Src/stm32f0xx_hal_exti.c ****     (#) Generate software interrupt using HAL_EXTI_GenerateSWI().
  81:Drivers/STM32F0xx_HAL_Driver/Src/stm32f0xx_hal_exti.c **** 
  82:Drivers/STM32F0xx_HAL_Driver/Src/stm32f0xx_hal_exti.c ****   @endverbatim
  83:Drivers/STM32F0xx_HAL_Driver/Src/stm32f0xx_hal_exti.c ****   */
  84:Drivers/STM32F0xx_HAL_Driver/Src/stm32f0xx_hal_exti.c **** 
  85:Drivers/STM32F0xx_HAL_Driver/Src/stm32f0xx_hal_exti.c **** /* Includes ------------------------------------------------------------------*/
  86:Drivers/STM32F0xx_HAL_Driver/Src/stm32f0xx_hal_exti.c **** #include "stm32f0xx_hal.h"
  87:Drivers/STM32F0xx_HAL_Driver/Src/stm32f0xx_hal_exti.c **** 
  88:Drivers/STM32F0xx_HAL_Driver/Src/stm32f0xx_hal_exti.c **** /** @addtogroup STM32F0xx_HAL_Driver
ARM GAS  C:\Users\mulwe\AppData\Local\Temp\ccJq8T0z.s 			page 3


  89:Drivers/STM32F0xx_HAL_Driver/Src/stm32f0xx_hal_exti.c ****   * @{
  90:Drivers/STM32F0xx_HAL_Driver/Src/stm32f0xx_hal_exti.c ****   */
  91:Drivers/STM32F0xx_HAL_Driver/Src/stm32f0xx_hal_exti.c **** 
  92:Drivers/STM32F0xx_HAL_Driver/Src/stm32f0xx_hal_exti.c **** /** @addtogroup EXTI
  93:Drivers/STM32F0xx_HAL_Driver/Src/stm32f0xx_hal_exti.c ****   * @{
  94:Drivers/STM32F0xx_HAL_Driver/Src/stm32f0xx_hal_exti.c ****   */
  95:Drivers/STM32F0xx_HAL_Driver/Src/stm32f0xx_hal_exti.c **** /** MISRA C:2012 deviation rule has been granted for following rule:
  96:Drivers/STM32F0xx_HAL_Driver/Src/stm32f0xx_hal_exti.c ****   * Rule-18.1_b - Medium: Array `EXTICR' 1st subscript interval [0,7] may be out
  97:Drivers/STM32F0xx_HAL_Driver/Src/stm32f0xx_hal_exti.c ****   * of bounds [0,3] in following API :
  98:Drivers/STM32F0xx_HAL_Driver/Src/stm32f0xx_hal_exti.c ****   * HAL_EXTI_SetConfigLine
  99:Drivers/STM32F0xx_HAL_Driver/Src/stm32f0xx_hal_exti.c ****   * HAL_EXTI_GetConfigLine
 100:Drivers/STM32F0xx_HAL_Driver/Src/stm32f0xx_hal_exti.c ****   * HAL_EXTI_ClearConfigLine
 101:Drivers/STM32F0xx_HAL_Driver/Src/stm32f0xx_hal_exti.c ****   */
 102:Drivers/STM32F0xx_HAL_Driver/Src/stm32f0xx_hal_exti.c **** 
 103:Drivers/STM32F0xx_HAL_Driver/Src/stm32f0xx_hal_exti.c **** #ifdef HAL_EXTI_MODULE_ENABLED
 104:Drivers/STM32F0xx_HAL_Driver/Src/stm32f0xx_hal_exti.c **** 
 105:Drivers/STM32F0xx_HAL_Driver/Src/stm32f0xx_hal_exti.c **** /* Private typedef -----------------------------------------------------------*/
 106:Drivers/STM32F0xx_HAL_Driver/Src/stm32f0xx_hal_exti.c **** /* Private defines -----------------------------------------------------------*/
 107:Drivers/STM32F0xx_HAL_Driver/Src/stm32f0xx_hal_exti.c **** /** @defgroup EXTI_Private_Constants EXTI Private Constants
 108:Drivers/STM32F0xx_HAL_Driver/Src/stm32f0xx_hal_exti.c ****   * @{
 109:Drivers/STM32F0xx_HAL_Driver/Src/stm32f0xx_hal_exti.c ****   */
 110:Drivers/STM32F0xx_HAL_Driver/Src/stm32f0xx_hal_exti.c **** 
 111:Drivers/STM32F0xx_HAL_Driver/Src/stm32f0xx_hal_exti.c **** /**
 112:Drivers/STM32F0xx_HAL_Driver/Src/stm32f0xx_hal_exti.c ****   * @}
 113:Drivers/STM32F0xx_HAL_Driver/Src/stm32f0xx_hal_exti.c ****   */
 114:Drivers/STM32F0xx_HAL_Driver/Src/stm32f0xx_hal_exti.c **** 
 115:Drivers/STM32F0xx_HAL_Driver/Src/stm32f0xx_hal_exti.c **** /* Private macros ------------------------------------------------------------*/
 116:Drivers/STM32F0xx_HAL_Driver/Src/stm32f0xx_hal_exti.c **** /* Private variables ---------------------------------------------------------*/
 117:Drivers/STM32F0xx_HAL_Driver/Src/stm32f0xx_hal_exti.c **** /* Private function prototypes -----------------------------------------------*/
 118:Drivers/STM32F0xx_HAL_Driver/Src/stm32f0xx_hal_exti.c **** /* Exported functions --------------------------------------------------------*/
 119:Drivers/STM32F0xx_HAL_Driver/Src/stm32f0xx_hal_exti.c **** 
 120:Drivers/STM32F0xx_HAL_Driver/Src/stm32f0xx_hal_exti.c **** /** @addtogroup EXTI_Exported_Functions
 121:Drivers/STM32F0xx_HAL_Driver/Src/stm32f0xx_hal_exti.c ****   * @{
 122:Drivers/STM32F0xx_HAL_Driver/Src/stm32f0xx_hal_exti.c ****   */
 123:Drivers/STM32F0xx_HAL_Driver/Src/stm32f0xx_hal_exti.c **** 
 124:Drivers/STM32F0xx_HAL_Driver/Src/stm32f0xx_hal_exti.c **** /** @addtogroup EXTI_Exported_Functions_Group1
 125:Drivers/STM32F0xx_HAL_Driver/Src/stm32f0xx_hal_exti.c ****   *  @brief    Configuration functions
 126:Drivers/STM32F0xx_HAL_Driver/Src/stm32f0xx_hal_exti.c ****   *
 127:Drivers/STM32F0xx_HAL_Driver/Src/stm32f0xx_hal_exti.c **** @verbatim
 128:Drivers/STM32F0xx_HAL_Driver/Src/stm32f0xx_hal_exti.c ****  ===============================================================================
 129:Drivers/STM32F0xx_HAL_Driver/Src/stm32f0xx_hal_exti.c ****               ##### Configuration functions #####
 130:Drivers/STM32F0xx_HAL_Driver/Src/stm32f0xx_hal_exti.c ****  ===============================================================================
 131:Drivers/STM32F0xx_HAL_Driver/Src/stm32f0xx_hal_exti.c **** 
 132:Drivers/STM32F0xx_HAL_Driver/Src/stm32f0xx_hal_exti.c **** @endverbatim
 133:Drivers/STM32F0xx_HAL_Driver/Src/stm32f0xx_hal_exti.c ****   * @{
 134:Drivers/STM32F0xx_HAL_Driver/Src/stm32f0xx_hal_exti.c ****   */
 135:Drivers/STM32F0xx_HAL_Driver/Src/stm32f0xx_hal_exti.c **** 
 136:Drivers/STM32F0xx_HAL_Driver/Src/stm32f0xx_hal_exti.c **** /**
 137:Drivers/STM32F0xx_HAL_Driver/Src/stm32f0xx_hal_exti.c ****   * @brief  Set configuration of a dedicated Exti line.
 138:Drivers/STM32F0xx_HAL_Driver/Src/stm32f0xx_hal_exti.c ****   * @param  hexti Exti handle.
 139:Drivers/STM32F0xx_HAL_Driver/Src/stm32f0xx_hal_exti.c ****   * @param  pExtiConfig Pointer on EXTI configuration to be set.
 140:Drivers/STM32F0xx_HAL_Driver/Src/stm32f0xx_hal_exti.c ****   * @retval HAL Status.
 141:Drivers/STM32F0xx_HAL_Driver/Src/stm32f0xx_hal_exti.c ****   */
 142:Drivers/STM32F0xx_HAL_Driver/Src/stm32f0xx_hal_exti.c **** HAL_StatusTypeDef HAL_EXTI_SetConfigLine(EXTI_HandleTypeDef *hexti, EXTI_ConfigTypeDef *pExtiConfig
 143:Drivers/STM32F0xx_HAL_Driver/Src/stm32f0xx_hal_exti.c **** {
  28              		.loc 1 143 1 view -0
  29              		.cfi_startproc
ARM GAS  C:\Users\mulwe\AppData\Local\Temp\ccJq8T0z.s 			page 4


  30              		@ args = 0, pretend = 0, frame = 0
  31              		@ frame_needed = 0, uses_anonymous_args = 0
 144:Drivers/STM32F0xx_HAL_Driver/Src/stm32f0xx_hal_exti.c ****   uint32_t regval;
  32              		.loc 1 144 3 view .LVU1
 145:Drivers/STM32F0xx_HAL_Driver/Src/stm32f0xx_hal_exti.c ****   uint32_t linepos;
  33              		.loc 1 145 3 view .LVU2
 146:Drivers/STM32F0xx_HAL_Driver/Src/stm32f0xx_hal_exti.c ****   uint32_t maskline;
  34              		.loc 1 146 3 view .LVU3
 147:Drivers/STM32F0xx_HAL_Driver/Src/stm32f0xx_hal_exti.c **** 
 148:Drivers/STM32F0xx_HAL_Driver/Src/stm32f0xx_hal_exti.c ****   /* Check null pointer */
 149:Drivers/STM32F0xx_HAL_Driver/Src/stm32f0xx_hal_exti.c ****   if ((hexti == NULL) || (pExtiConfig == NULL))
  35              		.loc 1 149 3 view .LVU4
 143:Drivers/STM32F0xx_HAL_Driver/Src/stm32f0xx_hal_exti.c ****   uint32_t regval;
  36              		.loc 1 143 1 is_stmt 0 view .LVU5
  37 0000 0300     		movs	r3, r0
  38 0002 70B5     		push	{r4, r5, r6, lr}
  39              	.LCFI0:
  40              		.cfi_def_cfa_offset 16
  41              		.cfi_offset 4, -16
  42              		.cfi_offset 5, -12
  43              		.cfi_offset 6, -8
  44              		.cfi_offset 14, -4
 150:Drivers/STM32F0xx_HAL_Driver/Src/stm32f0xx_hal_exti.c ****   {
 151:Drivers/STM32F0xx_HAL_Driver/Src/stm32f0xx_hal_exti.c ****     return HAL_ERROR;
  45              		.loc 1 151 12 view .LVU6
  46 0004 0120     		movs	r0, #1
  47              	.LVL1:
 149:Drivers/STM32F0xx_HAL_Driver/Src/stm32f0xx_hal_exti.c ****   {
  48              		.loc 1 149 6 view .LVU7
  49 0006 002B     		cmp	r3, #0
  50 0008 37D0     		beq	.L2
 149:Drivers/STM32F0xx_HAL_Driver/Src/stm32f0xx_hal_exti.c ****   {
  51              		.loc 1 149 23 discriminator 1 view .LVU8
  52 000a 0029     		cmp	r1, #0
  53 000c 35D0     		beq	.L2
 152:Drivers/STM32F0xx_HAL_Driver/Src/stm32f0xx_hal_exti.c ****   }
 153:Drivers/STM32F0xx_HAL_Driver/Src/stm32f0xx_hal_exti.c **** 
 154:Drivers/STM32F0xx_HAL_Driver/Src/stm32f0xx_hal_exti.c ****   /* Check parameters */
 155:Drivers/STM32F0xx_HAL_Driver/Src/stm32f0xx_hal_exti.c ****   assert_param(IS_EXTI_LINE(pExtiConfig->Line));
  54              		.loc 1 155 3 is_stmt 1 view .LVU9
 156:Drivers/STM32F0xx_HAL_Driver/Src/stm32f0xx_hal_exti.c ****   assert_param(IS_EXTI_MODE(pExtiConfig->Mode));
  55              		.loc 1 156 3 view .LVU10
 157:Drivers/STM32F0xx_HAL_Driver/Src/stm32f0xx_hal_exti.c **** 
 158:Drivers/STM32F0xx_HAL_Driver/Src/stm32f0xx_hal_exti.c ****   /* Assign line number to handle */
 159:Drivers/STM32F0xx_HAL_Driver/Src/stm32f0xx_hal_exti.c ****   hexti->Line = pExtiConfig->Line;
  56              		.loc 1 159 3 view .LVU11
 160:Drivers/STM32F0xx_HAL_Driver/Src/stm32f0xx_hal_exti.c **** 
 161:Drivers/STM32F0xx_HAL_Driver/Src/stm32f0xx_hal_exti.c ****   /* Compute line mask */
 162:Drivers/STM32F0xx_HAL_Driver/Src/stm32f0xx_hal_exti.c ****   linepos = (pExtiConfig->Line & EXTI_PIN_MASK);
  57              		.loc 1 162 11 is_stmt 0 view .LVU12
  58 000e 1F22     		movs	r2, #31
 159:Drivers/STM32F0xx_HAL_Driver/Src/stm32f0xx_hal_exti.c **** 
  59              		.loc 1 159 28 view .LVU13
  60 0010 0C68     		ldr	r4, [r1]
 163:Drivers/STM32F0xx_HAL_Driver/Src/stm32f0xx_hal_exti.c ****   maskline = (1uL << linepos);
  61              		.loc 1 163 12 view .LVU14
  62 0012 0600     		movs	r6, r0
ARM GAS  C:\Users\mulwe\AppData\Local\Temp\ccJq8T0z.s 			page 5


 162:Drivers/STM32F0xx_HAL_Driver/Src/stm32f0xx_hal_exti.c ****   maskline = (1uL << linepos);
  63              		.loc 1 162 11 view .LVU15
  64 0014 2240     		ands	r2, r4
 159:Drivers/STM32F0xx_HAL_Driver/Src/stm32f0xx_hal_exti.c **** 
  65              		.loc 1 159 15 view .LVU16
  66 0016 1C60     		str	r4, [r3]
 162:Drivers/STM32F0xx_HAL_Driver/Src/stm32f0xx_hal_exti.c ****   maskline = (1uL << linepos);
  67              		.loc 1 162 3 is_stmt 1 view .LVU17
  68              	.LVL2:
  69              		.loc 1 163 3 view .LVU18
  70              		.loc 1 163 12 is_stmt 0 view .LVU19
  71 0018 9040     		lsls	r0, r0, r2
  72              	.LVL3:
 164:Drivers/STM32F0xx_HAL_Driver/Src/stm32f0xx_hal_exti.c **** 
 165:Drivers/STM32F0xx_HAL_Driver/Src/stm32f0xx_hal_exti.c ****   /* Configure triggers for configurable lines */
 166:Drivers/STM32F0xx_HAL_Driver/Src/stm32f0xx_hal_exti.c ****   if ((pExtiConfig->Line & EXTI_CONFIG) != 0x00u)
  73              		.loc 1 166 3 is_stmt 1 view .LVU20
  74 001a 1E4B     		ldr	r3, .L21
  75              	.LVL4:
  76              		.loc 1 166 6 is_stmt 0 view .LVU21
  77 001c A501     		lsls	r5, r4, #6
  78 001e 20D5     		bpl	.L4
 167:Drivers/STM32F0xx_HAL_Driver/Src/stm32f0xx_hal_exti.c ****   {
 168:Drivers/STM32F0xx_HAL_Driver/Src/stm32f0xx_hal_exti.c ****     assert_param(IS_EXTI_TRIGGER(pExtiConfig->Trigger));
  79              		.loc 1 168 5 is_stmt 1 view .LVU22
 169:Drivers/STM32F0xx_HAL_Driver/Src/stm32f0xx_hal_exti.c **** 
 170:Drivers/STM32F0xx_HAL_Driver/Src/stm32f0xx_hal_exti.c ****     /* Configure rising trigger */
 171:Drivers/STM32F0xx_HAL_Driver/Src/stm32f0xx_hal_exti.c ****     /* Mask or set line */
 172:Drivers/STM32F0xx_HAL_Driver/Src/stm32f0xx_hal_exti.c ****     if ((pExtiConfig->Trigger & EXTI_TRIGGER_RISING) != 0x00u)
  80              		.loc 1 172 5 view .LVU23
  81              		.loc 1 172 21 is_stmt 0 view .LVU24
  82 0020 8D68     		ldr	r5, [r1, #8]
  83              		.loc 1 172 8 view .LVU25
  84 0022 3542     		tst	r5, r6
  85 0024 2AD0     		beq	.L5
 173:Drivers/STM32F0xx_HAL_Driver/Src/stm32f0xx_hal_exti.c ****     {
 174:Drivers/STM32F0xx_HAL_Driver/Src/stm32f0xx_hal_exti.c ****       EXTI->RTSR |= maskline;
  86              		.loc 1 174 7 is_stmt 1 view .LVU26
  87              		.loc 1 174 11 is_stmt 0 view .LVU27
  88 0026 9E68     		ldr	r6, [r3, #8]
  89              		.loc 1 174 18 view .LVU28
  90 0028 0643     		orrs	r6, r0
  91              	.L17:
 175:Drivers/STM32F0xx_HAL_Driver/Src/stm32f0xx_hal_exti.c ****     }
 176:Drivers/STM32F0xx_HAL_Driver/Src/stm32f0xx_hal_exti.c ****     else
 177:Drivers/STM32F0xx_HAL_Driver/Src/stm32f0xx_hal_exti.c ****     {
 178:Drivers/STM32F0xx_HAL_Driver/Src/stm32f0xx_hal_exti.c ****       EXTI->RTSR &= ~maskline;
  92              		.loc 1 178 18 view .LVU29
  93 002a 9E60     		str	r6, [r3, #8]
 179:Drivers/STM32F0xx_HAL_Driver/Src/stm32f0xx_hal_exti.c ****     }
 180:Drivers/STM32F0xx_HAL_Driver/Src/stm32f0xx_hal_exti.c **** 
 181:Drivers/STM32F0xx_HAL_Driver/Src/stm32f0xx_hal_exti.c ****     /* Configure falling trigger */
 182:Drivers/STM32F0xx_HAL_Driver/Src/stm32f0xx_hal_exti.c ****     /* Mask or set line */
 183:Drivers/STM32F0xx_HAL_Driver/Src/stm32f0xx_hal_exti.c ****     if ((pExtiConfig->Trigger & EXTI_TRIGGER_FALLING) != 0x00u)
  94              		.loc 1 183 5 is_stmt 1 view .LVU30
  95              		.loc 1 183 8 is_stmt 0 view .LVU31
  96 002c AD07     		lsls	r5, r5, #30
ARM GAS  C:\Users\mulwe\AppData\Local\Temp\ccJq8T0z.s 			page 6


  97 002e 28D5     		bpl	.L7
 184:Drivers/STM32F0xx_HAL_Driver/Src/stm32f0xx_hal_exti.c ****     {
 185:Drivers/STM32F0xx_HAL_Driver/Src/stm32f0xx_hal_exti.c ****       EXTI->FTSR |= maskline;
  98              		.loc 1 185 7 is_stmt 1 view .LVU32
  99              		.loc 1 185 11 is_stmt 0 view .LVU33
 100 0030 DD68     		ldr	r5, [r3, #12]
 101              		.loc 1 185 18 view .LVU34
 102 0032 0543     		orrs	r5, r0
 103              	.L18:
 186:Drivers/STM32F0xx_HAL_Driver/Src/stm32f0xx_hal_exti.c ****     }
 187:Drivers/STM32F0xx_HAL_Driver/Src/stm32f0xx_hal_exti.c ****     else
 188:Drivers/STM32F0xx_HAL_Driver/Src/stm32f0xx_hal_exti.c ****     {
 189:Drivers/STM32F0xx_HAL_Driver/Src/stm32f0xx_hal_exti.c ****       EXTI->FTSR &= ~maskline;
 104              		.loc 1 189 18 view .LVU35
 105 0034 DD60     		str	r5, [r3, #12]
 190:Drivers/STM32F0xx_HAL_Driver/Src/stm32f0xx_hal_exti.c ****     }
 191:Drivers/STM32F0xx_HAL_Driver/Src/stm32f0xx_hal_exti.c **** 
 192:Drivers/STM32F0xx_HAL_Driver/Src/stm32f0xx_hal_exti.c **** 
 193:Drivers/STM32F0xx_HAL_Driver/Src/stm32f0xx_hal_exti.c ****     /* Configure gpio port selection in case of gpio exti line */
 194:Drivers/STM32F0xx_HAL_Driver/Src/stm32f0xx_hal_exti.c ****     if ((pExtiConfig->Line & EXTI_GPIO) == EXTI_GPIO)
 106              		.loc 1 194 5 is_stmt 1 view .LVU36
 107              		.loc 1 194 28 is_stmt 0 view .LVU37
 108 0036 C025     		movs	r5, #192
 109 0038 2600     		movs	r6, r4
 110 003a ED04     		lsls	r5, r5, #19
 111 003c 2E40     		ands	r6, r5
 112              		.loc 1 194 8 view .LVU38
 113 003e AE42     		cmp	r6, r5
 114 0040 0FD1     		bne	.L4
 195:Drivers/STM32F0xx_HAL_Driver/Src/stm32f0xx_hal_exti.c ****     {
 196:Drivers/STM32F0xx_HAL_Driver/Src/stm32f0xx_hal_exti.c ****       assert_param(IS_EXTI_GPIO_PORT(pExtiConfig->GPIOSel));
 115              		.loc 1 196 7 is_stmt 1 view .LVU39
 197:Drivers/STM32F0xx_HAL_Driver/Src/stm32f0xx_hal_exti.c ****       assert_param(IS_EXTI_GPIO_PIN(linepos));
 116              		.loc 1 197 7 view .LVU40
 198:Drivers/STM32F0xx_HAL_Driver/Src/stm32f0xx_hal_exti.c **** 
 199:Drivers/STM32F0xx_HAL_Driver/Src/stm32f0xx_hal_exti.c ****       regval = SYSCFG->EXTICR[linepos >> 2u];
 117              		.loc 1 199 7 view .LVU41
 118 0042 154D     		ldr	r5, .L21+4
 119              		.loc 1 199 39 is_stmt 0 view .LVU42
 120 0044 9208     		lsrs	r2, r2, #2
 121              	.LVL5:
 122              		.loc 1 199 39 view .LVU43
 123 0046 9200     		lsls	r2, r2, #2
 124 0048 5219     		adds	r2, r2, r5
 200:Drivers/STM32F0xx_HAL_Driver/Src/stm32f0xx_hal_exti.c ****       regval &= ~(SYSCFG_EXTICR1_EXTI0 << (SYSCFG_EXTICR1_EXTI1_Pos * (linepos & 0x03u)));
 125              		.loc 1 200 80 view .LVU44
 126 004a 0325     		movs	r5, #3
 127 004c 2C40     		ands	r4, r5
 128              	.LVL6:
 129              		.loc 1 200 69 view .LVU45
 130 004e A400     		lsls	r4, r4, #2
 131              		.loc 1 200 40 view .LVU46
 132 0050 0C35     		adds	r5, r5, #12
 133 0052 A540     		lsls	r5, r5, r4
 199:Drivers/STM32F0xx_HAL_Driver/Src/stm32f0xx_hal_exti.c ****       regval &= ~(SYSCFG_EXTICR1_EXTI0 << (SYSCFG_EXTICR1_EXTI1_Pos * (linepos & 0x03u)));
 134              		.loc 1 199 14 view .LVU47
 135 0054 9668     		ldr	r6, [r2, #8]
ARM GAS  C:\Users\mulwe\AppData\Local\Temp\ccJq8T0z.s 			page 7


 136              	.LVL7:
 137              		.loc 1 200 7 is_stmt 1 view .LVU48
 138              		.loc 1 200 14 is_stmt 0 view .LVU49
 139 0056 AE43     		bics	r6, r5
 140              	.LVL8:
 201:Drivers/STM32F0xx_HAL_Driver/Src/stm32f0xx_hal_exti.c ****       regval |= (pExtiConfig->GPIOSel << (SYSCFG_EXTICR1_EXTI1_Pos * (linepos & 0x03u)));
 141              		.loc 1 201 7 is_stmt 1 view .LVU50
 142              		.loc 1 201 39 is_stmt 0 view .LVU51
 143 0058 CD68     		ldr	r5, [r1, #12]
 144 005a A540     		lsls	r5, r5, r4
 145 005c 2C00     		movs	r4, r5
 146              		.loc 1 201 14 view .LVU52
 147 005e 3443     		orrs	r4, r6
 148              	.LVL9:
 202:Drivers/STM32F0xx_HAL_Driver/Src/stm32f0xx_hal_exti.c ****       SYSCFG->EXTICR[linepos >> 2u] = regval;
 149              		.loc 1 202 7 is_stmt 1 view .LVU53
 150              		.loc 1 202 37 is_stmt 0 view .LVU54
 151 0060 9460     		str	r4, [r2, #8]
 152              	.LVL10:
 153              	.L4:
 203:Drivers/STM32F0xx_HAL_Driver/Src/stm32f0xx_hal_exti.c ****     }
 204:Drivers/STM32F0xx_HAL_Driver/Src/stm32f0xx_hal_exti.c ****   }
 205:Drivers/STM32F0xx_HAL_Driver/Src/stm32f0xx_hal_exti.c **** 
 206:Drivers/STM32F0xx_HAL_Driver/Src/stm32f0xx_hal_exti.c ****   /* Configure interrupt mode : read current mode */
 207:Drivers/STM32F0xx_HAL_Driver/Src/stm32f0xx_hal_exti.c ****   /* Mask or set line */
 208:Drivers/STM32F0xx_HAL_Driver/Src/stm32f0xx_hal_exti.c ****   if ((pExtiConfig->Mode & EXTI_MODE_INTERRUPT) != 0x00u)
 154              		.loc 1 208 3 is_stmt 1 view .LVU55
 155              		.loc 1 208 19 is_stmt 0 view .LVU56
 156 0062 4A68     		ldr	r2, [r1, #4]
 157              		.loc 1 208 6 view .LVU57
 158 0064 D107     		lsls	r1, r2, #31
 159 0066 0FD5     		bpl	.L10
 160              	.LVL11:
 209:Drivers/STM32F0xx_HAL_Driver/Src/stm32f0xx_hal_exti.c ****   {
 210:Drivers/STM32F0xx_HAL_Driver/Src/stm32f0xx_hal_exti.c ****     EXTI->IMR |= maskline;
 161              		.loc 1 210 5 is_stmt 1 view .LVU58
 162              		.loc 1 210 9 is_stmt 0 view .LVU59
 163 0068 1968     		ldr	r1, [r3]
 164              		.loc 1 210 15 view .LVU60
 165 006a 0143     		orrs	r1, r0
 166              	.L19:
 211:Drivers/STM32F0xx_HAL_Driver/Src/stm32f0xx_hal_exti.c ****   }
 212:Drivers/STM32F0xx_HAL_Driver/Src/stm32f0xx_hal_exti.c ****   else
 213:Drivers/STM32F0xx_HAL_Driver/Src/stm32f0xx_hal_exti.c ****   {
 214:Drivers/STM32F0xx_HAL_Driver/Src/stm32f0xx_hal_exti.c ****     EXTI->IMR &= ~maskline;
 167              		.loc 1 214 15 view .LVU61
 168 006c 1960     		str	r1, [r3]
 215:Drivers/STM32F0xx_HAL_Driver/Src/stm32f0xx_hal_exti.c ****   }
 216:Drivers/STM32F0xx_HAL_Driver/Src/stm32f0xx_hal_exti.c **** 
 217:Drivers/STM32F0xx_HAL_Driver/Src/stm32f0xx_hal_exti.c ****   /* Configure event mode : read current mode */
 218:Drivers/STM32F0xx_HAL_Driver/Src/stm32f0xx_hal_exti.c ****   /* Mask or set line */
 219:Drivers/STM32F0xx_HAL_Driver/Src/stm32f0xx_hal_exti.c ****   if ((pExtiConfig->Mode & EXTI_MODE_EVENT) != 0x00u)
 169              		.loc 1 219 3 is_stmt 1 view .LVU62
 170              		.loc 1 219 6 is_stmt 0 view .LVU63
 171 006e 9207     		lsls	r2, r2, #30
 172 0070 0DD5     		bpl	.L12
 220:Drivers/STM32F0xx_HAL_Driver/Src/stm32f0xx_hal_exti.c ****   {
ARM GAS  C:\Users\mulwe\AppData\Local\Temp\ccJq8T0z.s 			page 8


 221:Drivers/STM32F0xx_HAL_Driver/Src/stm32f0xx_hal_exti.c ****     EXTI->EMR |= maskline;
 173              		.loc 1 221 5 is_stmt 1 view .LVU64
 174              		.loc 1 221 9 is_stmt 0 view .LVU65
 175 0072 5A68     		ldr	r2, [r3, #4]
 176              		.loc 1 221 15 view .LVU66
 177 0074 0243     		orrs	r2, r0
 178              	.L20:
 222:Drivers/STM32F0xx_HAL_Driver/Src/stm32f0xx_hal_exti.c ****   }
 223:Drivers/STM32F0xx_HAL_Driver/Src/stm32f0xx_hal_exti.c ****   else
 224:Drivers/STM32F0xx_HAL_Driver/Src/stm32f0xx_hal_exti.c ****   {
 225:Drivers/STM32F0xx_HAL_Driver/Src/stm32f0xx_hal_exti.c ****     EXTI->EMR &= ~maskline;
 226:Drivers/STM32F0xx_HAL_Driver/Src/stm32f0xx_hal_exti.c ****   }
 227:Drivers/STM32F0xx_HAL_Driver/Src/stm32f0xx_hal_exti.c **** 
 228:Drivers/STM32F0xx_HAL_Driver/Src/stm32f0xx_hal_exti.c ****   return HAL_OK;
 179              		.loc 1 228 10 view .LVU67
 180 0076 0020     		movs	r0, #0
 181              	.LVL12:
 225:Drivers/STM32F0xx_HAL_Driver/Src/stm32f0xx_hal_exti.c ****   }
 182              		.loc 1 225 15 view .LVU68
 183 0078 5A60     		str	r2, [r3, #4]
 184              	.LVL13:
 185              	.L2:
 229:Drivers/STM32F0xx_HAL_Driver/Src/stm32f0xx_hal_exti.c **** }
 186              		.loc 1 229 1 view .LVU69
 187              		@ sp needed
 188 007a 70BD     		pop	{r4, r5, r6, pc}
 189              	.LVL14:
 190              	.L5:
 178:Drivers/STM32F0xx_HAL_Driver/Src/stm32f0xx_hal_exti.c ****     }
 191              		.loc 1 178 7 is_stmt 1 view .LVU70
 178:Drivers/STM32F0xx_HAL_Driver/Src/stm32f0xx_hal_exti.c ****     }
 192              		.loc 1 178 11 is_stmt 0 view .LVU71
 193 007c 9E68     		ldr	r6, [r3, #8]
 178:Drivers/STM32F0xx_HAL_Driver/Src/stm32f0xx_hal_exti.c ****     }
 194              		.loc 1 178 18 view .LVU72
 195 007e 8643     		bics	r6, r0
 196 0080 D3E7     		b	.L17
 197              	.L7:
 189:Drivers/STM32F0xx_HAL_Driver/Src/stm32f0xx_hal_exti.c ****     }
 198              		.loc 1 189 7 is_stmt 1 view .LVU73
 189:Drivers/STM32F0xx_HAL_Driver/Src/stm32f0xx_hal_exti.c ****     }
 199              		.loc 1 189 11 is_stmt 0 view .LVU74
 200 0082 DD68     		ldr	r5, [r3, #12]
 189:Drivers/STM32F0xx_HAL_Driver/Src/stm32f0xx_hal_exti.c ****     }
 201              		.loc 1 189 18 view .LVU75
 202 0084 8543     		bics	r5, r0
 203 0086 D5E7     		b	.L18
 204              	.LVL15:
 205              	.L10:
 214:Drivers/STM32F0xx_HAL_Driver/Src/stm32f0xx_hal_exti.c ****   }
 206              		.loc 1 214 5 is_stmt 1 view .LVU76
 214:Drivers/STM32F0xx_HAL_Driver/Src/stm32f0xx_hal_exti.c ****   }
 207              		.loc 1 214 9 is_stmt 0 view .LVU77
 208 0088 1968     		ldr	r1, [r3]
 214:Drivers/STM32F0xx_HAL_Driver/Src/stm32f0xx_hal_exti.c ****   }
 209              		.loc 1 214 15 view .LVU78
 210 008a 8143     		bics	r1, r0
ARM GAS  C:\Users\mulwe\AppData\Local\Temp\ccJq8T0z.s 			page 9


 211 008c EEE7     		b	.L19
 212              	.L12:
 225:Drivers/STM32F0xx_HAL_Driver/Src/stm32f0xx_hal_exti.c ****   }
 213              		.loc 1 225 5 is_stmt 1 view .LVU79
 225:Drivers/STM32F0xx_HAL_Driver/Src/stm32f0xx_hal_exti.c ****   }
 214              		.loc 1 225 9 is_stmt 0 view .LVU80
 215 008e 5A68     		ldr	r2, [r3, #4]
 225:Drivers/STM32F0xx_HAL_Driver/Src/stm32f0xx_hal_exti.c ****   }
 216              		.loc 1 225 15 view .LVU81
 217 0090 8243     		bics	r2, r0
 218 0092 F0E7     		b	.L20
 219              	.L22:
 220              		.align	2
 221              	.L21:
 222 0094 00040140 		.word	1073808384
 223 0098 00000140 		.word	1073807360
 224              		.cfi_endproc
 225              	.LFE40:
 227              		.section	.text.HAL_EXTI_GetConfigLine,"ax",%progbits
 228              		.align	1
 229              		.global	HAL_EXTI_GetConfigLine
 230              		.syntax unified
 231              		.code	16
 232              		.thumb_func
 234              	HAL_EXTI_GetConfigLine:
 235              	.LVL16:
 236              	.LFB41:
 230:Drivers/STM32F0xx_HAL_Driver/Src/stm32f0xx_hal_exti.c **** 
 231:Drivers/STM32F0xx_HAL_Driver/Src/stm32f0xx_hal_exti.c **** /**
 232:Drivers/STM32F0xx_HAL_Driver/Src/stm32f0xx_hal_exti.c ****   * @brief  Get configuration of a dedicated Exti line.
 233:Drivers/STM32F0xx_HAL_Driver/Src/stm32f0xx_hal_exti.c ****   * @param  hexti Exti handle.
 234:Drivers/STM32F0xx_HAL_Driver/Src/stm32f0xx_hal_exti.c ****   * @param  pExtiConfig Pointer on structure to store Exti configuration.
 235:Drivers/STM32F0xx_HAL_Driver/Src/stm32f0xx_hal_exti.c ****   * @retval HAL Status.
 236:Drivers/STM32F0xx_HAL_Driver/Src/stm32f0xx_hal_exti.c ****   */
 237:Drivers/STM32F0xx_HAL_Driver/Src/stm32f0xx_hal_exti.c **** HAL_StatusTypeDef HAL_EXTI_GetConfigLine(EXTI_HandleTypeDef *hexti, EXTI_ConfigTypeDef *pExtiConfig
 238:Drivers/STM32F0xx_HAL_Driver/Src/stm32f0xx_hal_exti.c **** {
 237              		.loc 1 238 1 is_stmt 1 view -0
 238              		.cfi_startproc
 239              		@ args = 0, pretend = 0, frame = 0
 240              		@ frame_needed = 0, uses_anonymous_args = 0
 239:Drivers/STM32F0xx_HAL_Driver/Src/stm32f0xx_hal_exti.c ****   uint32_t regval;
 241              		.loc 1 239 3 view .LVU83
 240:Drivers/STM32F0xx_HAL_Driver/Src/stm32f0xx_hal_exti.c ****   uint32_t linepos;
 242              		.loc 1 240 3 view .LVU84
 241:Drivers/STM32F0xx_HAL_Driver/Src/stm32f0xx_hal_exti.c ****   uint32_t maskline;
 243              		.loc 1 241 3 view .LVU85
 242:Drivers/STM32F0xx_HAL_Driver/Src/stm32f0xx_hal_exti.c **** 
 243:Drivers/STM32F0xx_HAL_Driver/Src/stm32f0xx_hal_exti.c ****   /* Check null pointer */
 244:Drivers/STM32F0xx_HAL_Driver/Src/stm32f0xx_hal_exti.c ****   if ((hexti == NULL) || (pExtiConfig == NULL))
 244              		.loc 1 244 3 view .LVU86
 238:Drivers/STM32F0xx_HAL_Driver/Src/stm32f0xx_hal_exti.c ****   uint32_t regval;
 245              		.loc 1 238 1 is_stmt 0 view .LVU87
 246 0000 0300     		movs	r3, r0
 247 0002 70B5     		push	{r4, r5, r6, lr}
 248              	.LCFI1:
 249              		.cfi_def_cfa_offset 16
 250              		.cfi_offset 4, -16
ARM GAS  C:\Users\mulwe\AppData\Local\Temp\ccJq8T0z.s 			page 10


 251              		.cfi_offset 5, -12
 252              		.cfi_offset 6, -8
 253              		.cfi_offset 14, -4
 245:Drivers/STM32F0xx_HAL_Driver/Src/stm32f0xx_hal_exti.c ****   {
 246:Drivers/STM32F0xx_HAL_Driver/Src/stm32f0xx_hal_exti.c ****     return HAL_ERROR;
 254              		.loc 1 246 12 view .LVU88
 255 0004 0120     		movs	r0, #1
 256              	.LVL17:
 244:Drivers/STM32F0xx_HAL_Driver/Src/stm32f0xx_hal_exti.c ****   {
 257              		.loc 1 244 6 view .LVU89
 258 0006 002B     		cmp	r3, #0
 259 0008 37D0     		beq	.L24
 244:Drivers/STM32F0xx_HAL_Driver/Src/stm32f0xx_hal_exti.c ****   {
 260              		.loc 1 244 23 discriminator 1 view .LVU90
 261 000a 0029     		cmp	r1, #0
 262 000c 35D0     		beq	.L24
 247:Drivers/STM32F0xx_HAL_Driver/Src/stm32f0xx_hal_exti.c ****   }
 248:Drivers/STM32F0xx_HAL_Driver/Src/stm32f0xx_hal_exti.c **** 
 249:Drivers/STM32F0xx_HAL_Driver/Src/stm32f0xx_hal_exti.c ****   /* Check the parameter */
 250:Drivers/STM32F0xx_HAL_Driver/Src/stm32f0xx_hal_exti.c ****   assert_param(IS_EXTI_LINE(hexti->Line));
 263              		.loc 1 250 3 is_stmt 1 view .LVU91
 251:Drivers/STM32F0xx_HAL_Driver/Src/stm32f0xx_hal_exti.c **** 
 252:Drivers/STM32F0xx_HAL_Driver/Src/stm32f0xx_hal_exti.c ****   /* Store handle line number to configuration structure */
 253:Drivers/STM32F0xx_HAL_Driver/Src/stm32f0xx_hal_exti.c ****   pExtiConfig->Line = hexti->Line;
 264              		.loc 1 253 3 view .LVU92
 265              		.loc 1 253 28 is_stmt 0 view .LVU93
 266 000e 1868     		ldr	r0, [r3]
 254:Drivers/STM32F0xx_HAL_Driver/Src/stm32f0xx_hal_exti.c **** 
 255:Drivers/STM32F0xx_HAL_Driver/Src/stm32f0xx_hal_exti.c ****   /* Compute line mask */
 256:Drivers/STM32F0xx_HAL_Driver/Src/stm32f0xx_hal_exti.c ****   linepos = (pExtiConfig->Line & EXTI_PIN_MASK);
 267              		.loc 1 256 11 view .LVU94
 268 0010 1F23     		movs	r3, #31
 269              	.LVL18:
 257:Drivers/STM32F0xx_HAL_Driver/Src/stm32f0xx_hal_exti.c ****   maskline = (1uL << linepos);
 270              		.loc 1 257 12 view .LVU95
 271 0012 0124     		movs	r4, #1
 256:Drivers/STM32F0xx_HAL_Driver/Src/stm32f0xx_hal_exti.c ****   maskline = (1uL << linepos);
 272              		.loc 1 256 11 view .LVU96
 273 0014 0340     		ands	r3, r0
 274              		.loc 1 257 12 view .LVU97
 275 0016 9C40     		lsls	r4, r4, r3
 258:Drivers/STM32F0xx_HAL_Driver/Src/stm32f0xx_hal_exti.c **** 
 259:Drivers/STM32F0xx_HAL_Driver/Src/stm32f0xx_hal_exti.c ****   /* 1] Get core mode : interrupt */
 260:Drivers/STM32F0xx_HAL_Driver/Src/stm32f0xx_hal_exti.c **** 
 261:Drivers/STM32F0xx_HAL_Driver/Src/stm32f0xx_hal_exti.c ****   /* Check if selected line is enable */
 262:Drivers/STM32F0xx_HAL_Driver/Src/stm32f0xx_hal_exti.c ****   if ((EXTI->IMR & maskline) != 0x00u)
 276              		.loc 1 262 12 view .LVU98
 277 0018 184D     		ldr	r5, .L39
 253:Drivers/STM32F0xx_HAL_Driver/Src/stm32f0xx_hal_exti.c **** 
 278              		.loc 1 253 21 view .LVU99
 279 001a 0860     		str	r0, [r1]
 256:Drivers/STM32F0xx_HAL_Driver/Src/stm32f0xx_hal_exti.c ****   maskline = (1uL << linepos);
 280              		.loc 1 256 3 is_stmt 1 view .LVU100
 281              	.LVL19:
 257:Drivers/STM32F0xx_HAL_Driver/Src/stm32f0xx_hal_exti.c **** 
 282              		.loc 1 257 3 view .LVU101
 283              		.loc 1 262 3 view .LVU102
ARM GAS  C:\Users\mulwe\AppData\Local\Temp\ccJq8T0z.s 			page 11


 284              		.loc 1 262 12 is_stmt 0 view .LVU103
 285 001c 2A68     		ldr	r2, [r5]
 286              		.loc 1 262 18 view .LVU104
 287 001e 2240     		ands	r2, r4
 288              		.loc 1 262 6 view .LVU105
 289 0020 561E     		subs	r6, r2, #1
 290 0022 B241     		sbcs	r2, r2, r6
 291 0024 4A60     		str	r2, [r1, #4]
 263:Drivers/STM32F0xx_HAL_Driver/Src/stm32f0xx_hal_exti.c ****   {
 264:Drivers/STM32F0xx_HAL_Driver/Src/stm32f0xx_hal_exti.c ****     pExtiConfig->Mode = EXTI_MODE_INTERRUPT;
 265:Drivers/STM32F0xx_HAL_Driver/Src/stm32f0xx_hal_exti.c ****   }
 266:Drivers/STM32F0xx_HAL_Driver/Src/stm32f0xx_hal_exti.c ****   else
 267:Drivers/STM32F0xx_HAL_Driver/Src/stm32f0xx_hal_exti.c ****   {
 268:Drivers/STM32F0xx_HAL_Driver/Src/stm32f0xx_hal_exti.c ****     pExtiConfig->Mode = EXTI_MODE_NONE;
 269:Drivers/STM32F0xx_HAL_Driver/Src/stm32f0xx_hal_exti.c ****   }
 270:Drivers/STM32F0xx_HAL_Driver/Src/stm32f0xx_hal_exti.c **** 
 271:Drivers/STM32F0xx_HAL_Driver/Src/stm32f0xx_hal_exti.c ****   /* Get event mode */
 272:Drivers/STM32F0xx_HAL_Driver/Src/stm32f0xx_hal_exti.c ****   /* Check if selected line is enable */
 273:Drivers/STM32F0xx_HAL_Driver/Src/stm32f0xx_hal_exti.c ****   if ((EXTI->EMR & maskline) != 0x00u)
 292              		.loc 1 273 3 is_stmt 1 view .LVU106
 293              		.loc 1 273 12 is_stmt 0 view .LVU107
 294 0026 6E68     		ldr	r6, [r5, #4]
 295              		.loc 1 273 6 view .LVU108
 296 0028 3442     		tst	r4, r6
 297 002a 02D0     		beq	.L25
 274:Drivers/STM32F0xx_HAL_Driver/Src/stm32f0xx_hal_exti.c ****   {
 275:Drivers/STM32F0xx_HAL_Driver/Src/stm32f0xx_hal_exti.c ****     pExtiConfig->Mode |= EXTI_MODE_EVENT;
 298              		.loc 1 275 5 is_stmt 1 view .LVU109
 299              		.loc 1 275 23 is_stmt 0 view .LVU110
 300 002c 0226     		movs	r6, #2
 301 002e 3243     		orrs	r2, r6
 302 0030 4A60     		str	r2, [r1, #4]
 303              	.L25:
 276:Drivers/STM32F0xx_HAL_Driver/Src/stm32f0xx_hal_exti.c ****   }
 277:Drivers/STM32F0xx_HAL_Driver/Src/stm32f0xx_hal_exti.c **** 
 278:Drivers/STM32F0xx_HAL_Driver/Src/stm32f0xx_hal_exti.c ****   /* Get default Trigger and GPIOSel configuration */
 279:Drivers/STM32F0xx_HAL_Driver/Src/stm32f0xx_hal_exti.c ****   pExtiConfig->Trigger = EXTI_TRIGGER_NONE;
 304              		.loc 1 279 3 is_stmt 1 view .LVU111
 305              		.loc 1 279 24 is_stmt 0 view .LVU112
 306 0032 0022     		movs	r2, #0
 307 0034 8A60     		str	r2, [r1, #8]
 280:Drivers/STM32F0xx_HAL_Driver/Src/stm32f0xx_hal_exti.c ****   pExtiConfig->GPIOSel = 0x00u;
 308              		.loc 1 280 3 is_stmt 1 view .LVU113
 309              		.loc 1 280 24 is_stmt 0 view .LVU114
 310 0036 CA60     		str	r2, [r1, #12]
 281:Drivers/STM32F0xx_HAL_Driver/Src/stm32f0xx_hal_exti.c **** 
 282:Drivers/STM32F0xx_HAL_Driver/Src/stm32f0xx_hal_exti.c ****   /* 2] Get trigger for configurable lines : rising */
 283:Drivers/STM32F0xx_HAL_Driver/Src/stm32f0xx_hal_exti.c ****   if ((pExtiConfig->Line & EXTI_CONFIG) != 0x00u)
 311              		.loc 1 283 3 is_stmt 1 view .LVU115
 312              		.loc 1 283 6 is_stmt 0 view .LVU116
 313 0038 8201     		lsls	r2, r0, #6
 314 003a 1DD5     		bpl	.L27
 284:Drivers/STM32F0xx_HAL_Driver/Src/stm32f0xx_hal_exti.c ****   {
 285:Drivers/STM32F0xx_HAL_Driver/Src/stm32f0xx_hal_exti.c ****     /* Check if configuration of selected line is enable */
 286:Drivers/STM32F0xx_HAL_Driver/Src/stm32f0xx_hal_exti.c ****     if ((EXTI->RTSR & maskline) != 0x00u)
 315              		.loc 1 286 5 is_stmt 1 view .LVU117
 316              		.loc 1 286 14 is_stmt 0 view .LVU118
ARM GAS  C:\Users\mulwe\AppData\Local\Temp\ccJq8T0z.s 			page 12


 317 003c AA68     		ldr	r2, [r5, #8]
 318              		.loc 1 286 21 view .LVU119
 319 003e 2240     		ands	r2, r4
 320              		.loc 1 286 8 view .LVU120
 321 0040 561E     		subs	r6, r2, #1
 322 0042 B241     		sbcs	r2, r2, r6
 323 0044 8A60     		str	r2, [r1, #8]
 287:Drivers/STM32F0xx_HAL_Driver/Src/stm32f0xx_hal_exti.c ****     {
 288:Drivers/STM32F0xx_HAL_Driver/Src/stm32f0xx_hal_exti.c ****       pExtiConfig->Trigger = EXTI_TRIGGER_RISING;
 289:Drivers/STM32F0xx_HAL_Driver/Src/stm32f0xx_hal_exti.c ****     }
 290:Drivers/STM32F0xx_HAL_Driver/Src/stm32f0xx_hal_exti.c **** 
 291:Drivers/STM32F0xx_HAL_Driver/Src/stm32f0xx_hal_exti.c ****     /* Get falling configuration */
 292:Drivers/STM32F0xx_HAL_Driver/Src/stm32f0xx_hal_exti.c ****     /* Check if configuration of selected line is enable */
 293:Drivers/STM32F0xx_HAL_Driver/Src/stm32f0xx_hal_exti.c ****     if ((EXTI->FTSR & maskline) != 0x00u)
 324              		.loc 1 293 5 is_stmt 1 view .LVU121
 325              		.loc 1 293 14 is_stmt 0 view .LVU122
 326 0046 ED68     		ldr	r5, [r5, #12]
 327              		.loc 1 293 8 view .LVU123
 328 0048 2C42     		tst	r4, r5
 329 004a 02D0     		beq	.L28
 294:Drivers/STM32F0xx_HAL_Driver/Src/stm32f0xx_hal_exti.c ****     {
 295:Drivers/STM32F0xx_HAL_Driver/Src/stm32f0xx_hal_exti.c ****       pExtiConfig->Trigger |= EXTI_TRIGGER_FALLING;
 330              		.loc 1 295 7 is_stmt 1 view .LVU124
 331              		.loc 1 295 28 is_stmt 0 view .LVU125
 332 004c 0224     		movs	r4, #2
 333              	.LVL20:
 334              		.loc 1 295 28 view .LVU126
 335 004e 2243     		orrs	r2, r4
 336 0050 8A60     		str	r2, [r1, #8]
 337              	.L28:
 296:Drivers/STM32F0xx_HAL_Driver/Src/stm32f0xx_hal_exti.c ****     }
 297:Drivers/STM32F0xx_HAL_Driver/Src/stm32f0xx_hal_exti.c **** 
 298:Drivers/STM32F0xx_HAL_Driver/Src/stm32f0xx_hal_exti.c ****     /* Get Gpio port selection for gpio lines */
 299:Drivers/STM32F0xx_HAL_Driver/Src/stm32f0xx_hal_exti.c ****     if ((pExtiConfig->Line & EXTI_GPIO) == EXTI_GPIO)
 338              		.loc 1 299 5 is_stmt 1 view .LVU127
 339              		.loc 1 299 28 is_stmt 0 view .LVU128
 340 0052 C022     		movs	r2, #192
 341 0054 0400     		movs	r4, r0
 342 0056 D204     		lsls	r2, r2, #19
 343 0058 1440     		ands	r4, r2
 344              		.loc 1 299 8 view .LVU129
 345 005a 9442     		cmp	r4, r2
 346 005c 0CD1     		bne	.L27
 300:Drivers/STM32F0xx_HAL_Driver/Src/stm32f0xx_hal_exti.c ****     {
 301:Drivers/STM32F0xx_HAL_Driver/Src/stm32f0xx_hal_exti.c ****       assert_param(IS_EXTI_GPIO_PIN(linepos));
 347              		.loc 1 301 7 is_stmt 1 view .LVU130
 302:Drivers/STM32F0xx_HAL_Driver/Src/stm32f0xx_hal_exti.c **** 
 303:Drivers/STM32F0xx_HAL_Driver/Src/stm32f0xx_hal_exti.c ****       regval = SYSCFG->EXTICR[linepos >> 2u];
 348              		.loc 1 303 7 view .LVU131
 349              		.loc 1 303 39 is_stmt 0 view .LVU132
 350 005e 9A08     		lsrs	r2, r3, #2
 351              		.loc 1 303 14 view .LVU133
 352 0060 0232     		adds	r2, r2, #2
 353 0062 074B     		ldr	r3, .L39+4
 354              	.LVL21:
 355              		.loc 1 303 14 view .LVU134
 356 0064 9200     		lsls	r2, r2, #2
ARM GAS  C:\Users\mulwe\AppData\Local\Temp\ccJq8T0z.s 			page 13


 357 0066 D258     		ldr	r2, [r2, r3]
 358              	.LVL22:
 304:Drivers/STM32F0xx_HAL_Driver/Src/stm32f0xx_hal_exti.c ****       pExtiConfig->GPIOSel = (regval >> (SYSCFG_EXTICR1_EXTI1_Pos * (linepos & 0x03u))) & SYSCFG_EX
 359              		.loc 1 304 7 is_stmt 1 view .LVU135
 360              		.loc 1 304 78 is_stmt 0 view .LVU136
 361 0068 0323     		movs	r3, #3
 362 006a 0340     		ands	r3, r0
 363              		.loc 1 304 67 view .LVU137
 364 006c 9B00     		lsls	r3, r3, #2
 365              		.loc 1 304 38 view .LVU138
 366 006e DA40     		lsrs	r2, r2, r3
 367              	.LVL23:
 368              		.loc 1 304 38 view .LVU139
 369 0070 1300     		movs	r3, r2
 370              		.loc 1 304 89 view .LVU140
 371 0072 0F22     		movs	r2, #15
 372 0074 1340     		ands	r3, r2
 373              		.loc 1 304 28 view .LVU141
 374 0076 CB60     		str	r3, [r1, #12]
 375              	.LVL24:
 376              	.L27:
 305:Drivers/STM32F0xx_HAL_Driver/Src/stm32f0xx_hal_exti.c ****     }
 306:Drivers/STM32F0xx_HAL_Driver/Src/stm32f0xx_hal_exti.c ****   }
 307:Drivers/STM32F0xx_HAL_Driver/Src/stm32f0xx_hal_exti.c **** 
 308:Drivers/STM32F0xx_HAL_Driver/Src/stm32f0xx_hal_exti.c ****   return HAL_OK;
 377              		.loc 1 308 10 view .LVU142
 378 0078 0020     		movs	r0, #0
 379              	.LVL25:
 380              	.L24:
 309:Drivers/STM32F0xx_HAL_Driver/Src/stm32f0xx_hal_exti.c **** }
 381              		.loc 1 309 1 view .LVU143
 382              		@ sp needed
 383 007a 70BD     		pop	{r4, r5, r6, pc}
 384              	.L40:
 385              		.align	2
 386              	.L39:
 387 007c 00040140 		.word	1073808384
 388 0080 00000140 		.word	1073807360
 389              		.cfi_endproc
 390              	.LFE41:
 392              		.section	.text.HAL_EXTI_ClearConfigLine,"ax",%progbits
 393              		.align	1
 394              		.global	HAL_EXTI_ClearConfigLine
 395              		.syntax unified
 396              		.code	16
 397              		.thumb_func
 399              	HAL_EXTI_ClearConfigLine:
 400              	.LVL26:
 401              	.LFB42:
 310:Drivers/STM32F0xx_HAL_Driver/Src/stm32f0xx_hal_exti.c **** 
 311:Drivers/STM32F0xx_HAL_Driver/Src/stm32f0xx_hal_exti.c **** /**
 312:Drivers/STM32F0xx_HAL_Driver/Src/stm32f0xx_hal_exti.c ****   * @brief  Clear whole configuration of a dedicated Exti line.
 313:Drivers/STM32F0xx_HAL_Driver/Src/stm32f0xx_hal_exti.c ****   * @param  hexti Exti handle.
 314:Drivers/STM32F0xx_HAL_Driver/Src/stm32f0xx_hal_exti.c ****   * @retval HAL Status.
 315:Drivers/STM32F0xx_HAL_Driver/Src/stm32f0xx_hal_exti.c ****   */
 316:Drivers/STM32F0xx_HAL_Driver/Src/stm32f0xx_hal_exti.c **** HAL_StatusTypeDef HAL_EXTI_ClearConfigLine(EXTI_HandleTypeDef *hexti)
 317:Drivers/STM32F0xx_HAL_Driver/Src/stm32f0xx_hal_exti.c **** {
ARM GAS  C:\Users\mulwe\AppData\Local\Temp\ccJq8T0z.s 			page 14


 402              		.loc 1 317 1 is_stmt 1 view -0
 403              		.cfi_startproc
 404              		@ args = 0, pretend = 0, frame = 0
 405              		@ frame_needed = 0, uses_anonymous_args = 0
 318:Drivers/STM32F0xx_HAL_Driver/Src/stm32f0xx_hal_exti.c ****   uint32_t regval;
 406              		.loc 1 318 3 view .LVU145
 319:Drivers/STM32F0xx_HAL_Driver/Src/stm32f0xx_hal_exti.c ****   uint32_t linepos;
 407              		.loc 1 319 3 view .LVU146
 320:Drivers/STM32F0xx_HAL_Driver/Src/stm32f0xx_hal_exti.c ****   uint32_t maskline;
 408              		.loc 1 320 3 view .LVU147
 321:Drivers/STM32F0xx_HAL_Driver/Src/stm32f0xx_hal_exti.c **** 
 322:Drivers/STM32F0xx_HAL_Driver/Src/stm32f0xx_hal_exti.c ****   /* Check null pointer */
 323:Drivers/STM32F0xx_HAL_Driver/Src/stm32f0xx_hal_exti.c ****   if (hexti == NULL)
 409              		.loc 1 323 3 view .LVU148
 317:Drivers/STM32F0xx_HAL_Driver/Src/stm32f0xx_hal_exti.c ****   uint32_t regval;
 410              		.loc 1 317 1 is_stmt 0 view .LVU149
 411 0000 0300     		movs	r3, r0
 412 0002 30B5     		push	{r4, r5, lr}
 413              	.LCFI2:
 414              		.cfi_def_cfa_offset 12
 415              		.cfi_offset 4, -12
 416              		.cfi_offset 5, -8
 417              		.cfi_offset 14, -4
 324:Drivers/STM32F0xx_HAL_Driver/Src/stm32f0xx_hal_exti.c ****   {
 325:Drivers/STM32F0xx_HAL_Driver/Src/stm32f0xx_hal_exti.c ****     return HAL_ERROR;
 418              		.loc 1 325 12 view .LVU150
 419 0004 0120     		movs	r0, #1
 420              	.LVL27:
 323:Drivers/STM32F0xx_HAL_Driver/Src/stm32f0xx_hal_exti.c ****   {
 421              		.loc 1 323 6 view .LVU151
 422 0006 002B     		cmp	r3, #0
 423 0008 0ED0     		beq	.L42
 326:Drivers/STM32F0xx_HAL_Driver/Src/stm32f0xx_hal_exti.c ****   }
 327:Drivers/STM32F0xx_HAL_Driver/Src/stm32f0xx_hal_exti.c **** 
 328:Drivers/STM32F0xx_HAL_Driver/Src/stm32f0xx_hal_exti.c ****   /* Check the parameter */
 329:Drivers/STM32F0xx_HAL_Driver/Src/stm32f0xx_hal_exti.c ****   assert_param(IS_EXTI_LINE(hexti->Line));
 424              		.loc 1 329 3 is_stmt 1 view .LVU152
 330:Drivers/STM32F0xx_HAL_Driver/Src/stm32f0xx_hal_exti.c **** 
 331:Drivers/STM32F0xx_HAL_Driver/Src/stm32f0xx_hal_exti.c ****   /* compute line mask */
 332:Drivers/STM32F0xx_HAL_Driver/Src/stm32f0xx_hal_exti.c ****   linepos = (hexti->Line & EXTI_PIN_MASK);
 425              		.loc 1 332 3 view .LVU153
 426              		.loc 1 332 19 is_stmt 0 view .LVU154
 427 000a 1A68     		ldr	r2, [r3]
 428              		.loc 1 332 11 view .LVU155
 429 000c 1F23     		movs	r3, #31
 430              	.LVL28:
 431              		.loc 1 332 11 view .LVU156
 432 000e 1340     		ands	r3, r2
 433              	.LVL29:
 333:Drivers/STM32F0xx_HAL_Driver/Src/stm32f0xx_hal_exti.c ****   maskline = (1uL << linepos);
 434              		.loc 1 333 3 is_stmt 1 view .LVU157
 334:Drivers/STM32F0xx_HAL_Driver/Src/stm32f0xx_hal_exti.c **** 
 335:Drivers/STM32F0xx_HAL_Driver/Src/stm32f0xx_hal_exti.c ****   /* 1] Clear interrupt mode */
 336:Drivers/STM32F0xx_HAL_Driver/Src/stm32f0xx_hal_exti.c ****   EXTI->IMR = (EXTI->IMR & ~maskline);
 435              		.loc 1 336 3 view .LVU158
 333:Drivers/STM32F0xx_HAL_Driver/Src/stm32f0xx_hal_exti.c ****   maskline = (1uL << linepos);
 436              		.loc 1 333 12 is_stmt 0 view .LVU159
ARM GAS  C:\Users\mulwe\AppData\Local\Temp\ccJq8T0z.s 			page 15


 437 0010 9840     		lsls	r0, r0, r3
 438              	.LVL30:
 439              		.loc 1 336 20 view .LVU160
 440 0012 1249     		ldr	r1, .L47
 441              		.loc 1 336 28 view .LVU161
 442 0014 C443     		mvns	r4, r0
 443              		.loc 1 336 20 view .LVU162
 444 0016 0D68     		ldr	r5, [r1]
 445              		.loc 1 336 26 view .LVU163
 446 0018 8543     		bics	r5, r0
 447              		.loc 1 336 13 view .LVU164
 448 001a 0D60     		str	r5, [r1]
 337:Drivers/STM32F0xx_HAL_Driver/Src/stm32f0xx_hal_exti.c **** 
 338:Drivers/STM32F0xx_HAL_Driver/Src/stm32f0xx_hal_exti.c ****   /* 2] Clear event mode */
 339:Drivers/STM32F0xx_HAL_Driver/Src/stm32f0xx_hal_exti.c ****   EXTI->EMR = (EXTI->EMR & ~maskline);
 449              		.loc 1 339 3 is_stmt 1 view .LVU165
 450              		.loc 1 339 20 is_stmt 0 view .LVU166
 451 001c 4D68     		ldr	r5, [r1, #4]
 452              		.loc 1 339 26 view .LVU167
 453 001e 8543     		bics	r5, r0
 454              		.loc 1 339 13 view .LVU168
 455 0020 4D60     		str	r5, [r1, #4]
 340:Drivers/STM32F0xx_HAL_Driver/Src/stm32f0xx_hal_exti.c **** 
 341:Drivers/STM32F0xx_HAL_Driver/Src/stm32f0xx_hal_exti.c ****   /* 3] Clear triggers in case of configurable lines */
 342:Drivers/STM32F0xx_HAL_Driver/Src/stm32f0xx_hal_exti.c ****   if ((hexti->Line & EXTI_CONFIG) != 0x00u)
 456              		.loc 1 342 3 is_stmt 1 view .LVU169
 457              		.loc 1 342 6 is_stmt 0 view .LVU170
 458 0022 9001     		lsls	r0, r2, #6
 459 0024 01D4     		bmi	.L43
 460              	.LVL31:
 461              	.L45:
 343:Drivers/STM32F0xx_HAL_Driver/Src/stm32f0xx_hal_exti.c ****   {
 344:Drivers/STM32F0xx_HAL_Driver/Src/stm32f0xx_hal_exti.c ****     EXTI->RTSR = (EXTI->RTSR & ~maskline);
 345:Drivers/STM32F0xx_HAL_Driver/Src/stm32f0xx_hal_exti.c ****     EXTI->FTSR = (EXTI->FTSR & ~maskline);
 346:Drivers/STM32F0xx_HAL_Driver/Src/stm32f0xx_hal_exti.c **** 
 347:Drivers/STM32F0xx_HAL_Driver/Src/stm32f0xx_hal_exti.c ****     /* Get Gpio port selection for gpio lines */
 348:Drivers/STM32F0xx_HAL_Driver/Src/stm32f0xx_hal_exti.c ****     if ((hexti->Line & EXTI_GPIO) == EXTI_GPIO)
 349:Drivers/STM32F0xx_HAL_Driver/Src/stm32f0xx_hal_exti.c ****     {
 350:Drivers/STM32F0xx_HAL_Driver/Src/stm32f0xx_hal_exti.c ****       assert_param(IS_EXTI_GPIO_PIN(linepos));
 351:Drivers/STM32F0xx_HAL_Driver/Src/stm32f0xx_hal_exti.c **** 
 352:Drivers/STM32F0xx_HAL_Driver/Src/stm32f0xx_hal_exti.c ****       regval = SYSCFG->EXTICR[linepos >> 2u];
 353:Drivers/STM32F0xx_HAL_Driver/Src/stm32f0xx_hal_exti.c ****       regval &= ~(SYSCFG_EXTICR1_EXTI0 << (SYSCFG_EXTICR1_EXTI1_Pos * (linepos & 0x03u)));
 354:Drivers/STM32F0xx_HAL_Driver/Src/stm32f0xx_hal_exti.c ****       SYSCFG->EXTICR[linepos >> 2u] = regval;
 355:Drivers/STM32F0xx_HAL_Driver/Src/stm32f0xx_hal_exti.c ****     }
 356:Drivers/STM32F0xx_HAL_Driver/Src/stm32f0xx_hal_exti.c ****   }
 357:Drivers/STM32F0xx_HAL_Driver/Src/stm32f0xx_hal_exti.c **** 
 358:Drivers/STM32F0xx_HAL_Driver/Src/stm32f0xx_hal_exti.c ****   return HAL_OK;
 462              		.loc 1 358 10 view .LVU171
 463 0026 0020     		movs	r0, #0
 464              	.LVL32:
 465              	.L42:
 359:Drivers/STM32F0xx_HAL_Driver/Src/stm32f0xx_hal_exti.c **** }
 466              		.loc 1 359 1 view .LVU172
 467              		@ sp needed
 468 0028 30BD     		pop	{r4, r5, pc}
 469              	.LVL33:
 470              	.L43:
ARM GAS  C:\Users\mulwe\AppData\Local\Temp\ccJq8T0z.s 			page 16


 344:Drivers/STM32F0xx_HAL_Driver/Src/stm32f0xx_hal_exti.c ****     EXTI->FTSR = (EXTI->FTSR & ~maskline);
 471              		.loc 1 344 5 is_stmt 1 view .LVU173
 344:Drivers/STM32F0xx_HAL_Driver/Src/stm32f0xx_hal_exti.c ****     EXTI->FTSR = (EXTI->FTSR & ~maskline);
 472              		.loc 1 344 23 is_stmt 0 view .LVU174
 473 002a 8868     		ldr	r0, [r1, #8]
 344:Drivers/STM32F0xx_HAL_Driver/Src/stm32f0xx_hal_exti.c ****     EXTI->FTSR = (EXTI->FTSR & ~maskline);
 474              		.loc 1 344 30 view .LVU175
 475 002c 2040     		ands	r0, r4
 344:Drivers/STM32F0xx_HAL_Driver/Src/stm32f0xx_hal_exti.c ****     EXTI->FTSR = (EXTI->FTSR & ~maskline);
 476              		.loc 1 344 16 view .LVU176
 477 002e 8860     		str	r0, [r1, #8]
 345:Drivers/STM32F0xx_HAL_Driver/Src/stm32f0xx_hal_exti.c **** 
 478              		.loc 1 345 5 is_stmt 1 view .LVU177
 345:Drivers/STM32F0xx_HAL_Driver/Src/stm32f0xx_hal_exti.c **** 
 479              		.loc 1 345 23 is_stmt 0 view .LVU178
 480 0030 C868     		ldr	r0, [r1, #12]
 345:Drivers/STM32F0xx_HAL_Driver/Src/stm32f0xx_hal_exti.c **** 
 481              		.loc 1 345 30 view .LVU179
 482 0032 2040     		ands	r0, r4
 345:Drivers/STM32F0xx_HAL_Driver/Src/stm32f0xx_hal_exti.c **** 
 483              		.loc 1 345 16 view .LVU180
 484 0034 C860     		str	r0, [r1, #12]
 348:Drivers/STM32F0xx_HAL_Driver/Src/stm32f0xx_hal_exti.c ****     {
 485              		.loc 1 348 5 is_stmt 1 view .LVU181
 348:Drivers/STM32F0xx_HAL_Driver/Src/stm32f0xx_hal_exti.c ****     {
 486              		.loc 1 348 22 is_stmt 0 view .LVU182
 487 0036 C021     		movs	r1, #192
 488 0038 1000     		movs	r0, r2
 489 003a C904     		lsls	r1, r1, #19
 490 003c 0840     		ands	r0, r1
 348:Drivers/STM32F0xx_HAL_Driver/Src/stm32f0xx_hal_exti.c ****     {
 491              		.loc 1 348 8 view .LVU183
 492 003e 8842     		cmp	r0, r1
 493 0040 F1D1     		bne	.L45
 350:Drivers/STM32F0xx_HAL_Driver/Src/stm32f0xx_hal_exti.c **** 
 494              		.loc 1 350 7 is_stmt 1 view .LVU184
 352:Drivers/STM32F0xx_HAL_Driver/Src/stm32f0xx_hal_exti.c ****       regval &= ~(SYSCFG_EXTICR1_EXTI0 << (SYSCFG_EXTICR1_EXTI1_Pos * (linepos & 0x03u)));
 495              		.loc 1 352 7 view .LVU185
 353:Drivers/STM32F0xx_HAL_Driver/Src/stm32f0xx_hal_exti.c ****       SYSCFG->EXTICR[linepos >> 2u] = regval;
 496              		.loc 1 353 80 is_stmt 0 view .LVU186
 497 0042 0320     		movs	r0, #3
 498 0044 0240     		ands	r2, r0
 353:Drivers/STM32F0xx_HAL_Driver/Src/stm32f0xx_hal_exti.c ****       SYSCFG->EXTICR[linepos >> 2u] = regval;
 499              		.loc 1 353 69 view .LVU187
 500 0046 9200     		lsls	r2, r2, #2
 353:Drivers/STM32F0xx_HAL_Driver/Src/stm32f0xx_hal_exti.c ****       SYSCFG->EXTICR[linepos >> 2u] = regval;
 501              		.loc 1 353 40 view .LVU188
 502 0048 0C30     		adds	r0, r0, #12
 503 004a 9040     		lsls	r0, r0, r2
 504 004c 0449     		ldr	r1, .L47+4
 352:Drivers/STM32F0xx_HAL_Driver/Src/stm32f0xx_hal_exti.c ****       regval &= ~(SYSCFG_EXTICR1_EXTI0 << (SYSCFG_EXTICR1_EXTI1_Pos * (linepos & 0x03u)));
 505              		.loc 1 352 39 view .LVU189
 506 004e 9B08     		lsrs	r3, r3, #2
 507              	.LVL34:
 352:Drivers/STM32F0xx_HAL_Driver/Src/stm32f0xx_hal_exti.c ****       regval &= ~(SYSCFG_EXTICR1_EXTI0 << (SYSCFG_EXTICR1_EXTI1_Pos * (linepos & 0x03u)));
 508              		.loc 1 352 39 view .LVU190
 509 0050 9B00     		lsls	r3, r3, #2
ARM GAS  C:\Users\mulwe\AppData\Local\Temp\ccJq8T0z.s 			page 17


 510 0052 5B18     		adds	r3, r3, r1
 352:Drivers/STM32F0xx_HAL_Driver/Src/stm32f0xx_hal_exti.c ****       regval &= ~(SYSCFG_EXTICR1_EXTI0 << (SYSCFG_EXTICR1_EXTI1_Pos * (linepos & 0x03u)));
 511              		.loc 1 352 14 view .LVU191
 512 0054 9968     		ldr	r1, [r3, #8]
 513              	.LVL35:
 353:Drivers/STM32F0xx_HAL_Driver/Src/stm32f0xx_hal_exti.c ****       SYSCFG->EXTICR[linepos >> 2u] = regval;
 514              		.loc 1 353 7 is_stmt 1 view .LVU192
 353:Drivers/STM32F0xx_HAL_Driver/Src/stm32f0xx_hal_exti.c ****       SYSCFG->EXTICR[linepos >> 2u] = regval;
 515              		.loc 1 353 14 is_stmt 0 view .LVU193
 516 0056 8143     		bics	r1, r0
 517              	.LVL36:
 354:Drivers/STM32F0xx_HAL_Driver/Src/stm32f0xx_hal_exti.c ****     }
 518              		.loc 1 354 7 is_stmt 1 view .LVU194
 354:Drivers/STM32F0xx_HAL_Driver/Src/stm32f0xx_hal_exti.c ****     }
 519              		.loc 1 354 37 is_stmt 0 view .LVU195
 520 0058 9960     		str	r1, [r3, #8]
 521 005a E4E7     		b	.L45
 522              	.L48:
 523              		.align	2
 524              	.L47:
 525 005c 00040140 		.word	1073808384
 526 0060 00000140 		.word	1073807360
 527              		.cfi_endproc
 528              	.LFE42:
 530              		.section	.text.HAL_EXTI_RegisterCallback,"ax",%progbits
 531              		.align	1
 532              		.global	HAL_EXTI_RegisterCallback
 533              		.syntax unified
 534              		.code	16
 535              		.thumb_func
 537              	HAL_EXTI_RegisterCallback:
 538              	.LVL37:
 539              	.LFB43:
 360:Drivers/STM32F0xx_HAL_Driver/Src/stm32f0xx_hal_exti.c **** 
 361:Drivers/STM32F0xx_HAL_Driver/Src/stm32f0xx_hal_exti.c **** /**
 362:Drivers/STM32F0xx_HAL_Driver/Src/stm32f0xx_hal_exti.c ****   * @brief  Register callback for a dedicated Exti line.
 363:Drivers/STM32F0xx_HAL_Driver/Src/stm32f0xx_hal_exti.c ****   * @param  hexti Exti handle.
 364:Drivers/STM32F0xx_HAL_Driver/Src/stm32f0xx_hal_exti.c ****   * @param  CallbackID User callback identifier.
 365:Drivers/STM32F0xx_HAL_Driver/Src/stm32f0xx_hal_exti.c ****   *         This parameter can be one of @arg @ref EXTI_CallbackIDTypeDef values.
 366:Drivers/STM32F0xx_HAL_Driver/Src/stm32f0xx_hal_exti.c ****   * @param  pPendingCbfn function pointer to be stored as callback.
 367:Drivers/STM32F0xx_HAL_Driver/Src/stm32f0xx_hal_exti.c ****   * @retval HAL Status.
 368:Drivers/STM32F0xx_HAL_Driver/Src/stm32f0xx_hal_exti.c ****   */
 369:Drivers/STM32F0xx_HAL_Driver/Src/stm32f0xx_hal_exti.c **** HAL_StatusTypeDef HAL_EXTI_RegisterCallback(EXTI_HandleTypeDef *hexti, EXTI_CallbackIDTypeDef Callb
 370:Drivers/STM32F0xx_HAL_Driver/Src/stm32f0xx_hal_exti.c **** {
 540              		.loc 1 370 1 is_stmt 1 view -0
 541              		.cfi_startproc
 542              		@ args = 0, pretend = 0, frame = 0
 543              		@ frame_needed = 0, uses_anonymous_args = 0
 544              		@ link register save eliminated.
 371:Drivers/STM32F0xx_HAL_Driver/Src/stm32f0xx_hal_exti.c ****   HAL_StatusTypeDef status = HAL_OK;
 545              		.loc 1 371 3 view .LVU197
 372:Drivers/STM32F0xx_HAL_Driver/Src/stm32f0xx_hal_exti.c **** 
 373:Drivers/STM32F0xx_HAL_Driver/Src/stm32f0xx_hal_exti.c ****   switch (CallbackID)
 546              		.loc 1 373 3 view .LVU198
 370:Drivers/STM32F0xx_HAL_Driver/Src/stm32f0xx_hal_exti.c ****   HAL_StatusTypeDef status = HAL_OK;
 547              		.loc 1 370 1 is_stmt 0 view .LVU199
 548 0000 0300     		movs	r3, r0
ARM GAS  C:\Users\mulwe\AppData\Local\Temp\ccJq8T0z.s 			page 18


 549 0002 081E     		subs	r0, r1, #0
 550              	.LVL38:
 551              		.loc 1 373 3 view .LVU200
 552 0004 01D1     		bne	.L51
 374:Drivers/STM32F0xx_HAL_Driver/Src/stm32f0xx_hal_exti.c ****   {
 375:Drivers/STM32F0xx_HAL_Driver/Src/stm32f0xx_hal_exti.c ****     case  HAL_EXTI_COMMON_CB_ID:
 376:Drivers/STM32F0xx_HAL_Driver/Src/stm32f0xx_hal_exti.c ****       hexti->PendingCallback = pPendingCbfn;
 553              		.loc 1 376 7 is_stmt 1 view .LVU201
 554              		.loc 1 376 30 is_stmt 0 view .LVU202
 555 0006 5A60     		str	r2, [r3, #4]
 377:Drivers/STM32F0xx_HAL_Driver/Src/stm32f0xx_hal_exti.c ****       break;
 556              		.loc 1 377 7 is_stmt 1 view .LVU203
 557              	.L50:
 558              	.LVL39:
 378:Drivers/STM32F0xx_HAL_Driver/Src/stm32f0xx_hal_exti.c **** 
 379:Drivers/STM32F0xx_HAL_Driver/Src/stm32f0xx_hal_exti.c ****     default:
 380:Drivers/STM32F0xx_HAL_Driver/Src/stm32f0xx_hal_exti.c ****       status = HAL_ERROR;
 381:Drivers/STM32F0xx_HAL_Driver/Src/stm32f0xx_hal_exti.c ****       break;
 382:Drivers/STM32F0xx_HAL_Driver/Src/stm32f0xx_hal_exti.c ****   }
 383:Drivers/STM32F0xx_HAL_Driver/Src/stm32f0xx_hal_exti.c **** 
 384:Drivers/STM32F0xx_HAL_Driver/Src/stm32f0xx_hal_exti.c ****   return status;
 559              		.loc 1 384 3 view .LVU204
 385:Drivers/STM32F0xx_HAL_Driver/Src/stm32f0xx_hal_exti.c **** }
 560              		.loc 1 385 1 is_stmt 0 view .LVU205
 561              		@ sp needed
 562 0008 7047     		bx	lr
 563              	.LVL40:
 564              	.L51:
 380:Drivers/STM32F0xx_HAL_Driver/Src/stm32f0xx_hal_exti.c ****       break;
 565              		.loc 1 380 14 view .LVU206
 566 000a 0120     		movs	r0, #1
 567 000c FCE7     		b	.L50
 568              		.cfi_endproc
 569              	.LFE43:
 571              		.section	.text.HAL_EXTI_GetHandle,"ax",%progbits
 572              		.align	1
 573              		.global	HAL_EXTI_GetHandle
 574              		.syntax unified
 575              		.code	16
 576              		.thumb_func
 578              	HAL_EXTI_GetHandle:
 579              	.LVL41:
 580              	.LFB44:
 386:Drivers/STM32F0xx_HAL_Driver/Src/stm32f0xx_hal_exti.c **** 
 387:Drivers/STM32F0xx_HAL_Driver/Src/stm32f0xx_hal_exti.c **** /**
 388:Drivers/STM32F0xx_HAL_Driver/Src/stm32f0xx_hal_exti.c ****   * @brief  Store line number as handle private field.
 389:Drivers/STM32F0xx_HAL_Driver/Src/stm32f0xx_hal_exti.c ****   * @param  hexti Exti handle.
 390:Drivers/STM32F0xx_HAL_Driver/Src/stm32f0xx_hal_exti.c ****   * @param  ExtiLine Exti line number.
 391:Drivers/STM32F0xx_HAL_Driver/Src/stm32f0xx_hal_exti.c ****   *         This parameter can be from 0 to @ref EXTI_LINE_NB.
 392:Drivers/STM32F0xx_HAL_Driver/Src/stm32f0xx_hal_exti.c ****   * @retval HAL Status.
 393:Drivers/STM32F0xx_HAL_Driver/Src/stm32f0xx_hal_exti.c ****   */
 394:Drivers/STM32F0xx_HAL_Driver/Src/stm32f0xx_hal_exti.c **** HAL_StatusTypeDef HAL_EXTI_GetHandle(EXTI_HandleTypeDef *hexti, uint32_t ExtiLine)
 395:Drivers/STM32F0xx_HAL_Driver/Src/stm32f0xx_hal_exti.c **** {
 581              		.loc 1 395 1 is_stmt 1 view -0
 582              		.cfi_startproc
 583              		@ args = 0, pretend = 0, frame = 0
 584              		@ frame_needed = 0, uses_anonymous_args = 0
ARM GAS  C:\Users\mulwe\AppData\Local\Temp\ccJq8T0z.s 			page 19


 585              		@ link register save eliminated.
 396:Drivers/STM32F0xx_HAL_Driver/Src/stm32f0xx_hal_exti.c ****   /* Check the parameters */
 397:Drivers/STM32F0xx_HAL_Driver/Src/stm32f0xx_hal_exti.c ****   assert_param(IS_EXTI_LINE(ExtiLine));
 586              		.loc 1 397 3 view .LVU208
 398:Drivers/STM32F0xx_HAL_Driver/Src/stm32f0xx_hal_exti.c **** 
 399:Drivers/STM32F0xx_HAL_Driver/Src/stm32f0xx_hal_exti.c ****   /* Check null pointer */
 400:Drivers/STM32F0xx_HAL_Driver/Src/stm32f0xx_hal_exti.c ****   if (hexti == NULL)
 587              		.loc 1 400 3 view .LVU209
 395:Drivers/STM32F0xx_HAL_Driver/Src/stm32f0xx_hal_exti.c ****   /* Check the parameters */
 588              		.loc 1 395 1 is_stmt 0 view .LVU210
 589 0000 0300     		movs	r3, r0
 401:Drivers/STM32F0xx_HAL_Driver/Src/stm32f0xx_hal_exti.c ****   {
 402:Drivers/STM32F0xx_HAL_Driver/Src/stm32f0xx_hal_exti.c ****     return HAL_ERROR;
 590              		.loc 1 402 12 view .LVU211
 591 0002 0120     		movs	r0, #1
 592              	.LVL42:
 400:Drivers/STM32F0xx_HAL_Driver/Src/stm32f0xx_hal_exti.c ****   {
 593              		.loc 1 400 6 view .LVU212
 594 0004 002B     		cmp	r3, #0
 595 0006 01D0     		beq	.L53
 403:Drivers/STM32F0xx_HAL_Driver/Src/stm32f0xx_hal_exti.c ****   }
 404:Drivers/STM32F0xx_HAL_Driver/Src/stm32f0xx_hal_exti.c ****   else
 405:Drivers/STM32F0xx_HAL_Driver/Src/stm32f0xx_hal_exti.c ****   {
 406:Drivers/STM32F0xx_HAL_Driver/Src/stm32f0xx_hal_exti.c ****     /* Store line number as handle private field */
 407:Drivers/STM32F0xx_HAL_Driver/Src/stm32f0xx_hal_exti.c ****     hexti->Line = ExtiLine;
 596              		.loc 1 407 5 is_stmt 1 view .LVU213
 408:Drivers/STM32F0xx_HAL_Driver/Src/stm32f0xx_hal_exti.c **** 
 409:Drivers/STM32F0xx_HAL_Driver/Src/stm32f0xx_hal_exti.c ****     return HAL_OK;
 597              		.loc 1 409 12 is_stmt 0 view .LVU214
 598 0008 0020     		movs	r0, #0
 407:Drivers/STM32F0xx_HAL_Driver/Src/stm32f0xx_hal_exti.c **** 
 599              		.loc 1 407 17 view .LVU215
 600 000a 1960     		str	r1, [r3]
 601              		.loc 1 409 5 is_stmt 1 view .LVU216
 602              	.L53:
 410:Drivers/STM32F0xx_HAL_Driver/Src/stm32f0xx_hal_exti.c ****   }
 411:Drivers/STM32F0xx_HAL_Driver/Src/stm32f0xx_hal_exti.c **** }
 603              		.loc 1 411 1 is_stmt 0 view .LVU217
 604              		@ sp needed
 605 000c 7047     		bx	lr
 606              		.cfi_endproc
 607              	.LFE44:
 609              		.section	.text.HAL_EXTI_IRQHandler,"ax",%progbits
 610              		.align	1
 611              		.global	HAL_EXTI_IRQHandler
 612              		.syntax unified
 613              		.code	16
 614              		.thumb_func
 616              	HAL_EXTI_IRQHandler:
 617              	.LVL43:
 618              	.LFB45:
 412:Drivers/STM32F0xx_HAL_Driver/Src/stm32f0xx_hal_exti.c **** 
 413:Drivers/STM32F0xx_HAL_Driver/Src/stm32f0xx_hal_exti.c **** /**
 414:Drivers/STM32F0xx_HAL_Driver/Src/stm32f0xx_hal_exti.c ****   * @}
 415:Drivers/STM32F0xx_HAL_Driver/Src/stm32f0xx_hal_exti.c ****   */
 416:Drivers/STM32F0xx_HAL_Driver/Src/stm32f0xx_hal_exti.c **** 
 417:Drivers/STM32F0xx_HAL_Driver/Src/stm32f0xx_hal_exti.c **** /** @addtogroup EXTI_Exported_Functions_Group2
ARM GAS  C:\Users\mulwe\AppData\Local\Temp\ccJq8T0z.s 			page 20


 418:Drivers/STM32F0xx_HAL_Driver/Src/stm32f0xx_hal_exti.c ****   *  @brief EXTI IO functions.
 419:Drivers/STM32F0xx_HAL_Driver/Src/stm32f0xx_hal_exti.c ****   *
 420:Drivers/STM32F0xx_HAL_Driver/Src/stm32f0xx_hal_exti.c **** @verbatim
 421:Drivers/STM32F0xx_HAL_Driver/Src/stm32f0xx_hal_exti.c ****  ===============================================================================
 422:Drivers/STM32F0xx_HAL_Driver/Src/stm32f0xx_hal_exti.c ****                        ##### IO operation functions #####
 423:Drivers/STM32F0xx_HAL_Driver/Src/stm32f0xx_hal_exti.c ****  ===============================================================================
 424:Drivers/STM32F0xx_HAL_Driver/Src/stm32f0xx_hal_exti.c **** 
 425:Drivers/STM32F0xx_HAL_Driver/Src/stm32f0xx_hal_exti.c **** @endverbatim
 426:Drivers/STM32F0xx_HAL_Driver/Src/stm32f0xx_hal_exti.c ****   * @{
 427:Drivers/STM32F0xx_HAL_Driver/Src/stm32f0xx_hal_exti.c ****   */
 428:Drivers/STM32F0xx_HAL_Driver/Src/stm32f0xx_hal_exti.c **** 
 429:Drivers/STM32F0xx_HAL_Driver/Src/stm32f0xx_hal_exti.c **** /**
 430:Drivers/STM32F0xx_HAL_Driver/Src/stm32f0xx_hal_exti.c ****   * @brief  Handle EXTI interrupt request.
 431:Drivers/STM32F0xx_HAL_Driver/Src/stm32f0xx_hal_exti.c ****   * @param  hexti Exti handle.
 432:Drivers/STM32F0xx_HAL_Driver/Src/stm32f0xx_hal_exti.c ****   * @retval none.
 433:Drivers/STM32F0xx_HAL_Driver/Src/stm32f0xx_hal_exti.c ****   */
 434:Drivers/STM32F0xx_HAL_Driver/Src/stm32f0xx_hal_exti.c **** void HAL_EXTI_IRQHandler(EXTI_HandleTypeDef *hexti)
 435:Drivers/STM32F0xx_HAL_Driver/Src/stm32f0xx_hal_exti.c **** {
 619              		.loc 1 435 1 is_stmt 1 view -0
 620              		.cfi_startproc
 621              		@ args = 0, pretend = 0, frame = 0
 622              		@ frame_needed = 0, uses_anonymous_args = 0
 436:Drivers/STM32F0xx_HAL_Driver/Src/stm32f0xx_hal_exti.c ****   uint32_t regval;
 623              		.loc 1 436 3 view .LVU219
 437:Drivers/STM32F0xx_HAL_Driver/Src/stm32f0xx_hal_exti.c ****   uint32_t maskline;
 624              		.loc 1 437 3 view .LVU220
 438:Drivers/STM32F0xx_HAL_Driver/Src/stm32f0xx_hal_exti.c **** 
 439:Drivers/STM32F0xx_HAL_Driver/Src/stm32f0xx_hal_exti.c ****   /* Compute line mask */
 440:Drivers/STM32F0xx_HAL_Driver/Src/stm32f0xx_hal_exti.c ****   maskline = (1uL << (hexti->Line & EXTI_PIN_MASK));
 625              		.loc 1 440 3 view .LVU221
 626              		.loc 1 440 35 is_stmt 0 view .LVU222
 627 0000 1F23     		movs	r3, #31
 628 0002 0268     		ldr	r2, [r0]
 435:Drivers/STM32F0xx_HAL_Driver/Src/stm32f0xx_hal_exti.c ****   uint32_t regval;
 629              		.loc 1 435 1 view .LVU223
 630 0004 10B5     		push	{r4, lr}
 631              	.LCFI3:
 632              		.cfi_def_cfa_offset 8
 633              		.cfi_offset 4, -8
 634              		.cfi_offset 14, -4
 635              		.loc 1 440 35 view .LVU224
 636 0006 1A40     		ands	r2, r3
 637              		.loc 1 440 12 view .LVU225
 638 0008 1E3B     		subs	r3, r3, #30
 639 000a 9340     		lsls	r3, r3, r2
 640              	.LVL44:
 441:Drivers/STM32F0xx_HAL_Driver/Src/stm32f0xx_hal_exti.c **** 
 442:Drivers/STM32F0xx_HAL_Driver/Src/stm32f0xx_hal_exti.c ****   /* Get pending bit  */
 443:Drivers/STM32F0xx_HAL_Driver/Src/stm32f0xx_hal_exti.c ****   regval = (EXTI->PR & maskline);
 641              		.loc 1 443 3 is_stmt 1 view .LVU226
 642              		.loc 1 443 17 is_stmt 0 view .LVU227
 643 000c 044A     		ldr	r2, .L62
 644 000e 5169     		ldr	r1, [r2, #20]
 645              	.LVL45:
 444:Drivers/STM32F0xx_HAL_Driver/Src/stm32f0xx_hal_exti.c ****   if (regval != 0x00u)
 646              		.loc 1 444 3 is_stmt 1 view .LVU228
 647              		.loc 1 444 6 is_stmt 0 view .LVU229
ARM GAS  C:\Users\mulwe\AppData\Local\Temp\ccJq8T0z.s 			page 21


 648 0010 0B42     		tst	r3, r1
 649 0012 04D0     		beq	.L55
 445:Drivers/STM32F0xx_HAL_Driver/Src/stm32f0xx_hal_exti.c ****   {
 446:Drivers/STM32F0xx_HAL_Driver/Src/stm32f0xx_hal_exti.c ****     /* Clear pending bit */
 447:Drivers/STM32F0xx_HAL_Driver/Src/stm32f0xx_hal_exti.c ****     EXTI->PR = maskline;
 650              		.loc 1 447 5 is_stmt 1 view .LVU230
 651              		.loc 1 447 14 is_stmt 0 view .LVU231
 652 0014 5361     		str	r3, [r2, #20]
 448:Drivers/STM32F0xx_HAL_Driver/Src/stm32f0xx_hal_exti.c **** 
 449:Drivers/STM32F0xx_HAL_Driver/Src/stm32f0xx_hal_exti.c ****     /* Call callback */
 450:Drivers/STM32F0xx_HAL_Driver/Src/stm32f0xx_hal_exti.c ****     if (hexti->PendingCallback != NULL)
 653              		.loc 1 450 5 is_stmt 1 view .LVU232
 654              		.loc 1 450 14 is_stmt 0 view .LVU233
 655 0016 4368     		ldr	r3, [r0, #4]
 656              	.LVL46:
 657              		.loc 1 450 8 view .LVU234
 658 0018 002B     		cmp	r3, #0
 659 001a 00D0     		beq	.L55
 451:Drivers/STM32F0xx_HAL_Driver/Src/stm32f0xx_hal_exti.c ****     {
 452:Drivers/STM32F0xx_HAL_Driver/Src/stm32f0xx_hal_exti.c ****       hexti->PendingCallback();
 660              		.loc 1 452 7 is_stmt 1 view .LVU235
 661 001c 9847     		blx	r3
 662              	.LVL47:
 663              	.L55:
 453:Drivers/STM32F0xx_HAL_Driver/Src/stm32f0xx_hal_exti.c ****     }
 454:Drivers/STM32F0xx_HAL_Driver/Src/stm32f0xx_hal_exti.c ****   }
 455:Drivers/STM32F0xx_HAL_Driver/Src/stm32f0xx_hal_exti.c **** }
 664              		.loc 1 455 1 is_stmt 0 view .LVU236
 665              		@ sp needed
 666 001e 10BD     		pop	{r4, pc}
 667              	.L63:
 668              		.align	2
 669              	.L62:
 670 0020 00040140 		.word	1073808384
 671              		.cfi_endproc
 672              	.LFE45:
 674              		.section	.text.HAL_EXTI_GetPending,"ax",%progbits
 675              		.align	1
 676              		.global	HAL_EXTI_GetPending
 677              		.syntax unified
 678              		.code	16
 679              		.thumb_func
 681              	HAL_EXTI_GetPending:
 682              	.LVL48:
 683              	.LFB46:
 456:Drivers/STM32F0xx_HAL_Driver/Src/stm32f0xx_hal_exti.c **** 
 457:Drivers/STM32F0xx_HAL_Driver/Src/stm32f0xx_hal_exti.c **** /**
 458:Drivers/STM32F0xx_HAL_Driver/Src/stm32f0xx_hal_exti.c ****   * @brief  Get interrupt pending bit of a dedicated line.
 459:Drivers/STM32F0xx_HAL_Driver/Src/stm32f0xx_hal_exti.c ****   * @param  hexti Exti handle.
 460:Drivers/STM32F0xx_HAL_Driver/Src/stm32f0xx_hal_exti.c ****   * @param  Edge Specify which pending edge as to be checked.
 461:Drivers/STM32F0xx_HAL_Driver/Src/stm32f0xx_hal_exti.c ****   *         This parameter can be one of the following values:
 462:Drivers/STM32F0xx_HAL_Driver/Src/stm32f0xx_hal_exti.c ****   *           @arg @ref EXTI_TRIGGER_RISING_FALLING
 463:Drivers/STM32F0xx_HAL_Driver/Src/stm32f0xx_hal_exti.c ****   *         This parameter is kept for compatibility with other series.
 464:Drivers/STM32F0xx_HAL_Driver/Src/stm32f0xx_hal_exti.c ****   * @retval 1 if interrupt is pending else 0.
 465:Drivers/STM32F0xx_HAL_Driver/Src/stm32f0xx_hal_exti.c ****   */
 466:Drivers/STM32F0xx_HAL_Driver/Src/stm32f0xx_hal_exti.c **** uint32_t HAL_EXTI_GetPending(EXTI_HandleTypeDef *hexti, uint32_t Edge)
 467:Drivers/STM32F0xx_HAL_Driver/Src/stm32f0xx_hal_exti.c **** {
ARM GAS  C:\Users\mulwe\AppData\Local\Temp\ccJq8T0z.s 			page 22


 684              		.loc 1 467 1 is_stmt 1 view -0
 685              		.cfi_startproc
 686              		@ args = 0, pretend = 0, frame = 0
 687              		@ frame_needed = 0, uses_anonymous_args = 0
 688              		@ link register save eliminated.
 468:Drivers/STM32F0xx_HAL_Driver/Src/stm32f0xx_hal_exti.c ****   uint32_t regval;
 689              		.loc 1 468 3 view .LVU238
 469:Drivers/STM32F0xx_HAL_Driver/Src/stm32f0xx_hal_exti.c ****   uint32_t linepos;
 690              		.loc 1 469 3 view .LVU239
 470:Drivers/STM32F0xx_HAL_Driver/Src/stm32f0xx_hal_exti.c ****   uint32_t maskline;
 691              		.loc 1 470 3 view .LVU240
 471:Drivers/STM32F0xx_HAL_Driver/Src/stm32f0xx_hal_exti.c **** 
 472:Drivers/STM32F0xx_HAL_Driver/Src/stm32f0xx_hal_exti.c ****   /* Check parameters */
 473:Drivers/STM32F0xx_HAL_Driver/Src/stm32f0xx_hal_exti.c ****   assert_param(IS_EXTI_LINE(hexti->Line));
 692              		.loc 1 473 3 view .LVU241
 474:Drivers/STM32F0xx_HAL_Driver/Src/stm32f0xx_hal_exti.c ****   assert_param(IS_EXTI_CONFIG_LINE(hexti->Line));
 693              		.loc 1 474 3 view .LVU242
 475:Drivers/STM32F0xx_HAL_Driver/Src/stm32f0xx_hal_exti.c ****   assert_param(IS_EXTI_PENDING_EDGE(Edge));
 694              		.loc 1 475 3 view .LVU243
 476:Drivers/STM32F0xx_HAL_Driver/Src/stm32f0xx_hal_exti.c **** 
 477:Drivers/STM32F0xx_HAL_Driver/Src/stm32f0xx_hal_exti.c ****   /* Compute line mask */
 478:Drivers/STM32F0xx_HAL_Driver/Src/stm32f0xx_hal_exti.c ****   linepos = (hexti->Line & EXTI_PIN_MASK);
 695              		.loc 1 478 3 view .LVU244
 696              		.loc 1 478 11 is_stmt 0 view .LVU245
 697 0000 1F22     		movs	r2, #31
 479:Drivers/STM32F0xx_HAL_Driver/Src/stm32f0xx_hal_exti.c ****   maskline = (1uL << linepos);
 480:Drivers/STM32F0xx_HAL_Driver/Src/stm32f0xx_hal_exti.c **** 
 481:Drivers/STM32F0xx_HAL_Driver/Src/stm32f0xx_hal_exti.c ****   /* return 1 if bit is set else 0 */
 482:Drivers/STM32F0xx_HAL_Driver/Src/stm32f0xx_hal_exti.c ****   regval = ((EXTI->PR & maskline) >> linepos);
 483:Drivers/STM32F0xx_HAL_Driver/Src/stm32f0xx_hal_exti.c ****   return regval;
 484:Drivers/STM32F0xx_HAL_Driver/Src/stm32f0xx_hal_exti.c **** }
 698              		.loc 1 484 1 view .LVU246
 699              		@ sp needed
 478:Drivers/STM32F0xx_HAL_Driver/Src/stm32f0xx_hal_exti.c ****   maskline = (1uL << linepos);
 700              		.loc 1 478 11 view .LVU247
 701 0002 0368     		ldr	r3, [r0]
 702 0004 1340     		ands	r3, r2
 703              	.LVL49:
 479:Drivers/STM32F0xx_HAL_Driver/Src/stm32f0xx_hal_exti.c ****   maskline = (1uL << linepos);
 704              		.loc 1 479 3 is_stmt 1 view .LVU248
 482:Drivers/STM32F0xx_HAL_Driver/Src/stm32f0xx_hal_exti.c ****   return regval;
 705              		.loc 1 482 3 view .LVU249
 482:Drivers/STM32F0xx_HAL_Driver/Src/stm32f0xx_hal_exti.c ****   return regval;
 706              		.loc 1 482 18 is_stmt 0 view .LVU250
 707 0006 034A     		ldr	r2, .L65
 708 0008 5069     		ldr	r0, [r2, #20]
 709              	.LVL50:
 483:Drivers/STM32F0xx_HAL_Driver/Src/stm32f0xx_hal_exti.c **** }
 710              		.loc 1 483 3 is_stmt 1 view .LVU251
 479:Drivers/STM32F0xx_HAL_Driver/Src/stm32f0xx_hal_exti.c **** 
 711              		.loc 1 479 12 is_stmt 0 view .LVU252
 712 000a 0122     		movs	r2, #1
 713 000c 9A40     		lsls	r2, r2, r3
 714              	.LVL51:
 482:Drivers/STM32F0xx_HAL_Driver/Src/stm32f0xx_hal_exti.c ****   return regval;
 715              		.loc 1 482 23 view .LVU253
 716 000e 1040     		ands	r0, r2
ARM GAS  C:\Users\mulwe\AppData\Local\Temp\ccJq8T0z.s 			page 23


 717              	.LVL52:
 482:Drivers/STM32F0xx_HAL_Driver/Src/stm32f0xx_hal_exti.c ****   return regval;
 718              		.loc 1 482 10 view .LVU254
 719 0010 D840     		lsrs	r0, r0, r3
 720              	.LVL53:
 721              		.loc 1 484 1 view .LVU255
 722 0012 7047     		bx	lr
 723              	.L66:
 724              		.align	2
 725              	.L65:
 726 0014 00040140 		.word	1073808384
 727              		.cfi_endproc
 728              	.LFE46:
 730              		.section	.text.HAL_EXTI_ClearPending,"ax",%progbits
 731              		.align	1
 732              		.global	HAL_EXTI_ClearPending
 733              		.syntax unified
 734              		.code	16
 735              		.thumb_func
 737              	HAL_EXTI_ClearPending:
 738              	.LVL54:
 739              	.LFB47:
 485:Drivers/STM32F0xx_HAL_Driver/Src/stm32f0xx_hal_exti.c **** 
 486:Drivers/STM32F0xx_HAL_Driver/Src/stm32f0xx_hal_exti.c **** /**
 487:Drivers/STM32F0xx_HAL_Driver/Src/stm32f0xx_hal_exti.c ****   * @brief  Clear interrupt pending bit of a dedicated line.
 488:Drivers/STM32F0xx_HAL_Driver/Src/stm32f0xx_hal_exti.c ****   * @param  hexti Exti handle.
 489:Drivers/STM32F0xx_HAL_Driver/Src/stm32f0xx_hal_exti.c ****   * @param  Edge Specify which pending edge as to be clear.
 490:Drivers/STM32F0xx_HAL_Driver/Src/stm32f0xx_hal_exti.c ****   *         This parameter can be one of the following values:
 491:Drivers/STM32F0xx_HAL_Driver/Src/stm32f0xx_hal_exti.c ****   *           @arg @ref EXTI_TRIGGER_RISING_FALLING
 492:Drivers/STM32F0xx_HAL_Driver/Src/stm32f0xx_hal_exti.c ****   *         This parameter is kept for compatibility with other series.
 493:Drivers/STM32F0xx_HAL_Driver/Src/stm32f0xx_hal_exti.c ****   * @retval None.
 494:Drivers/STM32F0xx_HAL_Driver/Src/stm32f0xx_hal_exti.c ****   */
 495:Drivers/STM32F0xx_HAL_Driver/Src/stm32f0xx_hal_exti.c **** void HAL_EXTI_ClearPending(EXTI_HandleTypeDef *hexti, uint32_t Edge)
 496:Drivers/STM32F0xx_HAL_Driver/Src/stm32f0xx_hal_exti.c **** {
 740              		.loc 1 496 1 is_stmt 1 view -0
 741              		.cfi_startproc
 742              		@ args = 0, pretend = 0, frame = 0
 743              		@ frame_needed = 0, uses_anonymous_args = 0
 744              		@ link register save eliminated.
 497:Drivers/STM32F0xx_HAL_Driver/Src/stm32f0xx_hal_exti.c ****   uint32_t maskline;
 745              		.loc 1 497 3 view .LVU257
 498:Drivers/STM32F0xx_HAL_Driver/Src/stm32f0xx_hal_exti.c **** 
 499:Drivers/STM32F0xx_HAL_Driver/Src/stm32f0xx_hal_exti.c ****   /* Check parameters */
 500:Drivers/STM32F0xx_HAL_Driver/Src/stm32f0xx_hal_exti.c ****   assert_param(IS_EXTI_LINE(hexti->Line));
 746              		.loc 1 500 3 view .LVU258
 501:Drivers/STM32F0xx_HAL_Driver/Src/stm32f0xx_hal_exti.c ****   assert_param(IS_EXTI_CONFIG_LINE(hexti->Line));
 747              		.loc 1 501 3 view .LVU259
 502:Drivers/STM32F0xx_HAL_Driver/Src/stm32f0xx_hal_exti.c ****   assert_param(IS_EXTI_PENDING_EDGE(Edge));
 748              		.loc 1 502 3 view .LVU260
 503:Drivers/STM32F0xx_HAL_Driver/Src/stm32f0xx_hal_exti.c **** 
 504:Drivers/STM32F0xx_HAL_Driver/Src/stm32f0xx_hal_exti.c ****   /* Compute line mask */
 505:Drivers/STM32F0xx_HAL_Driver/Src/stm32f0xx_hal_exti.c ****   maskline = (1uL << (hexti->Line & EXTI_PIN_MASK));
 749              		.loc 1 505 3 view .LVU261
 750              		.loc 1 505 35 is_stmt 0 view .LVU262
 751 0000 1F23     		movs	r3, #31
 506:Drivers/STM32F0xx_HAL_Driver/Src/stm32f0xx_hal_exti.c **** 
 507:Drivers/STM32F0xx_HAL_Driver/Src/stm32f0xx_hal_exti.c ****   /* Clear Pending bit */
ARM GAS  C:\Users\mulwe\AppData\Local\Temp\ccJq8T0z.s 			page 24


 508:Drivers/STM32F0xx_HAL_Driver/Src/stm32f0xx_hal_exti.c ****   EXTI->PR =  maskline;
 509:Drivers/STM32F0xx_HAL_Driver/Src/stm32f0xx_hal_exti.c **** }
 752              		.loc 1 509 1 view .LVU263
 753              		@ sp needed
 505:Drivers/STM32F0xx_HAL_Driver/Src/stm32f0xx_hal_exti.c **** 
 754              		.loc 1 505 35 view .LVU264
 755 0002 0268     		ldr	r2, [r0]
 756 0004 1A40     		ands	r2, r3
 505:Drivers/STM32F0xx_HAL_Driver/Src/stm32f0xx_hal_exti.c **** 
 757              		.loc 1 505 12 view .LVU265
 758 0006 1E3B     		subs	r3, r3, #30
 759 0008 9340     		lsls	r3, r3, r2
 760              	.LVL55:
 508:Drivers/STM32F0xx_HAL_Driver/Src/stm32f0xx_hal_exti.c **** }
 761              		.loc 1 508 3 is_stmt 1 view .LVU266
 508:Drivers/STM32F0xx_HAL_Driver/Src/stm32f0xx_hal_exti.c **** }
 762              		.loc 1 508 12 is_stmt 0 view .LVU267
 763 000a 014A     		ldr	r2, .L68
 764 000c 5361     		str	r3, [r2, #20]
 765              		.loc 1 509 1 view .LVU268
 766 000e 7047     		bx	lr
 767              	.L69:
 768              		.align	2
 769              	.L68:
 770 0010 00040140 		.word	1073808384
 771              		.cfi_endproc
 772              	.LFE47:
 774              		.section	.text.HAL_EXTI_GenerateSWI,"ax",%progbits
 775              		.align	1
 776              		.global	HAL_EXTI_GenerateSWI
 777              		.syntax unified
 778              		.code	16
 779              		.thumb_func
 781              	HAL_EXTI_GenerateSWI:
 782              	.LVL56:
 783              	.LFB48:
 510:Drivers/STM32F0xx_HAL_Driver/Src/stm32f0xx_hal_exti.c **** 
 511:Drivers/STM32F0xx_HAL_Driver/Src/stm32f0xx_hal_exti.c **** /**
 512:Drivers/STM32F0xx_HAL_Driver/Src/stm32f0xx_hal_exti.c ****   * @brief  Generate a software interrupt for a dedicated line.
 513:Drivers/STM32F0xx_HAL_Driver/Src/stm32f0xx_hal_exti.c ****   * @param  hexti Exti handle.
 514:Drivers/STM32F0xx_HAL_Driver/Src/stm32f0xx_hal_exti.c ****   * @retval None.
 515:Drivers/STM32F0xx_HAL_Driver/Src/stm32f0xx_hal_exti.c ****   */
 516:Drivers/STM32F0xx_HAL_Driver/Src/stm32f0xx_hal_exti.c **** void HAL_EXTI_GenerateSWI(EXTI_HandleTypeDef *hexti)
 517:Drivers/STM32F0xx_HAL_Driver/Src/stm32f0xx_hal_exti.c **** {
 784              		.loc 1 517 1 is_stmt 1 view -0
 785              		.cfi_startproc
 786              		@ args = 0, pretend = 0, frame = 0
 787              		@ frame_needed = 0, uses_anonymous_args = 0
 788              		@ link register save eliminated.
 518:Drivers/STM32F0xx_HAL_Driver/Src/stm32f0xx_hal_exti.c ****   uint32_t maskline;
 789              		.loc 1 518 3 view .LVU270
 519:Drivers/STM32F0xx_HAL_Driver/Src/stm32f0xx_hal_exti.c **** 
 520:Drivers/STM32F0xx_HAL_Driver/Src/stm32f0xx_hal_exti.c ****   /* Check parameters */
 521:Drivers/STM32F0xx_HAL_Driver/Src/stm32f0xx_hal_exti.c ****   assert_param(IS_EXTI_LINE(hexti->Line));
 790              		.loc 1 521 3 view .LVU271
 522:Drivers/STM32F0xx_HAL_Driver/Src/stm32f0xx_hal_exti.c ****   assert_param(IS_EXTI_CONFIG_LINE(hexti->Line));
 791              		.loc 1 522 3 view .LVU272
ARM GAS  C:\Users\mulwe\AppData\Local\Temp\ccJq8T0z.s 			page 25


 523:Drivers/STM32F0xx_HAL_Driver/Src/stm32f0xx_hal_exti.c **** 
 524:Drivers/STM32F0xx_HAL_Driver/Src/stm32f0xx_hal_exti.c ****   /* Compute line mask */
 525:Drivers/STM32F0xx_HAL_Driver/Src/stm32f0xx_hal_exti.c ****   maskline = (1uL << (hexti->Line & EXTI_PIN_MASK));
 792              		.loc 1 525 3 view .LVU273
 793              		.loc 1 525 35 is_stmt 0 view .LVU274
 794 0000 1F23     		movs	r3, #31
 526:Drivers/STM32F0xx_HAL_Driver/Src/stm32f0xx_hal_exti.c **** 
 527:Drivers/STM32F0xx_HAL_Driver/Src/stm32f0xx_hal_exti.c ****   /* Generate Software interrupt */
 528:Drivers/STM32F0xx_HAL_Driver/Src/stm32f0xx_hal_exti.c ****   EXTI->SWIER = maskline;
 529:Drivers/STM32F0xx_HAL_Driver/Src/stm32f0xx_hal_exti.c **** }
 795              		.loc 1 529 1 view .LVU275
 796              		@ sp needed
 525:Drivers/STM32F0xx_HAL_Driver/Src/stm32f0xx_hal_exti.c **** 
 797              		.loc 1 525 35 view .LVU276
 798 0002 0268     		ldr	r2, [r0]
 799 0004 1A40     		ands	r2, r3
 525:Drivers/STM32F0xx_HAL_Driver/Src/stm32f0xx_hal_exti.c **** 
 800              		.loc 1 525 12 view .LVU277
 801 0006 1E3B     		subs	r3, r3, #30
 802 0008 9340     		lsls	r3, r3, r2
 803              	.LVL57:
 528:Drivers/STM32F0xx_HAL_Driver/Src/stm32f0xx_hal_exti.c **** }
 804              		.loc 1 528 3 is_stmt 1 view .LVU278
 528:Drivers/STM32F0xx_HAL_Driver/Src/stm32f0xx_hal_exti.c **** }
 805              		.loc 1 528 15 is_stmt 0 view .LVU279
 806 000a 014A     		ldr	r2, .L71
 807 000c 1361     		str	r3, [r2, #16]
 808              		.loc 1 529 1 view .LVU280
 809 000e 7047     		bx	lr
 810              	.L72:
 811              		.align	2
 812              	.L71:
 813 0010 00040140 		.word	1073808384
 814              		.cfi_endproc
 815              	.LFE48:
 817              		.text
 818              	.Letext0:
 819              		.file 2 "C:\\ST\\STM32CubeIDE_1.19.0\\STM32CubeIDE\\plugins\\com.st.stm32cube.ide.mcu.externaltool
 820              		.file 3 "C:\\ST\\STM32CubeIDE_1.19.0\\STM32CubeIDE\\plugins\\com.st.stm32cube.ide.mcu.externaltool
 821              		.file 4 "Drivers/CMSIS/Device/ST/STM32F0xx/Include/stm32f051x8.h"
 822              		.file 5 "Drivers/STM32F0xx_HAL_Driver/Inc/stm32f0xx_hal_def.h"
 823              		.file 6 "Drivers/STM32F0xx_HAL_Driver/Inc/stm32f0xx_hal_exti.h"
ARM GAS  C:\Users\mulwe\AppData\Local\Temp\ccJq8T0z.s 			page 26


DEFINED SYMBOLS
                            *ABS*:00000000 stm32f0xx_hal_exti.c
C:\Users\mulwe\AppData\Local\Temp\ccJq8T0z.s:19     .text.HAL_EXTI_SetConfigLine:00000000 $t
C:\Users\mulwe\AppData\Local\Temp\ccJq8T0z.s:25     .text.HAL_EXTI_SetConfigLine:00000000 HAL_EXTI_SetConfigLine
C:\Users\mulwe\AppData\Local\Temp\ccJq8T0z.s:222    .text.HAL_EXTI_SetConfigLine:00000094 $d
C:\Users\mulwe\AppData\Local\Temp\ccJq8T0z.s:228    .text.HAL_EXTI_GetConfigLine:00000000 $t
C:\Users\mulwe\AppData\Local\Temp\ccJq8T0z.s:234    .text.HAL_EXTI_GetConfigLine:00000000 HAL_EXTI_GetConfigLine
C:\Users\mulwe\AppData\Local\Temp\ccJq8T0z.s:387    .text.HAL_EXTI_GetConfigLine:0000007c $d
C:\Users\mulwe\AppData\Local\Temp\ccJq8T0z.s:393    .text.HAL_EXTI_ClearConfigLine:00000000 $t
C:\Users\mulwe\AppData\Local\Temp\ccJq8T0z.s:399    .text.HAL_EXTI_ClearConfigLine:00000000 HAL_EXTI_ClearConfigLine
C:\Users\mulwe\AppData\Local\Temp\ccJq8T0z.s:525    .text.HAL_EXTI_ClearConfigLine:0000005c $d
C:\Users\mulwe\AppData\Local\Temp\ccJq8T0z.s:531    .text.HAL_EXTI_RegisterCallback:00000000 $t
C:\Users\mulwe\AppData\Local\Temp\ccJq8T0z.s:537    .text.HAL_EXTI_RegisterCallback:00000000 HAL_EXTI_RegisterCallback
C:\Users\mulwe\AppData\Local\Temp\ccJq8T0z.s:572    .text.HAL_EXTI_GetHandle:00000000 $t
C:\Users\mulwe\AppData\Local\Temp\ccJq8T0z.s:578    .text.HAL_EXTI_GetHandle:00000000 HAL_EXTI_GetHandle
C:\Users\mulwe\AppData\Local\Temp\ccJq8T0z.s:610    .text.HAL_EXTI_IRQHandler:00000000 $t
C:\Users\mulwe\AppData\Local\Temp\ccJq8T0z.s:616    .text.HAL_EXTI_IRQHandler:00000000 HAL_EXTI_IRQHandler
C:\Users\mulwe\AppData\Local\Temp\ccJq8T0z.s:670    .text.HAL_EXTI_IRQHandler:00000020 $d
C:\Users\mulwe\AppData\Local\Temp\ccJq8T0z.s:675    .text.HAL_EXTI_GetPending:00000000 $t
C:\Users\mulwe\AppData\Local\Temp\ccJq8T0z.s:681    .text.HAL_EXTI_GetPending:00000000 HAL_EXTI_GetPending
C:\Users\mulwe\AppData\Local\Temp\ccJq8T0z.s:726    .text.HAL_EXTI_GetPending:00000014 $d
C:\Users\mulwe\AppData\Local\Temp\ccJq8T0z.s:731    .text.HAL_EXTI_ClearPending:00000000 $t
C:\Users\mulwe\AppData\Local\Temp\ccJq8T0z.s:737    .text.HAL_EXTI_ClearPending:00000000 HAL_EXTI_ClearPending
C:\Users\mulwe\AppData\Local\Temp\ccJq8T0z.s:770    .text.HAL_EXTI_ClearPending:00000010 $d
C:\Users\mulwe\AppData\Local\Temp\ccJq8T0z.s:775    .text.HAL_EXTI_GenerateSWI:00000000 $t
C:\Users\mulwe\AppData\Local\Temp\ccJq8T0z.s:781    .text.HAL_EXTI_GenerateSWI:00000000 HAL_EXTI_GenerateSWI
C:\Users\mulwe\AppData\Local\Temp\ccJq8T0z.s:813    .text.HAL_EXTI_GenerateSWI:00000010 $d

NO UNDEFINED SYMBOLS
