ARM GAS  C:\Users\mulwe\AppData\Local\Temp\ccYFSDOH.s 			page 1


   1              		.cpu cortex-m0
   2              		.arch armv6s-m
   3              		.fpu softvfp
   4              		.eabi_attribute 20, 1
   5              		.eabi_attribute 21, 1
   6              		.eabi_attribute 23, 3
   7              		.eabi_attribute 24, 1
   8              		.eabi_attribute 25, 1
   9              		.eabi_attribute 26, 1
  10              		.eabi_attribute 30, 4
  11              		.eabi_attribute 34, 0
  12              		.eabi_attribute 18, 4
  13              		.file	"stm32f0xx_hal_pwr.c"
  14              		.text
  15              	.Ltext0:
  16              		.cfi_sections	.debug_frame
  17              		.file 1 "Drivers/STM32F0xx_HAL_Driver/Src/stm32f0xx_hal_pwr.c"
  18              		.section	.text.HAL_PWR_DeInit,"ax",%progbits
  19              		.align	1
  20              		.global	HAL_PWR_DeInit
  21              		.syntax unified
  22              		.code	16
  23              		.thumb_func
  25              	HAL_PWR_DeInit:
  26              	.LFB40:
   1:Drivers/STM32F0xx_HAL_Driver/Src/stm32f0xx_hal_pwr.c **** /**
   2:Drivers/STM32F0xx_HAL_Driver/Src/stm32f0xx_hal_pwr.c ****   ******************************************************************************
   3:Drivers/STM32F0xx_HAL_Driver/Src/stm32f0xx_hal_pwr.c ****   * @file    stm32f0xx_hal_pwr.c
   4:Drivers/STM32F0xx_HAL_Driver/Src/stm32f0xx_hal_pwr.c ****   * @author  MCD Application Team
   5:Drivers/STM32F0xx_HAL_Driver/Src/stm32f0xx_hal_pwr.c ****   * @brief   PWR HAL module driver.
   6:Drivers/STM32F0xx_HAL_Driver/Src/stm32f0xx_hal_pwr.c ****   *          This file provides firmware functions to manage the following
   7:Drivers/STM32F0xx_HAL_Driver/Src/stm32f0xx_hal_pwr.c ****   *          functionalities of the Power Controller (PWR) peripheral:
   8:Drivers/STM32F0xx_HAL_Driver/Src/stm32f0xx_hal_pwr.c ****   *           + Initialization/de-initialization function
   9:Drivers/STM32F0xx_HAL_Driver/Src/stm32f0xx_hal_pwr.c ****   *           + Peripheral Control function
  10:Drivers/STM32F0xx_HAL_Driver/Src/stm32f0xx_hal_pwr.c ****   *
  11:Drivers/STM32F0xx_HAL_Driver/Src/stm32f0xx_hal_pwr.c ****   ******************************************************************************
  12:Drivers/STM32F0xx_HAL_Driver/Src/stm32f0xx_hal_pwr.c ****   * @attention
  13:Drivers/STM32F0xx_HAL_Driver/Src/stm32f0xx_hal_pwr.c ****   *
  14:Drivers/STM32F0xx_HAL_Driver/Src/stm32f0xx_hal_pwr.c ****   * Copyright (c) 2016 STMicroelectronics.
  15:Drivers/STM32F0xx_HAL_Driver/Src/stm32f0xx_hal_pwr.c ****   * All rights reserved.
  16:Drivers/STM32F0xx_HAL_Driver/Src/stm32f0xx_hal_pwr.c ****   *
  17:Drivers/STM32F0xx_HAL_Driver/Src/stm32f0xx_hal_pwr.c ****   * This software is licensed under terms that can be found in the LICENSE file
  18:Drivers/STM32F0xx_HAL_Driver/Src/stm32f0xx_hal_pwr.c ****   * in the root directory of this software component.
  19:Drivers/STM32F0xx_HAL_Driver/Src/stm32f0xx_hal_pwr.c ****   * If no LICENSE file comes with this software, it is provided AS-IS.
  20:Drivers/STM32F0xx_HAL_Driver/Src/stm32f0xx_hal_pwr.c ****   *
  21:Drivers/STM32F0xx_HAL_Driver/Src/stm32f0xx_hal_pwr.c ****   ******************************************************************************
  22:Drivers/STM32F0xx_HAL_Driver/Src/stm32f0xx_hal_pwr.c ****   */
  23:Drivers/STM32F0xx_HAL_Driver/Src/stm32f0xx_hal_pwr.c **** 
  24:Drivers/STM32F0xx_HAL_Driver/Src/stm32f0xx_hal_pwr.c **** /* Includes ------------------------------------------------------------------*/
  25:Drivers/STM32F0xx_HAL_Driver/Src/stm32f0xx_hal_pwr.c **** #include "stm32f0xx_hal.h"
  26:Drivers/STM32F0xx_HAL_Driver/Src/stm32f0xx_hal_pwr.c **** 
  27:Drivers/STM32F0xx_HAL_Driver/Src/stm32f0xx_hal_pwr.c **** /** @addtogroup STM32F0xx_HAL_Driver
  28:Drivers/STM32F0xx_HAL_Driver/Src/stm32f0xx_hal_pwr.c ****   * @{
  29:Drivers/STM32F0xx_HAL_Driver/Src/stm32f0xx_hal_pwr.c ****   */
  30:Drivers/STM32F0xx_HAL_Driver/Src/stm32f0xx_hal_pwr.c **** 
  31:Drivers/STM32F0xx_HAL_Driver/Src/stm32f0xx_hal_pwr.c **** /** @defgroup PWR PWR
  32:Drivers/STM32F0xx_HAL_Driver/Src/stm32f0xx_hal_pwr.c ****   * @brief PWR HAL module driver
ARM GAS  C:\Users\mulwe\AppData\Local\Temp\ccYFSDOH.s 			page 2


  33:Drivers/STM32F0xx_HAL_Driver/Src/stm32f0xx_hal_pwr.c ****   * @{
  34:Drivers/STM32F0xx_HAL_Driver/Src/stm32f0xx_hal_pwr.c ****   */
  35:Drivers/STM32F0xx_HAL_Driver/Src/stm32f0xx_hal_pwr.c **** 
  36:Drivers/STM32F0xx_HAL_Driver/Src/stm32f0xx_hal_pwr.c **** #ifdef HAL_PWR_MODULE_ENABLED
  37:Drivers/STM32F0xx_HAL_Driver/Src/stm32f0xx_hal_pwr.c **** 
  38:Drivers/STM32F0xx_HAL_Driver/Src/stm32f0xx_hal_pwr.c **** /* Private typedef -----------------------------------------------------------*/
  39:Drivers/STM32F0xx_HAL_Driver/Src/stm32f0xx_hal_pwr.c **** /* Private define ------------------------------------------------------------*/
  40:Drivers/STM32F0xx_HAL_Driver/Src/stm32f0xx_hal_pwr.c **** /* Private macro -------------------------------------------------------------*/
  41:Drivers/STM32F0xx_HAL_Driver/Src/stm32f0xx_hal_pwr.c **** /* Private variables ---------------------------------------------------------*/
  42:Drivers/STM32F0xx_HAL_Driver/Src/stm32f0xx_hal_pwr.c **** /* Private function prototypes -----------------------------------------------*/
  43:Drivers/STM32F0xx_HAL_Driver/Src/stm32f0xx_hal_pwr.c **** /* Private functions ---------------------------------------------------------*/
  44:Drivers/STM32F0xx_HAL_Driver/Src/stm32f0xx_hal_pwr.c **** 
  45:Drivers/STM32F0xx_HAL_Driver/Src/stm32f0xx_hal_pwr.c **** /** @defgroup PWR_Exported_Functions PWR Exported Functions
  46:Drivers/STM32F0xx_HAL_Driver/Src/stm32f0xx_hal_pwr.c ****   * @{
  47:Drivers/STM32F0xx_HAL_Driver/Src/stm32f0xx_hal_pwr.c ****   */
  48:Drivers/STM32F0xx_HAL_Driver/Src/stm32f0xx_hal_pwr.c **** 
  49:Drivers/STM32F0xx_HAL_Driver/Src/stm32f0xx_hal_pwr.c **** /** @defgroup PWR_Exported_Functions_Group1 Initialization and de-initialization functions 
  50:Drivers/STM32F0xx_HAL_Driver/Src/stm32f0xx_hal_pwr.c ****   *  @brief    Initialization and de-initialization functions
  51:Drivers/STM32F0xx_HAL_Driver/Src/stm32f0xx_hal_pwr.c ****   *
  52:Drivers/STM32F0xx_HAL_Driver/Src/stm32f0xx_hal_pwr.c **** @verbatim
  53:Drivers/STM32F0xx_HAL_Driver/Src/stm32f0xx_hal_pwr.c ****  ===============================================================================
  54:Drivers/STM32F0xx_HAL_Driver/Src/stm32f0xx_hal_pwr.c ****               ##### Initialization and de-initialization functions #####
  55:Drivers/STM32F0xx_HAL_Driver/Src/stm32f0xx_hal_pwr.c ****  ===============================================================================
  56:Drivers/STM32F0xx_HAL_Driver/Src/stm32f0xx_hal_pwr.c ****     [..]
  57:Drivers/STM32F0xx_HAL_Driver/Src/stm32f0xx_hal_pwr.c ****       After reset, the backup domain (RTC registers, RTC backup data
  58:Drivers/STM32F0xx_HAL_Driver/Src/stm32f0xx_hal_pwr.c ****       registers) is protected against possible unwanted
  59:Drivers/STM32F0xx_HAL_Driver/Src/stm32f0xx_hal_pwr.c ****       write accesses.
  60:Drivers/STM32F0xx_HAL_Driver/Src/stm32f0xx_hal_pwr.c ****       To enable access to the RTC Domain and RTC registers, proceed as follows:
  61:Drivers/STM32F0xx_HAL_Driver/Src/stm32f0xx_hal_pwr.c ****         (+) Enable the Power Controller (PWR) APB1 interface clock using the
  62:Drivers/STM32F0xx_HAL_Driver/Src/stm32f0xx_hal_pwr.c ****             __HAL_RCC_PWR_CLK_ENABLE() macro.
  63:Drivers/STM32F0xx_HAL_Driver/Src/stm32f0xx_hal_pwr.c ****         (+) Enable access to RTC domain using the HAL_PWR_EnableBkUpAccess() function.
  64:Drivers/STM32F0xx_HAL_Driver/Src/stm32f0xx_hal_pwr.c **** 
  65:Drivers/STM32F0xx_HAL_Driver/Src/stm32f0xx_hal_pwr.c **** @endverbatim
  66:Drivers/STM32F0xx_HAL_Driver/Src/stm32f0xx_hal_pwr.c ****   * @{
  67:Drivers/STM32F0xx_HAL_Driver/Src/stm32f0xx_hal_pwr.c ****   */
  68:Drivers/STM32F0xx_HAL_Driver/Src/stm32f0xx_hal_pwr.c **** 
  69:Drivers/STM32F0xx_HAL_Driver/Src/stm32f0xx_hal_pwr.c **** /**
  70:Drivers/STM32F0xx_HAL_Driver/Src/stm32f0xx_hal_pwr.c ****   * @brief Deinitializes the PWR peripheral registers to their default reset values.
  71:Drivers/STM32F0xx_HAL_Driver/Src/stm32f0xx_hal_pwr.c ****   * @retval None
  72:Drivers/STM32F0xx_HAL_Driver/Src/stm32f0xx_hal_pwr.c ****   */
  73:Drivers/STM32F0xx_HAL_Driver/Src/stm32f0xx_hal_pwr.c **** void HAL_PWR_DeInit(void)
  74:Drivers/STM32F0xx_HAL_Driver/Src/stm32f0xx_hal_pwr.c **** {
  27              		.loc 1 74 1 view -0
  28              		.cfi_startproc
  29              		@ args = 0, pretend = 0, frame = 0
  30              		@ frame_needed = 0, uses_anonymous_args = 0
  31              		@ link register save eliminated.
  75:Drivers/STM32F0xx_HAL_Driver/Src/stm32f0xx_hal_pwr.c ****   __HAL_RCC_PWR_FORCE_RESET();
  32              		.loc 1 75 3 view .LVU1
  33 0000 8022     		movs	r2, #128
  76:Drivers/STM32F0xx_HAL_Driver/Src/stm32f0xx_hal_pwr.c ****   __HAL_RCC_PWR_RELEASE_RESET();
  77:Drivers/STM32F0xx_HAL_Driver/Src/stm32f0xx_hal_pwr.c **** }
  34              		.loc 1 77 1 is_stmt 0 view .LVU2
  35              		@ sp needed
  75:Drivers/STM32F0xx_HAL_Driver/Src/stm32f0xx_hal_pwr.c ****   __HAL_RCC_PWR_FORCE_RESET();
  36              		.loc 1 75 3 view .LVU3
  37 0002 054B     		ldr	r3, .L2
ARM GAS  C:\Users\mulwe\AppData\Local\Temp\ccYFSDOH.s 			page 3


  38 0004 5205     		lsls	r2, r2, #21
  39 0006 1969     		ldr	r1, [r3, #16]
  40 0008 0A43     		orrs	r2, r1
  41 000a 1A61     		str	r2, [r3, #16]
  76:Drivers/STM32F0xx_HAL_Driver/Src/stm32f0xx_hal_pwr.c ****   __HAL_RCC_PWR_RELEASE_RESET();
  42              		.loc 1 76 3 is_stmt 1 view .LVU4
  43 000c 1A69     		ldr	r2, [r3, #16]
  44 000e 0349     		ldr	r1, .L2+4
  45 0010 0A40     		ands	r2, r1
  46 0012 1A61     		str	r2, [r3, #16]
  47              		.loc 1 77 1 is_stmt 0 view .LVU5
  48 0014 7047     		bx	lr
  49              	.L3:
  50 0016 C046     		.align	2
  51              	.L2:
  52 0018 00100240 		.word	1073876992
  53 001c FFFFFFEF 		.word	-268435457
  54              		.cfi_endproc
  55              	.LFE40:
  57              		.section	.text.HAL_PWR_EnableBkUpAccess,"ax",%progbits
  58              		.align	1
  59              		.global	HAL_PWR_EnableBkUpAccess
  60              		.syntax unified
  61              		.code	16
  62              		.thumb_func
  64              	HAL_PWR_EnableBkUpAccess:
  65              	.LFB41:
  78:Drivers/STM32F0xx_HAL_Driver/Src/stm32f0xx_hal_pwr.c **** 
  79:Drivers/STM32F0xx_HAL_Driver/Src/stm32f0xx_hal_pwr.c **** /**
  80:Drivers/STM32F0xx_HAL_Driver/Src/stm32f0xx_hal_pwr.c ****   * @brief Enables access to the backup domain (RTC registers, RTC
  81:Drivers/STM32F0xx_HAL_Driver/Src/stm32f0xx_hal_pwr.c ****   *         backup data registers when present).
  82:Drivers/STM32F0xx_HAL_Driver/Src/stm32f0xx_hal_pwr.c ****   * @note  If the HSE divided by 32 is used as the RTC clock, the
  83:Drivers/STM32F0xx_HAL_Driver/Src/stm32f0xx_hal_pwr.c ****   *         Backup Domain Access should be kept enabled.
  84:Drivers/STM32F0xx_HAL_Driver/Src/stm32f0xx_hal_pwr.c ****   * @retval None
  85:Drivers/STM32F0xx_HAL_Driver/Src/stm32f0xx_hal_pwr.c ****   */
  86:Drivers/STM32F0xx_HAL_Driver/Src/stm32f0xx_hal_pwr.c **** void HAL_PWR_EnableBkUpAccess(void)
  87:Drivers/STM32F0xx_HAL_Driver/Src/stm32f0xx_hal_pwr.c **** {
  66              		.loc 1 87 1 is_stmt 1 view -0
  67              		.cfi_startproc
  68              		@ args = 0, pretend = 0, frame = 0
  69              		@ frame_needed = 0, uses_anonymous_args = 0
  70              		@ link register save eliminated.
  88:Drivers/STM32F0xx_HAL_Driver/Src/stm32f0xx_hal_pwr.c ****   PWR->CR |= (uint32_t)PWR_CR_DBP;
  71              		.loc 1 88 3 view .LVU7
  72              		.loc 1 88 11 is_stmt 0 view .LVU8
  73 0000 8023     		movs	r3, #128
  89:Drivers/STM32F0xx_HAL_Driver/Src/stm32f0xx_hal_pwr.c **** }
  74              		.loc 1 89 1 view .LVU9
  75              		@ sp needed
  88:Drivers/STM32F0xx_HAL_Driver/Src/stm32f0xx_hal_pwr.c ****   PWR->CR |= (uint32_t)PWR_CR_DBP;
  76              		.loc 1 88 6 view .LVU10
  77 0002 034A     		ldr	r2, .L5
  88:Drivers/STM32F0xx_HAL_Driver/Src/stm32f0xx_hal_pwr.c ****   PWR->CR |= (uint32_t)PWR_CR_DBP;
  78              		.loc 1 88 11 view .LVU11
  79 0004 5B00     		lsls	r3, r3, #1
  88:Drivers/STM32F0xx_HAL_Driver/Src/stm32f0xx_hal_pwr.c ****   PWR->CR |= (uint32_t)PWR_CR_DBP;
  80              		.loc 1 88 6 view .LVU12
ARM GAS  C:\Users\mulwe\AppData\Local\Temp\ccYFSDOH.s 			page 4


  81 0006 1168     		ldr	r1, [r2]
  88:Drivers/STM32F0xx_HAL_Driver/Src/stm32f0xx_hal_pwr.c ****   PWR->CR |= (uint32_t)PWR_CR_DBP;
  82              		.loc 1 88 11 view .LVU13
  83 0008 0B43     		orrs	r3, r1
  84 000a 1360     		str	r3, [r2]
  85              		.loc 1 89 1 view .LVU14
  86 000c 7047     		bx	lr
  87              	.L6:
  88 000e C046     		.align	2
  89              	.L5:
  90 0010 00700040 		.word	1073770496
  91              		.cfi_endproc
  92              	.LFE41:
  94              		.section	.text.HAL_PWR_DisableBkUpAccess,"ax",%progbits
  95              		.align	1
  96              		.global	HAL_PWR_DisableBkUpAccess
  97              		.syntax unified
  98              		.code	16
  99              		.thumb_func
 101              	HAL_PWR_DisableBkUpAccess:
 102              	.LFB42:
  90:Drivers/STM32F0xx_HAL_Driver/Src/stm32f0xx_hal_pwr.c **** 
  91:Drivers/STM32F0xx_HAL_Driver/Src/stm32f0xx_hal_pwr.c **** /**
  92:Drivers/STM32F0xx_HAL_Driver/Src/stm32f0xx_hal_pwr.c ****   * @brief Disables access to the backup domain (RTC registers, RTC
  93:Drivers/STM32F0xx_HAL_Driver/Src/stm32f0xx_hal_pwr.c ****   *         backup data registers when present).
  94:Drivers/STM32F0xx_HAL_Driver/Src/stm32f0xx_hal_pwr.c ****   * @note  If the HSE divided by 32 is used as the RTC clock, the
  95:Drivers/STM32F0xx_HAL_Driver/Src/stm32f0xx_hal_pwr.c ****   *         Backup Domain Access should be kept enabled.
  96:Drivers/STM32F0xx_HAL_Driver/Src/stm32f0xx_hal_pwr.c ****   * @retval None
  97:Drivers/STM32F0xx_HAL_Driver/Src/stm32f0xx_hal_pwr.c ****   */
  98:Drivers/STM32F0xx_HAL_Driver/Src/stm32f0xx_hal_pwr.c **** void HAL_PWR_DisableBkUpAccess(void)
  99:Drivers/STM32F0xx_HAL_Driver/Src/stm32f0xx_hal_pwr.c **** {
 103              		.loc 1 99 1 is_stmt 1 view -0
 104              		.cfi_startproc
 105              		@ args = 0, pretend = 0, frame = 0
 106              		@ frame_needed = 0, uses_anonymous_args = 0
 107              		@ link register save eliminated.
 100:Drivers/STM32F0xx_HAL_Driver/Src/stm32f0xx_hal_pwr.c ****   PWR->CR &= ~((uint32_t)PWR_CR_DBP);
 108              		.loc 1 100 3 view .LVU16
 109              		.loc 1 100 6 is_stmt 0 view .LVU17
 110 0000 024A     		ldr	r2, .L8
 111              		.loc 1 100 11 view .LVU18
 112 0002 0349     		ldr	r1, .L8+4
 113              		.loc 1 100 6 view .LVU19
 114 0004 1368     		ldr	r3, [r2]
 101:Drivers/STM32F0xx_HAL_Driver/Src/stm32f0xx_hal_pwr.c **** }
 115              		.loc 1 101 1 view .LVU20
 116              		@ sp needed
 100:Drivers/STM32F0xx_HAL_Driver/Src/stm32f0xx_hal_pwr.c ****   PWR->CR &= ~((uint32_t)PWR_CR_DBP);
 117              		.loc 1 100 11 view .LVU21
 118 0006 0B40     		ands	r3, r1
 119 0008 1360     		str	r3, [r2]
 120              		.loc 1 101 1 view .LVU22
 121 000a 7047     		bx	lr
 122              	.L9:
 123              		.align	2
 124              	.L8:
 125 000c 00700040 		.word	1073770496
ARM GAS  C:\Users\mulwe\AppData\Local\Temp\ccYFSDOH.s 			page 5


 126 0010 FFFEFFFF 		.word	-257
 127              		.cfi_endproc
 128              	.LFE42:
 130              		.section	.text.HAL_PWR_EnableWakeUpPin,"ax",%progbits
 131              		.align	1
 132              		.global	HAL_PWR_EnableWakeUpPin
 133              		.syntax unified
 134              		.code	16
 135              		.thumb_func
 137              	HAL_PWR_EnableWakeUpPin:
 138              	.LVL0:
 139              	.LFB43:
 102:Drivers/STM32F0xx_HAL_Driver/Src/stm32f0xx_hal_pwr.c **** 
 103:Drivers/STM32F0xx_HAL_Driver/Src/stm32f0xx_hal_pwr.c **** /**
 104:Drivers/STM32F0xx_HAL_Driver/Src/stm32f0xx_hal_pwr.c ****   * @}
 105:Drivers/STM32F0xx_HAL_Driver/Src/stm32f0xx_hal_pwr.c ****   */
 106:Drivers/STM32F0xx_HAL_Driver/Src/stm32f0xx_hal_pwr.c **** 
 107:Drivers/STM32F0xx_HAL_Driver/Src/stm32f0xx_hal_pwr.c **** /** @defgroup PWR_Exported_Functions_Group2 Peripheral Control functions 
 108:Drivers/STM32F0xx_HAL_Driver/Src/stm32f0xx_hal_pwr.c ****   *  @brief Low Power modes configuration functions
 109:Drivers/STM32F0xx_HAL_Driver/Src/stm32f0xx_hal_pwr.c ****   *
 110:Drivers/STM32F0xx_HAL_Driver/Src/stm32f0xx_hal_pwr.c **** @verbatim
 111:Drivers/STM32F0xx_HAL_Driver/Src/stm32f0xx_hal_pwr.c **** 
 112:Drivers/STM32F0xx_HAL_Driver/Src/stm32f0xx_hal_pwr.c ****  ===============================================================================
 113:Drivers/STM32F0xx_HAL_Driver/Src/stm32f0xx_hal_pwr.c ****                  ##### Peripheral Control functions #####
 114:Drivers/STM32F0xx_HAL_Driver/Src/stm32f0xx_hal_pwr.c ****  ===============================================================================
 115:Drivers/STM32F0xx_HAL_Driver/Src/stm32f0xx_hal_pwr.c ****     
 116:Drivers/STM32F0xx_HAL_Driver/Src/stm32f0xx_hal_pwr.c ****     *** WakeUp pin configuration ***
 117:Drivers/STM32F0xx_HAL_Driver/Src/stm32f0xx_hal_pwr.c ****     ================================
 118:Drivers/STM32F0xx_HAL_Driver/Src/stm32f0xx_hal_pwr.c ****     [..]
 119:Drivers/STM32F0xx_HAL_Driver/Src/stm32f0xx_hal_pwr.c ****       (+) WakeUp pin is used to wakeup the system from Standby mode. This pin is
 120:Drivers/STM32F0xx_HAL_Driver/Src/stm32f0xx_hal_pwr.c ****           forced in input pull down configuration and is active on rising edges.
 121:Drivers/STM32F0xx_HAL_Driver/Src/stm32f0xx_hal_pwr.c ****       (+) There are two WakeUp pins, and up to eight Wakeup pins on STM32F07x & STM32F09x devices.
 122:Drivers/STM32F0xx_HAL_Driver/Src/stm32f0xx_hal_pwr.c ****          (++)WakeUp Pin 1 on PA.00.
 123:Drivers/STM32F0xx_HAL_Driver/Src/stm32f0xx_hal_pwr.c ****          (++)WakeUp Pin 2 on PC.13.
 124:Drivers/STM32F0xx_HAL_Driver/Src/stm32f0xx_hal_pwr.c ****          (++)WakeUp Pin 3 on PE.06.(STM32F07x/STM32F09x)
 125:Drivers/STM32F0xx_HAL_Driver/Src/stm32f0xx_hal_pwr.c ****          (++)WakeUp Pin 4 on PA.02.(STM32F07x/STM32F09x)
 126:Drivers/STM32F0xx_HAL_Driver/Src/stm32f0xx_hal_pwr.c ****          (++)WakeUp Pin 5 on PC.05.(STM32F07x/STM32F09x)
 127:Drivers/STM32F0xx_HAL_Driver/Src/stm32f0xx_hal_pwr.c ****          (++)WakeUp Pin 6 on PB.05.(STM32F07x/STM32F09x)
 128:Drivers/STM32F0xx_HAL_Driver/Src/stm32f0xx_hal_pwr.c ****          (++)WakeUp Pin 7 on PB.15.(STM32F07x/STM32F09x)
 129:Drivers/STM32F0xx_HAL_Driver/Src/stm32f0xx_hal_pwr.c ****          (++)WakeUp Pin 8 on PF.02.(STM32F07x/STM32F09x)
 130:Drivers/STM32F0xx_HAL_Driver/Src/stm32f0xx_hal_pwr.c **** 
 131:Drivers/STM32F0xx_HAL_Driver/Src/stm32f0xx_hal_pwr.c ****     *** Low Power modes configuration ***
 132:Drivers/STM32F0xx_HAL_Driver/Src/stm32f0xx_hal_pwr.c ****     =====================================
 133:Drivers/STM32F0xx_HAL_Driver/Src/stm32f0xx_hal_pwr.c ****     [..]
 134:Drivers/STM32F0xx_HAL_Driver/Src/stm32f0xx_hal_pwr.c ****       The devices feature 3 low-power modes:
 135:Drivers/STM32F0xx_HAL_Driver/Src/stm32f0xx_hal_pwr.c ****       (+) Sleep mode: Cortex-M0 core stopped, peripherals kept running.
 136:Drivers/STM32F0xx_HAL_Driver/Src/stm32f0xx_hal_pwr.c ****       (+) Stop mode: all clocks are stopped, regulator running, regulator
 137:Drivers/STM32F0xx_HAL_Driver/Src/stm32f0xx_hal_pwr.c ****           in low power mode
 138:Drivers/STM32F0xx_HAL_Driver/Src/stm32f0xx_hal_pwr.c ****       (+) Standby mode: 1.2V domain powered off (mode not available on STM32F0x8 devices).
 139:Drivers/STM32F0xx_HAL_Driver/Src/stm32f0xx_hal_pwr.c **** 
 140:Drivers/STM32F0xx_HAL_Driver/Src/stm32f0xx_hal_pwr.c ****    *** Sleep mode ***
 141:Drivers/STM32F0xx_HAL_Driver/Src/stm32f0xx_hal_pwr.c ****    ==================
 142:Drivers/STM32F0xx_HAL_Driver/Src/stm32f0xx_hal_pwr.c ****     [..]
 143:Drivers/STM32F0xx_HAL_Driver/Src/stm32f0xx_hal_pwr.c ****       (+) Entry:
 144:Drivers/STM32F0xx_HAL_Driver/Src/stm32f0xx_hal_pwr.c ****           The Sleep mode is entered by using the HAL_PWR_EnterSLEEPMode(PWR_MAINREGULATOR_ON, PWR_S
 145:Drivers/STM32F0xx_HAL_Driver/Src/stm32f0xx_hal_pwr.c ****               functions with
 146:Drivers/STM32F0xx_HAL_Driver/Src/stm32f0xx_hal_pwr.c ****           (++) PWR_SLEEPENTRY_WFI: enter SLEEP mode with WFI instruction
ARM GAS  C:\Users\mulwe\AppData\Local\Temp\ccYFSDOH.s 			page 6


 147:Drivers/STM32F0xx_HAL_Driver/Src/stm32f0xx_hal_pwr.c ****           (++) PWR_SLEEPENTRY_WFE: enter SLEEP mode with WFE instruction
 148:Drivers/STM32F0xx_HAL_Driver/Src/stm32f0xx_hal_pwr.c ****      
 149:Drivers/STM32F0xx_HAL_Driver/Src/stm32f0xx_hal_pwr.c ****       (+) Exit:
 150:Drivers/STM32F0xx_HAL_Driver/Src/stm32f0xx_hal_pwr.c ****         (++) Any peripheral interrupt acknowledged by the nested vectored interrupt
 151:Drivers/STM32F0xx_HAL_Driver/Src/stm32f0xx_hal_pwr.c ****               controller (NVIC) can wake up the device from Sleep mode.
 152:Drivers/STM32F0xx_HAL_Driver/Src/stm32f0xx_hal_pwr.c **** 
 153:Drivers/STM32F0xx_HAL_Driver/Src/stm32f0xx_hal_pwr.c ****    *** Stop mode ***
 154:Drivers/STM32F0xx_HAL_Driver/Src/stm32f0xx_hal_pwr.c ****    =================
 155:Drivers/STM32F0xx_HAL_Driver/Src/stm32f0xx_hal_pwr.c ****     [..]
 156:Drivers/STM32F0xx_HAL_Driver/Src/stm32f0xx_hal_pwr.c ****       In Stop mode, all clocks in the 1.8V domain are stopped, the PLL, the HSI,
 157:Drivers/STM32F0xx_HAL_Driver/Src/stm32f0xx_hal_pwr.c ****       and the HSE RC oscillators are disabled. Internal SRAM and register contents
 158:Drivers/STM32F0xx_HAL_Driver/Src/stm32f0xx_hal_pwr.c ****       are preserved.
 159:Drivers/STM32F0xx_HAL_Driver/Src/stm32f0xx_hal_pwr.c ****       The voltage regulator can be configured either in normal or low-power mode.
 160:Drivers/STM32F0xx_HAL_Driver/Src/stm32f0xx_hal_pwr.c ****       To minimize the consumption.
 161:Drivers/STM32F0xx_HAL_Driver/Src/stm32f0xx_hal_pwr.c **** 
 162:Drivers/STM32F0xx_HAL_Driver/Src/stm32f0xx_hal_pwr.c ****       (+) Entry:
 163:Drivers/STM32F0xx_HAL_Driver/Src/stm32f0xx_hal_pwr.c ****           The Stop mode is entered using the HAL_PWR_EnterSTOPMode(PWR_MAINREGULATOR_ON, PWR_STOPEN
 164:Drivers/STM32F0xx_HAL_Driver/Src/stm32f0xx_hal_pwr.c ****              function with:
 165:Drivers/STM32F0xx_HAL_Driver/Src/stm32f0xx_hal_pwr.c ****           (++) Main regulator ON.
 166:Drivers/STM32F0xx_HAL_Driver/Src/stm32f0xx_hal_pwr.c ****           (++) Low Power regulator ON.
 167:Drivers/STM32F0xx_HAL_Driver/Src/stm32f0xx_hal_pwr.c ****           (++) PWR_STOPENTRY_WFI: enter STOP mode with WFI instruction
 168:Drivers/STM32F0xx_HAL_Driver/Src/stm32f0xx_hal_pwr.c ****           (++) PWR_STOPENTRY_WFE: enter STOP mode with WFE instruction
 169:Drivers/STM32F0xx_HAL_Driver/Src/stm32f0xx_hal_pwr.c ****       (+) Exit:
 170:Drivers/STM32F0xx_HAL_Driver/Src/stm32f0xx_hal_pwr.c ****           (++) Any EXTI Line (Internal or External) configured in Interrupt/Event mode.
 171:Drivers/STM32F0xx_HAL_Driver/Src/stm32f0xx_hal_pwr.c ****           (++) Some specific communication peripherals (CEC, USART, I2C) interrupts, 
 172:Drivers/STM32F0xx_HAL_Driver/Src/stm32f0xx_hal_pwr.c ****                when programmed in wakeup mode (the peripheral must be 
 173:Drivers/STM32F0xx_HAL_Driver/Src/stm32f0xx_hal_pwr.c ****                programmed in wakeup mode and the corresponding interrupt vector 
 174:Drivers/STM32F0xx_HAL_Driver/Src/stm32f0xx_hal_pwr.c ****                must be enabled in the NVIC)
 175:Drivers/STM32F0xx_HAL_Driver/Src/stm32f0xx_hal_pwr.c **** 
 176:Drivers/STM32F0xx_HAL_Driver/Src/stm32f0xx_hal_pwr.c ****    *** Standby mode ***
 177:Drivers/STM32F0xx_HAL_Driver/Src/stm32f0xx_hal_pwr.c ****    ====================
 178:Drivers/STM32F0xx_HAL_Driver/Src/stm32f0xx_hal_pwr.c ****      [..]
 179:Drivers/STM32F0xx_HAL_Driver/Src/stm32f0xx_hal_pwr.c ****       The Standby mode allows to achieve the lowest power consumption. It is based
 180:Drivers/STM32F0xx_HAL_Driver/Src/stm32f0xx_hal_pwr.c ****       on the Cortex-M0 deep sleep mode, with the voltage regulator disabled.
 181:Drivers/STM32F0xx_HAL_Driver/Src/stm32f0xx_hal_pwr.c ****       The 1.8V domain is consequently powered off. The PLL, the HSI oscillator and
 182:Drivers/STM32F0xx_HAL_Driver/Src/stm32f0xx_hal_pwr.c ****       the HSE oscillator are also switched off. SRAM and register contents are lost
 183:Drivers/STM32F0xx_HAL_Driver/Src/stm32f0xx_hal_pwr.c ****       except for the RTC registers, RTC backup registers and Standby circuitry.
 184:Drivers/STM32F0xx_HAL_Driver/Src/stm32f0xx_hal_pwr.c ****       The voltage regulator is OFF.
 185:Drivers/STM32F0xx_HAL_Driver/Src/stm32f0xx_hal_pwr.c **** 
 186:Drivers/STM32F0xx_HAL_Driver/Src/stm32f0xx_hal_pwr.c ****       (+) Entry:
 187:Drivers/STM32F0xx_HAL_Driver/Src/stm32f0xx_hal_pwr.c ****           (++) The Standby mode is entered using the HAL_PWR_EnterSTANDBYMode() function.
 188:Drivers/STM32F0xx_HAL_Driver/Src/stm32f0xx_hal_pwr.c ****       (+) Exit:
 189:Drivers/STM32F0xx_HAL_Driver/Src/stm32f0xx_hal_pwr.c ****           (++) WKUP pin rising edge, RTC alarm (Alarm A), RTC wakeup,
 190:Drivers/STM32F0xx_HAL_Driver/Src/stm32f0xx_hal_pwr.c ****                tamper event, time-stamp event, external reset in NRST pin, IWDG reset.
 191:Drivers/STM32F0xx_HAL_Driver/Src/stm32f0xx_hal_pwr.c **** 
 192:Drivers/STM32F0xx_HAL_Driver/Src/stm32f0xx_hal_pwr.c ****    *** Auto-wakeup (AWU) from low-power mode ***
 193:Drivers/STM32F0xx_HAL_Driver/Src/stm32f0xx_hal_pwr.c ****    =============================================
 194:Drivers/STM32F0xx_HAL_Driver/Src/stm32f0xx_hal_pwr.c ****     [..]
 195:Drivers/STM32F0xx_HAL_Driver/Src/stm32f0xx_hal_pwr.c ****       The MCU can be woken up from low-power mode by an RTC Alarm event, an RTC
 196:Drivers/STM32F0xx_HAL_Driver/Src/stm32f0xx_hal_pwr.c ****       Wakeup event, a tamper event, a time-stamp event, or a comparator event, 
 197:Drivers/STM32F0xx_HAL_Driver/Src/stm32f0xx_hal_pwr.c ****       without depending on an external interrupt (Auto-wakeup mode).
 198:Drivers/STM32F0xx_HAL_Driver/Src/stm32f0xx_hal_pwr.c **** 
 199:Drivers/STM32F0xx_HAL_Driver/Src/stm32f0xx_hal_pwr.c ****     (+) RTC auto-wakeup (AWU) from the Stop and Standby modes
 200:Drivers/STM32F0xx_HAL_Driver/Src/stm32f0xx_hal_pwr.c **** 
 201:Drivers/STM32F0xx_HAL_Driver/Src/stm32f0xx_hal_pwr.c ****       (++) To wake up from the Stop mode with an RTC alarm event, it is necessary to
 202:Drivers/STM32F0xx_HAL_Driver/Src/stm32f0xx_hal_pwr.c ****             configure the RTC to generate the RTC alarm using the HAL_RTC_SetAlarm_IT() function.
 203:Drivers/STM32F0xx_HAL_Driver/Src/stm32f0xx_hal_pwr.c **** 
ARM GAS  C:\Users\mulwe\AppData\Local\Temp\ccYFSDOH.s 			page 7


 204:Drivers/STM32F0xx_HAL_Driver/Src/stm32f0xx_hal_pwr.c ****       (++) To wake up from the Stop mode with an RTC Tamper or time stamp event, it
 205:Drivers/STM32F0xx_HAL_Driver/Src/stm32f0xx_hal_pwr.c ****            is necessary to configure the RTC to detect the tamper or time stamp event using the
 206:Drivers/STM32F0xx_HAL_Driver/Src/stm32f0xx_hal_pwr.c ****            HAL_RTC_SetTimeStamp_IT() or HAL_RTC_SetTamper_IT() functions.
 207:Drivers/STM32F0xx_HAL_Driver/Src/stm32f0xx_hal_pwr.c **** 
 208:Drivers/STM32F0xx_HAL_Driver/Src/stm32f0xx_hal_pwr.c ****       (++) To wake up from the Stop mode with an RTC WakeUp event, it is necessary to
 209:Drivers/STM32F0xx_HAL_Driver/Src/stm32f0xx_hal_pwr.c ****            configure the RTC to generate the RTC WakeUp event using the HAL_RTC_SetWakeUpTimer_IT()
 210:Drivers/STM32F0xx_HAL_Driver/Src/stm32f0xx_hal_pwr.c **** 
 211:Drivers/STM32F0xx_HAL_Driver/Src/stm32f0xx_hal_pwr.c ****     (+) Comparator auto-wakeup (AWU) from the Stop mode
 212:Drivers/STM32F0xx_HAL_Driver/Src/stm32f0xx_hal_pwr.c **** 
 213:Drivers/STM32F0xx_HAL_Driver/Src/stm32f0xx_hal_pwr.c ****       (++) To wake up from the Stop mode with a comparator wakeup event, it is necessary to:
 214:Drivers/STM32F0xx_HAL_Driver/Src/stm32f0xx_hal_pwr.c ****            (+++) Configure the EXTI Line associated with the comparator (example EXTI Line 22 for c
 215:Drivers/STM32F0xx_HAL_Driver/Src/stm32f0xx_hal_pwr.c ****                  to be sensitive to to the selected edges (falling, rising or falling 
 216:Drivers/STM32F0xx_HAL_Driver/Src/stm32f0xx_hal_pwr.c ****                  and rising) (Interrupt or Event modes) using the EXTI_Init() function.
 217:Drivers/STM32F0xx_HAL_Driver/Src/stm32f0xx_hal_pwr.c ****            (+++) Configure the comparator to generate the event.      
 218:Drivers/STM32F0xx_HAL_Driver/Src/stm32f0xx_hal_pwr.c **** @endverbatim
 219:Drivers/STM32F0xx_HAL_Driver/Src/stm32f0xx_hal_pwr.c ****   * @{
 220:Drivers/STM32F0xx_HAL_Driver/Src/stm32f0xx_hal_pwr.c ****   */
 221:Drivers/STM32F0xx_HAL_Driver/Src/stm32f0xx_hal_pwr.c **** 
 222:Drivers/STM32F0xx_HAL_Driver/Src/stm32f0xx_hal_pwr.c **** /**
 223:Drivers/STM32F0xx_HAL_Driver/Src/stm32f0xx_hal_pwr.c ****   * @brief Enables the WakeUp PINx functionality.
 224:Drivers/STM32F0xx_HAL_Driver/Src/stm32f0xx_hal_pwr.c ****   * @param WakeUpPinx Specifies the Power Wake-Up pin to enable.
 225:Drivers/STM32F0xx_HAL_Driver/Src/stm32f0xx_hal_pwr.c ****   *         This parameter can be value of :
 226:Drivers/STM32F0xx_HAL_Driver/Src/stm32f0xx_hal_pwr.c ****   *           @ref PWREx_WakeUp_Pins
 227:Drivers/STM32F0xx_HAL_Driver/Src/stm32f0xx_hal_pwr.c ****   * @retval None
 228:Drivers/STM32F0xx_HAL_Driver/Src/stm32f0xx_hal_pwr.c ****   */
 229:Drivers/STM32F0xx_HAL_Driver/Src/stm32f0xx_hal_pwr.c **** void HAL_PWR_EnableWakeUpPin(uint32_t WakeUpPinx)
 230:Drivers/STM32F0xx_HAL_Driver/Src/stm32f0xx_hal_pwr.c **** {
 140              		.loc 1 230 1 is_stmt 1 view -0
 141              		.cfi_startproc
 142              		@ args = 0, pretend = 0, frame = 0
 143              		@ frame_needed = 0, uses_anonymous_args = 0
 144              		@ link register save eliminated.
 231:Drivers/STM32F0xx_HAL_Driver/Src/stm32f0xx_hal_pwr.c ****   /* Check the parameters */
 232:Drivers/STM32F0xx_HAL_Driver/Src/stm32f0xx_hal_pwr.c ****   assert_param(IS_PWR_WAKEUP_PIN(WakeUpPinx));
 145              		.loc 1 232 3 view .LVU24
 233:Drivers/STM32F0xx_HAL_Driver/Src/stm32f0xx_hal_pwr.c ****   /* Enable the EWUPx pin */
 234:Drivers/STM32F0xx_HAL_Driver/Src/stm32f0xx_hal_pwr.c ****   SET_BIT(PWR->CSR, WakeUpPinx);
 146              		.loc 1 234 3 view .LVU25
 147 0000 024A     		ldr	r2, .L11
 235:Drivers/STM32F0xx_HAL_Driver/Src/stm32f0xx_hal_pwr.c **** }
 148              		.loc 1 235 1 is_stmt 0 view .LVU26
 149              		@ sp needed
 234:Drivers/STM32F0xx_HAL_Driver/Src/stm32f0xx_hal_pwr.c **** }
 150              		.loc 1 234 3 view .LVU27
 151 0002 5368     		ldr	r3, [r2, #4]
 152 0004 0343     		orrs	r3, r0
 153 0006 5360     		str	r3, [r2, #4]
 154              		.loc 1 235 1 view .LVU28
 155 0008 7047     		bx	lr
 156              	.L12:
 157 000a C046     		.align	2
 158              	.L11:
 159 000c 00700040 		.word	1073770496
 160              		.cfi_endproc
 161              	.LFE43:
 163              		.section	.text.HAL_PWR_DisableWakeUpPin,"ax",%progbits
 164              		.align	1
ARM GAS  C:\Users\mulwe\AppData\Local\Temp\ccYFSDOH.s 			page 8


 165              		.global	HAL_PWR_DisableWakeUpPin
 166              		.syntax unified
 167              		.code	16
 168              		.thumb_func
 170              	HAL_PWR_DisableWakeUpPin:
 171              	.LVL1:
 172              	.LFB44:
 236:Drivers/STM32F0xx_HAL_Driver/Src/stm32f0xx_hal_pwr.c **** 
 237:Drivers/STM32F0xx_HAL_Driver/Src/stm32f0xx_hal_pwr.c **** /**
 238:Drivers/STM32F0xx_HAL_Driver/Src/stm32f0xx_hal_pwr.c ****   * @brief Disables the WakeUp PINx functionality.
 239:Drivers/STM32F0xx_HAL_Driver/Src/stm32f0xx_hal_pwr.c ****   * @param WakeUpPinx Specifies the Power Wake-Up pin to disable.
 240:Drivers/STM32F0xx_HAL_Driver/Src/stm32f0xx_hal_pwr.c ****   *         This parameter can be values of :
 241:Drivers/STM32F0xx_HAL_Driver/Src/stm32f0xx_hal_pwr.c ****   *           @ref PWREx_WakeUp_Pins
 242:Drivers/STM32F0xx_HAL_Driver/Src/stm32f0xx_hal_pwr.c ****   * @retval None
 243:Drivers/STM32F0xx_HAL_Driver/Src/stm32f0xx_hal_pwr.c ****   */
 244:Drivers/STM32F0xx_HAL_Driver/Src/stm32f0xx_hal_pwr.c **** void HAL_PWR_DisableWakeUpPin(uint32_t WakeUpPinx)
 245:Drivers/STM32F0xx_HAL_Driver/Src/stm32f0xx_hal_pwr.c **** {
 173              		.loc 1 245 1 is_stmt 1 view -0
 174              		.cfi_startproc
 175              		@ args = 0, pretend = 0, frame = 0
 176              		@ frame_needed = 0, uses_anonymous_args = 0
 177              		@ link register save eliminated.
 246:Drivers/STM32F0xx_HAL_Driver/Src/stm32f0xx_hal_pwr.c ****   /* Check the parameters */
 247:Drivers/STM32F0xx_HAL_Driver/Src/stm32f0xx_hal_pwr.c ****   assert_param(IS_PWR_WAKEUP_PIN(WakeUpPinx));
 178              		.loc 1 247 3 view .LVU30
 248:Drivers/STM32F0xx_HAL_Driver/Src/stm32f0xx_hal_pwr.c ****   /* Disable the EWUPx pin */
 249:Drivers/STM32F0xx_HAL_Driver/Src/stm32f0xx_hal_pwr.c ****   CLEAR_BIT(PWR->CSR, WakeUpPinx);
 179              		.loc 1 249 3 view .LVU31
 180 0000 024A     		ldr	r2, .L14
 250:Drivers/STM32F0xx_HAL_Driver/Src/stm32f0xx_hal_pwr.c **** }
 181              		.loc 1 250 1 is_stmt 0 view .LVU32
 182              		@ sp needed
 249:Drivers/STM32F0xx_HAL_Driver/Src/stm32f0xx_hal_pwr.c **** }
 183              		.loc 1 249 3 view .LVU33
 184 0002 5368     		ldr	r3, [r2, #4]
 185 0004 8343     		bics	r3, r0
 186 0006 5360     		str	r3, [r2, #4]
 187              		.loc 1 250 1 view .LVU34
 188 0008 7047     		bx	lr
 189              	.L15:
 190 000a C046     		.align	2
 191              	.L14:
 192 000c 00700040 		.word	1073770496
 193              		.cfi_endproc
 194              	.LFE44:
 196              		.section	.text.HAL_PWR_EnterSLEEPMode,"ax",%progbits
 197              		.align	1
 198              		.global	HAL_PWR_EnterSLEEPMode
 199              		.syntax unified
 200              		.code	16
 201              		.thumb_func
 203              	HAL_PWR_EnterSLEEPMode:
 204              	.LVL2:
 205              	.LFB45:
 251:Drivers/STM32F0xx_HAL_Driver/Src/stm32f0xx_hal_pwr.c **** 
 252:Drivers/STM32F0xx_HAL_Driver/Src/stm32f0xx_hal_pwr.c **** /**
 253:Drivers/STM32F0xx_HAL_Driver/Src/stm32f0xx_hal_pwr.c ****   * @brief Enters Sleep mode.
ARM GAS  C:\Users\mulwe\AppData\Local\Temp\ccYFSDOH.s 			page 9


 254:Drivers/STM32F0xx_HAL_Driver/Src/stm32f0xx_hal_pwr.c ****   * @note  In Sleep mode, all I/O pins keep the same state as in Run mode.
 255:Drivers/STM32F0xx_HAL_Driver/Src/stm32f0xx_hal_pwr.c ****   * @param Regulator Specifies the regulator state in SLEEP mode.
 256:Drivers/STM32F0xx_HAL_Driver/Src/stm32f0xx_hal_pwr.c ****   *           On STM32F0 devices, this parameter is a dummy value and it is ignored
 257:Drivers/STM32F0xx_HAL_Driver/Src/stm32f0xx_hal_pwr.c ****   *           as regulator can't be modified in this mode. Parameter is kept for platform
 258:Drivers/STM32F0xx_HAL_Driver/Src/stm32f0xx_hal_pwr.c ****   *           compatibility.
 259:Drivers/STM32F0xx_HAL_Driver/Src/stm32f0xx_hal_pwr.c ****   * @param SLEEPEntry Specifies if SLEEP mode is entered with WFI or WFE instruction.
 260:Drivers/STM32F0xx_HAL_Driver/Src/stm32f0xx_hal_pwr.c ****   *           When WFI entry is used, tick interrupt have to be disabled if not desired as 
 261:Drivers/STM32F0xx_HAL_Driver/Src/stm32f0xx_hal_pwr.c ****   *           the interrupt wake up source.
 262:Drivers/STM32F0xx_HAL_Driver/Src/stm32f0xx_hal_pwr.c ****   *           This parameter can be one of the following values:
 263:Drivers/STM32F0xx_HAL_Driver/Src/stm32f0xx_hal_pwr.c ****   *            @arg PWR_SLEEPENTRY_WFI: enter SLEEP mode with WFI instruction
 264:Drivers/STM32F0xx_HAL_Driver/Src/stm32f0xx_hal_pwr.c ****   *            @arg PWR_SLEEPENTRY_WFE: enter SLEEP mode with WFE instruction
 265:Drivers/STM32F0xx_HAL_Driver/Src/stm32f0xx_hal_pwr.c ****   * @retval None
 266:Drivers/STM32F0xx_HAL_Driver/Src/stm32f0xx_hal_pwr.c ****   */
 267:Drivers/STM32F0xx_HAL_Driver/Src/stm32f0xx_hal_pwr.c **** void HAL_PWR_EnterSLEEPMode(uint32_t Regulator, uint8_t SLEEPEntry)
 268:Drivers/STM32F0xx_HAL_Driver/Src/stm32f0xx_hal_pwr.c **** {
 206              		.loc 1 268 1 is_stmt 1 view -0
 207              		.cfi_startproc
 208              		@ args = 0, pretend = 0, frame = 0
 209              		@ frame_needed = 0, uses_anonymous_args = 0
 210              		@ link register save eliminated.
 269:Drivers/STM32F0xx_HAL_Driver/Src/stm32f0xx_hal_pwr.c ****   /* Check the parameters */
 270:Drivers/STM32F0xx_HAL_Driver/Src/stm32f0xx_hal_pwr.c ****   assert_param(IS_PWR_REGULATOR(Regulator));
 211              		.loc 1 270 3 view .LVU36
 271:Drivers/STM32F0xx_HAL_Driver/Src/stm32f0xx_hal_pwr.c ****   assert_param(IS_PWR_SLEEP_ENTRY(SLEEPEntry));
 212              		.loc 1 271 3 view .LVU37
 272:Drivers/STM32F0xx_HAL_Driver/Src/stm32f0xx_hal_pwr.c **** 
 273:Drivers/STM32F0xx_HAL_Driver/Src/stm32f0xx_hal_pwr.c ****   /* Clear SLEEPDEEP bit of Cortex System Control Register */
 274:Drivers/STM32F0xx_HAL_Driver/Src/stm32f0xx_hal_pwr.c ****   SCB->SCR &= (uint32_t)~((uint32_t)SCB_SCR_SLEEPDEEP_Msk);
 213              		.loc 1 274 3 view .LVU38
 214              		.loc 1 274 12 is_stmt 0 view .LVU39
 215 0000 0420     		movs	r0, #4
 216              	.LVL3:
 217              		.loc 1 274 6 view .LVU40
 218 0002 064A     		ldr	r2, .L19
 219 0004 1369     		ldr	r3, [r2, #16]
 220              		.loc 1 274 12 view .LVU41
 221 0006 8343     		bics	r3, r0
 222 0008 1361     		str	r3, [r2, #16]
 275:Drivers/STM32F0xx_HAL_Driver/Src/stm32f0xx_hal_pwr.c **** 
 276:Drivers/STM32F0xx_HAL_Driver/Src/stm32f0xx_hal_pwr.c ****   /* Select SLEEP mode entry -------------------------------------------------*/
 277:Drivers/STM32F0xx_HAL_Driver/Src/stm32f0xx_hal_pwr.c ****   if(SLEEPEntry == PWR_SLEEPENTRY_WFI)
 223              		.loc 1 277 3 is_stmt 1 view .LVU42
 224              		.loc 1 277 5 is_stmt 0 view .LVU43
 225 000a 0129     		cmp	r1, #1
 226 000c 01D1     		bne	.L17
 278:Drivers/STM32F0xx_HAL_Driver/Src/stm32f0xx_hal_pwr.c ****   {
 279:Drivers/STM32F0xx_HAL_Driver/Src/stm32f0xx_hal_pwr.c ****     /* Request Wait For Interrupt */
 280:Drivers/STM32F0xx_HAL_Driver/Src/stm32f0xx_hal_pwr.c ****     __WFI();
 227              		.loc 1 280 5 is_stmt 1 view .LVU44
 228              		.syntax divided
 229              	@ 280 "Drivers/STM32F0xx_HAL_Driver/Src/stm32f0xx_hal_pwr.c" 1
 230 000e 30BF     		wfi
 231              	@ 0 "" 2
 232              		.thumb
 233              		.syntax unified
 234              	.L16:
 281:Drivers/STM32F0xx_HAL_Driver/Src/stm32f0xx_hal_pwr.c ****   }
ARM GAS  C:\Users\mulwe\AppData\Local\Temp\ccYFSDOH.s 			page 10


 282:Drivers/STM32F0xx_HAL_Driver/Src/stm32f0xx_hal_pwr.c ****   else
 283:Drivers/STM32F0xx_HAL_Driver/Src/stm32f0xx_hal_pwr.c ****   {
 284:Drivers/STM32F0xx_HAL_Driver/Src/stm32f0xx_hal_pwr.c ****     /* Request Wait For Event */
 285:Drivers/STM32F0xx_HAL_Driver/Src/stm32f0xx_hal_pwr.c ****     __SEV();
 286:Drivers/STM32F0xx_HAL_Driver/Src/stm32f0xx_hal_pwr.c ****     __WFE();
 287:Drivers/STM32F0xx_HAL_Driver/Src/stm32f0xx_hal_pwr.c ****     __WFE();
 288:Drivers/STM32F0xx_HAL_Driver/Src/stm32f0xx_hal_pwr.c ****   }
 289:Drivers/STM32F0xx_HAL_Driver/Src/stm32f0xx_hal_pwr.c **** }
 235              		.loc 1 289 1 is_stmt 0 view .LVU45
 236              		@ sp needed
 237 0010 7047     		bx	lr
 238              	.L17:
 285:Drivers/STM32F0xx_HAL_Driver/Src/stm32f0xx_hal_pwr.c ****     __WFE();
 239              		.loc 1 285 5 is_stmt 1 view .LVU46
 240              		.syntax divided
 241              	@ 285 "Drivers/STM32F0xx_HAL_Driver/Src/stm32f0xx_hal_pwr.c" 1
 242 0012 40BF     		sev
 243              	@ 0 "" 2
 286:Drivers/STM32F0xx_HAL_Driver/Src/stm32f0xx_hal_pwr.c ****     __WFE();
 244              		.loc 1 286 5 view .LVU47
 245              	@ 286 "Drivers/STM32F0xx_HAL_Driver/Src/stm32f0xx_hal_pwr.c" 1
 246 0014 20BF     		wfe
 247              	@ 0 "" 2
 287:Drivers/STM32F0xx_HAL_Driver/Src/stm32f0xx_hal_pwr.c ****   }
 248              		.loc 1 287 5 view .LVU48
 249              	@ 287 "Drivers/STM32F0xx_HAL_Driver/Src/stm32f0xx_hal_pwr.c" 1
 250 0016 20BF     		wfe
 251              	@ 0 "" 2
 252              		.loc 1 289 1 is_stmt 0 view .LVU49
 253              		.thumb
 254              		.syntax unified
 255 0018 FAE7     		b	.L16
 256              	.L20:
 257 001a C046     		.align	2
 258              	.L19:
 259 001c 00ED00E0 		.word	-536810240
 260              		.cfi_endproc
 261              	.LFE45:
 263              		.section	.text.HAL_PWR_EnterSTOPMode,"ax",%progbits
 264              		.align	1
 265              		.global	HAL_PWR_EnterSTOPMode
 266              		.syntax unified
 267              		.code	16
 268              		.thumb_func
 270              	HAL_PWR_EnterSTOPMode:
 271              	.LVL4:
 272              	.LFB46:
 290:Drivers/STM32F0xx_HAL_Driver/Src/stm32f0xx_hal_pwr.c **** 
 291:Drivers/STM32F0xx_HAL_Driver/Src/stm32f0xx_hal_pwr.c **** /**
 292:Drivers/STM32F0xx_HAL_Driver/Src/stm32f0xx_hal_pwr.c ****   * @brief Enters STOP mode.
 293:Drivers/STM32F0xx_HAL_Driver/Src/stm32f0xx_hal_pwr.c ****   * @note  In Stop mode, all I/O pins keep the same state as in Run mode.
 294:Drivers/STM32F0xx_HAL_Driver/Src/stm32f0xx_hal_pwr.c ****   * @note  When exiting Stop mode by issuing an interrupt or a wakeup event,
 295:Drivers/STM32F0xx_HAL_Driver/Src/stm32f0xx_hal_pwr.c ****   *         the HSI RC oscillator is selected as system clock.
 296:Drivers/STM32F0xx_HAL_Driver/Src/stm32f0xx_hal_pwr.c ****   * @note  When the voltage regulator operates in low power mode, an additional
 297:Drivers/STM32F0xx_HAL_Driver/Src/stm32f0xx_hal_pwr.c ****   *         startup delay is incurred when waking up from Stop mode.
 298:Drivers/STM32F0xx_HAL_Driver/Src/stm32f0xx_hal_pwr.c ****   *         By keeping the internal regulator ON during Stop mode, the consumption
 299:Drivers/STM32F0xx_HAL_Driver/Src/stm32f0xx_hal_pwr.c ****   *         is higher although the startup time is reduced.
ARM GAS  C:\Users\mulwe\AppData\Local\Temp\ccYFSDOH.s 			page 11


 300:Drivers/STM32F0xx_HAL_Driver/Src/stm32f0xx_hal_pwr.c ****   * @param Regulator Specifies the regulator state in STOP mode.
 301:Drivers/STM32F0xx_HAL_Driver/Src/stm32f0xx_hal_pwr.c ****   *          This parameter can be one of the following values:
 302:Drivers/STM32F0xx_HAL_Driver/Src/stm32f0xx_hal_pwr.c ****   *            @arg PWR_MAINREGULATOR_ON: STOP mode with regulator ON
 303:Drivers/STM32F0xx_HAL_Driver/Src/stm32f0xx_hal_pwr.c ****   *            @arg PWR_LOWPOWERREGULATOR_ON: STOP mode with low power regulator ON
 304:Drivers/STM32F0xx_HAL_Driver/Src/stm32f0xx_hal_pwr.c ****   * @param STOPEntry specifies if STOP mode in entered with WFI or WFE instruction.
 305:Drivers/STM32F0xx_HAL_Driver/Src/stm32f0xx_hal_pwr.c ****   *          This parameter can be one of the following values:
 306:Drivers/STM32F0xx_HAL_Driver/Src/stm32f0xx_hal_pwr.c ****   *            @arg PWR_STOPENTRY_WFI:Enter STOP mode with WFI instruction
 307:Drivers/STM32F0xx_HAL_Driver/Src/stm32f0xx_hal_pwr.c ****   *            @arg PWR_STOPENTRY_WFE: Enter STOP mode with WFE instruction
 308:Drivers/STM32F0xx_HAL_Driver/Src/stm32f0xx_hal_pwr.c ****   * @retval None
 309:Drivers/STM32F0xx_HAL_Driver/Src/stm32f0xx_hal_pwr.c ****   */
 310:Drivers/STM32F0xx_HAL_Driver/Src/stm32f0xx_hal_pwr.c **** void HAL_PWR_EnterSTOPMode(uint32_t Regulator, uint8_t STOPEntry)
 311:Drivers/STM32F0xx_HAL_Driver/Src/stm32f0xx_hal_pwr.c **** {
 273              		.loc 1 311 1 is_stmt 1 view -0
 274              		.cfi_startproc
 275              		@ args = 0, pretend = 0, frame = 0
 276              		@ frame_needed = 0, uses_anonymous_args = 0
 312:Drivers/STM32F0xx_HAL_Driver/Src/stm32f0xx_hal_pwr.c ****   uint32_t tmpreg = 0;
 277              		.loc 1 312 3 view .LVU51
 313:Drivers/STM32F0xx_HAL_Driver/Src/stm32f0xx_hal_pwr.c **** 
 314:Drivers/STM32F0xx_HAL_Driver/Src/stm32f0xx_hal_pwr.c ****   /* Check the parameters */
 315:Drivers/STM32F0xx_HAL_Driver/Src/stm32f0xx_hal_pwr.c ****   assert_param(IS_PWR_REGULATOR(Regulator));
 278              		.loc 1 315 3 view .LVU52
 316:Drivers/STM32F0xx_HAL_Driver/Src/stm32f0xx_hal_pwr.c ****   assert_param(IS_PWR_STOP_ENTRY(STOPEntry));
 279              		.loc 1 316 3 view .LVU53
 317:Drivers/STM32F0xx_HAL_Driver/Src/stm32f0xx_hal_pwr.c **** 
 318:Drivers/STM32F0xx_HAL_Driver/Src/stm32f0xx_hal_pwr.c ****   /* Select the regulator state in STOP mode ---------------------------------*/
 319:Drivers/STM32F0xx_HAL_Driver/Src/stm32f0xx_hal_pwr.c ****   tmpreg = PWR->CR;
 280              		.loc 1 319 3 view .LVU54
 311:Drivers/STM32F0xx_HAL_Driver/Src/stm32f0xx_hal_pwr.c ****   uint32_t tmpreg = 0;
 281              		.loc 1 311 1 is_stmt 0 view .LVU55
 282 0000 10B5     		push	{r4, lr}
 283              	.LCFI0:
 284              		.cfi_def_cfa_offset 8
 285              		.cfi_offset 4, -8
 286              		.cfi_offset 14, -4
 320:Drivers/STM32F0xx_HAL_Driver/Src/stm32f0xx_hal_pwr.c ****   
 321:Drivers/STM32F0xx_HAL_Driver/Src/stm32f0xx_hal_pwr.c ****   /* Clear PDDS and LPDS bits */
 322:Drivers/STM32F0xx_HAL_Driver/Src/stm32f0xx_hal_pwr.c ****   tmpreg &= (uint32_t)~(PWR_CR_PDDS | PWR_CR_LPDS);
 287              		.loc 1 322 10 view .LVU56
 288 0002 0324     		movs	r4, #3
 319:Drivers/STM32F0xx_HAL_Driver/Src/stm32f0xx_hal_pwr.c ****   
 289              		.loc 1 319 10 view .LVU57
 290 0004 0A4A     		ldr	r2, .L24
 291 0006 1368     		ldr	r3, [r2]
 292              	.LVL5:
 293              		.loc 1 322 3 is_stmt 1 view .LVU58
 294              		.loc 1 322 10 is_stmt 0 view .LVU59
 295 0008 A343     		bics	r3, r4
 296              	.LVL6:
 323:Drivers/STM32F0xx_HAL_Driver/Src/stm32f0xx_hal_pwr.c **** 
 324:Drivers/STM32F0xx_HAL_Driver/Src/stm32f0xx_hal_pwr.c ****   /* Set LPDS bit according to Regulator value */
 325:Drivers/STM32F0xx_HAL_Driver/Src/stm32f0xx_hal_pwr.c ****   tmpreg |= Regulator;
 297              		.loc 1 325 3 is_stmt 1 view .LVU60
 298              		.loc 1 325 10 is_stmt 0 view .LVU61
 299 000a 0343     		orrs	r3, r0
 300              	.LVL7:
 326:Drivers/STM32F0xx_HAL_Driver/Src/stm32f0xx_hal_pwr.c **** 
ARM GAS  C:\Users\mulwe\AppData\Local\Temp\ccYFSDOH.s 			page 12


 327:Drivers/STM32F0xx_HAL_Driver/Src/stm32f0xx_hal_pwr.c ****   /* Store the new value */
 328:Drivers/STM32F0xx_HAL_Driver/Src/stm32f0xx_hal_pwr.c ****   PWR->CR = tmpreg;
 301              		.loc 1 328 3 is_stmt 1 view .LVU62
 302              		.loc 1 328 11 is_stmt 0 view .LVU63
 303 000c 1360     		str	r3, [r2]
 329:Drivers/STM32F0xx_HAL_Driver/Src/stm32f0xx_hal_pwr.c **** 
 330:Drivers/STM32F0xx_HAL_Driver/Src/stm32f0xx_hal_pwr.c ****   /* Set SLEEPDEEP bit of Cortex System Control Register */
 331:Drivers/STM32F0xx_HAL_Driver/Src/stm32f0xx_hal_pwr.c ****   SCB->SCR |= SCB_SCR_SLEEPDEEP_Msk;
 304              		.loc 1 331 3 is_stmt 1 view .LVU64
 305              		.loc 1 331 12 is_stmt 0 view .LVU65
 306 000e 0422     		movs	r2, #4
 307              		.loc 1 331 6 view .LVU66
 308 0010 084B     		ldr	r3, .L24+4
 309              	.LVL8:
 310              		.loc 1 331 6 view .LVU67
 311 0012 1869     		ldr	r0, [r3, #16]
 312              	.LVL9:
 313              		.loc 1 331 12 view .LVU68
 314 0014 0243     		orrs	r2, r0
 315 0016 1A61     		str	r2, [r3, #16]
 316              	.LVL10:
 332:Drivers/STM32F0xx_HAL_Driver/Src/stm32f0xx_hal_pwr.c **** 
 333:Drivers/STM32F0xx_HAL_Driver/Src/stm32f0xx_hal_pwr.c ****   /* Select STOP mode entry --------------------------------------------------*/
 334:Drivers/STM32F0xx_HAL_Driver/Src/stm32f0xx_hal_pwr.c ****   if(STOPEntry == PWR_STOPENTRY_WFI)
 317              		.loc 1 334 3 is_stmt 1 view .LVU69
 318              		.loc 1 334 5 is_stmt 0 view .LVU70
 319 0018 0129     		cmp	r1, #1
 320 001a 05D1     		bne	.L22
 335:Drivers/STM32F0xx_HAL_Driver/Src/stm32f0xx_hal_pwr.c ****   {
 336:Drivers/STM32F0xx_HAL_Driver/Src/stm32f0xx_hal_pwr.c ****     /* Request Wait For Interrupt */
 337:Drivers/STM32F0xx_HAL_Driver/Src/stm32f0xx_hal_pwr.c ****     __WFI();
 321              		.loc 1 337 5 is_stmt 1 view .LVU71
 322              		.syntax divided
 323              	@ 337 "Drivers/STM32F0xx_HAL_Driver/Src/stm32f0xx_hal_pwr.c" 1
 324 001c 30BF     		wfi
 325              	@ 0 "" 2
 326              		.thumb
 327              		.syntax unified
 328              	.L23:
 338:Drivers/STM32F0xx_HAL_Driver/Src/stm32f0xx_hal_pwr.c ****   }
 339:Drivers/STM32F0xx_HAL_Driver/Src/stm32f0xx_hal_pwr.c ****   else
 340:Drivers/STM32F0xx_HAL_Driver/Src/stm32f0xx_hal_pwr.c ****   {
 341:Drivers/STM32F0xx_HAL_Driver/Src/stm32f0xx_hal_pwr.c ****     /* Request Wait For Event */
 342:Drivers/STM32F0xx_HAL_Driver/Src/stm32f0xx_hal_pwr.c ****     __SEV();
 343:Drivers/STM32F0xx_HAL_Driver/Src/stm32f0xx_hal_pwr.c ****     __WFE();
 344:Drivers/STM32F0xx_HAL_Driver/Src/stm32f0xx_hal_pwr.c ****     __WFE();
 345:Drivers/STM32F0xx_HAL_Driver/Src/stm32f0xx_hal_pwr.c ****   }
 346:Drivers/STM32F0xx_HAL_Driver/Src/stm32f0xx_hal_pwr.c **** 
 347:Drivers/STM32F0xx_HAL_Driver/Src/stm32f0xx_hal_pwr.c ****   /* Reset SLEEPDEEP bit of Cortex System Control Register */
 348:Drivers/STM32F0xx_HAL_Driver/Src/stm32f0xx_hal_pwr.c ****   SCB->SCR &= (uint32_t)~((uint32_t)SCB_SCR_SLEEPDEEP_Msk);
 329              		.loc 1 348 3 view .LVU72
 349:Drivers/STM32F0xx_HAL_Driver/Src/stm32f0xx_hal_pwr.c **** }
 330              		.loc 1 349 1 is_stmt 0 view .LVU73
 331              		@ sp needed
 348:Drivers/STM32F0xx_HAL_Driver/Src/stm32f0xx_hal_pwr.c **** }
 332              		.loc 1 348 12 view .LVU74
 333 001e 0421     		movs	r1, #4
ARM GAS  C:\Users\mulwe\AppData\Local\Temp\ccYFSDOH.s 			page 13


 334              	.LVL11:
 348:Drivers/STM32F0xx_HAL_Driver/Src/stm32f0xx_hal_pwr.c **** }
 335              		.loc 1 348 6 view .LVU75
 336 0020 1A69     		ldr	r2, [r3, #16]
 348:Drivers/STM32F0xx_HAL_Driver/Src/stm32f0xx_hal_pwr.c **** }
 337              		.loc 1 348 12 view .LVU76
 338 0022 8A43     		bics	r2, r1
 339 0024 1A61     		str	r2, [r3, #16]
 340              		.loc 1 349 1 view .LVU77
 341 0026 10BD     		pop	{r4, pc}
 342              	.LVL12:
 343              	.L22:
 342:Drivers/STM32F0xx_HAL_Driver/Src/stm32f0xx_hal_pwr.c ****     __WFE();
 344              		.loc 1 342 5 is_stmt 1 view .LVU78
 345              		.syntax divided
 346              	@ 342 "Drivers/STM32F0xx_HAL_Driver/Src/stm32f0xx_hal_pwr.c" 1
 347 0028 40BF     		sev
 348              	@ 0 "" 2
 343:Drivers/STM32F0xx_HAL_Driver/Src/stm32f0xx_hal_pwr.c ****     __WFE();
 349              		.loc 1 343 5 view .LVU79
 350              	@ 343 "Drivers/STM32F0xx_HAL_Driver/Src/stm32f0xx_hal_pwr.c" 1
 351 002a 20BF     		wfe
 352              	@ 0 "" 2
 344:Drivers/STM32F0xx_HAL_Driver/Src/stm32f0xx_hal_pwr.c ****   }
 353              		.loc 1 344 5 view .LVU80
 354              	@ 344 "Drivers/STM32F0xx_HAL_Driver/Src/stm32f0xx_hal_pwr.c" 1
 355 002c 20BF     		wfe
 356              	@ 0 "" 2
 357              		.thumb
 358              		.syntax unified
 359 002e F6E7     		b	.L23
 360              	.L25:
 361              		.align	2
 362              	.L24:
 363 0030 00700040 		.word	1073770496
 364 0034 00ED00E0 		.word	-536810240
 365              		.cfi_endproc
 366              	.LFE46:
 368              		.section	.text.HAL_PWR_EnterSTANDBYMode,"ax",%progbits
 369              		.align	1
 370              		.global	HAL_PWR_EnterSTANDBYMode
 371              		.syntax unified
 372              		.code	16
 373              		.thumb_func
 375              	HAL_PWR_EnterSTANDBYMode:
 376              	.LFB47:
 350:Drivers/STM32F0xx_HAL_Driver/Src/stm32f0xx_hal_pwr.c **** 
 351:Drivers/STM32F0xx_HAL_Driver/Src/stm32f0xx_hal_pwr.c **** /**
 352:Drivers/STM32F0xx_HAL_Driver/Src/stm32f0xx_hal_pwr.c ****   * @brief Enters STANDBY mode.
 353:Drivers/STM32F0xx_HAL_Driver/Src/stm32f0xx_hal_pwr.c ****   * @note  In Standby mode, all I/O pins are high impedance except for:
 354:Drivers/STM32F0xx_HAL_Driver/Src/stm32f0xx_hal_pwr.c ****   *          - Reset pad (still available)
 355:Drivers/STM32F0xx_HAL_Driver/Src/stm32f0xx_hal_pwr.c ****   *          - RTC alternate function pins if configured for tamper, time-stamp, RTC
 356:Drivers/STM32F0xx_HAL_Driver/Src/stm32f0xx_hal_pwr.c ****   *            Alarm out, or RTC clock calibration out.
 357:Drivers/STM32F0xx_HAL_Driver/Src/stm32f0xx_hal_pwr.c ****   *          - WKUP pins if enabled.
 358:Drivers/STM32F0xx_HAL_Driver/Src/stm32f0xx_hal_pwr.c ****   *            STM32F0x8 devices, the Stop mode is available, but it is 
 359:Drivers/STM32F0xx_HAL_Driver/Src/stm32f0xx_hal_pwr.c ****   *            aningless to distinguish between voltage regulator in Low power 
 360:Drivers/STM32F0xx_HAL_Driver/Src/stm32f0xx_hal_pwr.c ****   *            mode and voltage regulator in Run mode because the regulator 
ARM GAS  C:\Users\mulwe\AppData\Local\Temp\ccYFSDOH.s 			page 14


 361:Drivers/STM32F0xx_HAL_Driver/Src/stm32f0xx_hal_pwr.c ****   *            not used and the core is supplied directly from an external source.
 362:Drivers/STM32F0xx_HAL_Driver/Src/stm32f0xx_hal_pwr.c ****   *            Consequently, the Standby mode is not available on those devices.
 363:Drivers/STM32F0xx_HAL_Driver/Src/stm32f0xx_hal_pwr.c ****   * @retval None
 364:Drivers/STM32F0xx_HAL_Driver/Src/stm32f0xx_hal_pwr.c ****   */
 365:Drivers/STM32F0xx_HAL_Driver/Src/stm32f0xx_hal_pwr.c **** void HAL_PWR_EnterSTANDBYMode(void)
 366:Drivers/STM32F0xx_HAL_Driver/Src/stm32f0xx_hal_pwr.c **** {
 377              		.loc 1 366 1 view -0
 378              		.cfi_startproc
 379              		@ args = 0, pretend = 0, frame = 0
 380              		@ frame_needed = 0, uses_anonymous_args = 0
 381              		@ link register save eliminated.
 367:Drivers/STM32F0xx_HAL_Driver/Src/stm32f0xx_hal_pwr.c ****   /* Select STANDBY mode */
 368:Drivers/STM32F0xx_HAL_Driver/Src/stm32f0xx_hal_pwr.c ****   PWR->CR |= (uint32_t)PWR_CR_PDDS;
 382              		.loc 1 368 3 view .LVU82
 383              		.loc 1 368 11 is_stmt 0 view .LVU83
 384 0000 0223     		movs	r3, #2
 385              		.loc 1 368 6 view .LVU84
 386 0002 054A     		ldr	r2, .L27
 387 0004 1168     		ldr	r1, [r2]
 388              		.loc 1 368 11 view .LVU85
 389 0006 0B43     		orrs	r3, r1
 390 0008 1360     		str	r3, [r2]
 369:Drivers/STM32F0xx_HAL_Driver/Src/stm32f0xx_hal_pwr.c **** 
 370:Drivers/STM32F0xx_HAL_Driver/Src/stm32f0xx_hal_pwr.c ****   /* Set SLEEPDEEP bit of Cortex System Control Register */
 371:Drivers/STM32F0xx_HAL_Driver/Src/stm32f0xx_hal_pwr.c ****   SCB->SCR |= SCB_SCR_SLEEPDEEP_Msk;
 391              		.loc 1 371 3 is_stmt 1 view .LVU86
 392              		.loc 1 371 12 is_stmt 0 view .LVU87
 393 000a 0423     		movs	r3, #4
 394              		.loc 1 371 6 view .LVU88
 395 000c 034A     		ldr	r2, .L27+4
 396 000e 1169     		ldr	r1, [r2, #16]
 397              		.loc 1 371 12 view .LVU89
 398 0010 0B43     		orrs	r3, r1
 399 0012 1361     		str	r3, [r2, #16]
 372:Drivers/STM32F0xx_HAL_Driver/Src/stm32f0xx_hal_pwr.c **** 
 373:Drivers/STM32F0xx_HAL_Driver/Src/stm32f0xx_hal_pwr.c ****   /* This option is used to ensure that store operations are completed */
 374:Drivers/STM32F0xx_HAL_Driver/Src/stm32f0xx_hal_pwr.c **** #if defined ( __CC_ARM)
 375:Drivers/STM32F0xx_HAL_Driver/Src/stm32f0xx_hal_pwr.c ****   __force_stores();
 376:Drivers/STM32F0xx_HAL_Driver/Src/stm32f0xx_hal_pwr.c **** #endif
 377:Drivers/STM32F0xx_HAL_Driver/Src/stm32f0xx_hal_pwr.c ****   /* Request Wait For Interrupt */
 378:Drivers/STM32F0xx_HAL_Driver/Src/stm32f0xx_hal_pwr.c ****   __WFI();
 400              		.loc 1 378 3 is_stmt 1 view .LVU90
 401              		.syntax divided
 402              	@ 378 "Drivers/STM32F0xx_HAL_Driver/Src/stm32f0xx_hal_pwr.c" 1
 403 0014 30BF     		wfi
 404              	@ 0 "" 2
 379:Drivers/STM32F0xx_HAL_Driver/Src/stm32f0xx_hal_pwr.c **** }
 405              		.loc 1 379 1 is_stmt 0 view .LVU91
 406              		.thumb
 407              		.syntax unified
 408              		@ sp needed
 409 0016 7047     		bx	lr
 410              	.L28:
 411              		.align	2
 412              	.L27:
 413 0018 00700040 		.word	1073770496
 414 001c 00ED00E0 		.word	-536810240
ARM GAS  C:\Users\mulwe\AppData\Local\Temp\ccYFSDOH.s 			page 15


 415              		.cfi_endproc
 416              	.LFE47:
 418              		.section	.text.HAL_PWR_EnableSleepOnExit,"ax",%progbits
 419              		.align	1
 420              		.global	HAL_PWR_EnableSleepOnExit
 421              		.syntax unified
 422              		.code	16
 423              		.thumb_func
 425              	HAL_PWR_EnableSleepOnExit:
 426              	.LFB48:
 380:Drivers/STM32F0xx_HAL_Driver/Src/stm32f0xx_hal_pwr.c **** 
 381:Drivers/STM32F0xx_HAL_Driver/Src/stm32f0xx_hal_pwr.c **** /**
 382:Drivers/STM32F0xx_HAL_Driver/Src/stm32f0xx_hal_pwr.c ****   * @brief Indicates Sleep-On-Exit when returning from Handler mode to Thread mode. 
 383:Drivers/STM32F0xx_HAL_Driver/Src/stm32f0xx_hal_pwr.c ****   * @note Set SLEEPONEXIT bit of SCR register. When this bit is set, the processor 
 384:Drivers/STM32F0xx_HAL_Driver/Src/stm32f0xx_hal_pwr.c ****   *       re-enters SLEEP mode when an interruption handling is over.
 385:Drivers/STM32F0xx_HAL_Driver/Src/stm32f0xx_hal_pwr.c ****   *       Setting this bit is useful when the processor is expected to run only on
 386:Drivers/STM32F0xx_HAL_Driver/Src/stm32f0xx_hal_pwr.c ****   *       interruptions handling.         
 387:Drivers/STM32F0xx_HAL_Driver/Src/stm32f0xx_hal_pwr.c ****   * @retval None
 388:Drivers/STM32F0xx_HAL_Driver/Src/stm32f0xx_hal_pwr.c ****   */
 389:Drivers/STM32F0xx_HAL_Driver/Src/stm32f0xx_hal_pwr.c **** void HAL_PWR_EnableSleepOnExit(void)
 390:Drivers/STM32F0xx_HAL_Driver/Src/stm32f0xx_hal_pwr.c **** {
 427              		.loc 1 390 1 is_stmt 1 view -0
 428              		.cfi_startproc
 429              		@ args = 0, pretend = 0, frame = 0
 430              		@ frame_needed = 0, uses_anonymous_args = 0
 431              		@ link register save eliminated.
 391:Drivers/STM32F0xx_HAL_Driver/Src/stm32f0xx_hal_pwr.c ****   /* Set SLEEPONEXIT bit of Cortex System Control Register */
 392:Drivers/STM32F0xx_HAL_Driver/Src/stm32f0xx_hal_pwr.c ****   SET_BIT(SCB->SCR, ((uint32_t)SCB_SCR_SLEEPONEXIT_Msk));
 432              		.loc 1 392 3 view .LVU93
 433 0000 0223     		movs	r3, #2
 393:Drivers/STM32F0xx_HAL_Driver/Src/stm32f0xx_hal_pwr.c **** }
 434              		.loc 1 393 1 is_stmt 0 view .LVU94
 435              		@ sp needed
 392:Drivers/STM32F0xx_HAL_Driver/Src/stm32f0xx_hal_pwr.c **** }
 436              		.loc 1 392 3 view .LVU95
 437 0002 024A     		ldr	r2, .L30
 438 0004 1169     		ldr	r1, [r2, #16]
 439 0006 0B43     		orrs	r3, r1
 440 0008 1361     		str	r3, [r2, #16]
 441              		.loc 1 393 1 view .LVU96
 442 000a 7047     		bx	lr
 443              	.L31:
 444              		.align	2
 445              	.L30:
 446 000c 00ED00E0 		.word	-536810240
 447              		.cfi_endproc
 448              	.LFE48:
 450              		.section	.text.HAL_PWR_DisableSleepOnExit,"ax",%progbits
 451              		.align	1
 452              		.global	HAL_PWR_DisableSleepOnExit
 453              		.syntax unified
 454              		.code	16
 455              		.thumb_func
 457              	HAL_PWR_DisableSleepOnExit:
 458              	.LFB49:
 394:Drivers/STM32F0xx_HAL_Driver/Src/stm32f0xx_hal_pwr.c **** 
 395:Drivers/STM32F0xx_HAL_Driver/Src/stm32f0xx_hal_pwr.c **** 
ARM GAS  C:\Users\mulwe\AppData\Local\Temp\ccYFSDOH.s 			page 16


 396:Drivers/STM32F0xx_HAL_Driver/Src/stm32f0xx_hal_pwr.c **** /**
 397:Drivers/STM32F0xx_HAL_Driver/Src/stm32f0xx_hal_pwr.c ****   * @brief Disables Sleep-On-Exit feature when returning from Handler mode to Thread mode. 
 398:Drivers/STM32F0xx_HAL_Driver/Src/stm32f0xx_hal_pwr.c ****   * @note Clears SLEEPONEXIT bit of SCR register. When this bit is set, the processor 
 399:Drivers/STM32F0xx_HAL_Driver/Src/stm32f0xx_hal_pwr.c ****   *       re-enters SLEEP mode when an interruption handling is over.          
 400:Drivers/STM32F0xx_HAL_Driver/Src/stm32f0xx_hal_pwr.c ****   * @retval None
 401:Drivers/STM32F0xx_HAL_Driver/Src/stm32f0xx_hal_pwr.c ****   */
 402:Drivers/STM32F0xx_HAL_Driver/Src/stm32f0xx_hal_pwr.c **** void HAL_PWR_DisableSleepOnExit(void)
 403:Drivers/STM32F0xx_HAL_Driver/Src/stm32f0xx_hal_pwr.c **** {
 459              		.loc 1 403 1 is_stmt 1 view -0
 460              		.cfi_startproc
 461              		@ args = 0, pretend = 0, frame = 0
 462              		@ frame_needed = 0, uses_anonymous_args = 0
 463              		@ link register save eliminated.
 404:Drivers/STM32F0xx_HAL_Driver/Src/stm32f0xx_hal_pwr.c ****   /* Clear SLEEPONEXIT bit of Cortex System Control Register */
 405:Drivers/STM32F0xx_HAL_Driver/Src/stm32f0xx_hal_pwr.c ****   CLEAR_BIT(SCB->SCR, ((uint32_t)SCB_SCR_SLEEPONEXIT_Msk));
 464              		.loc 1 405 3 view .LVU98
 465 0000 0221     		movs	r1, #2
 406:Drivers/STM32F0xx_HAL_Driver/Src/stm32f0xx_hal_pwr.c **** }
 466              		.loc 1 406 1 is_stmt 0 view .LVU99
 467              		@ sp needed
 405:Drivers/STM32F0xx_HAL_Driver/Src/stm32f0xx_hal_pwr.c **** }
 468              		.loc 1 405 3 view .LVU100
 469 0002 024A     		ldr	r2, .L33
 470 0004 1369     		ldr	r3, [r2, #16]
 471 0006 8B43     		bics	r3, r1
 472 0008 1361     		str	r3, [r2, #16]
 473              		.loc 1 406 1 view .LVU101
 474 000a 7047     		bx	lr
 475              	.L34:
 476              		.align	2
 477              	.L33:
 478 000c 00ED00E0 		.word	-536810240
 479              		.cfi_endproc
 480              	.LFE49:
 482              		.section	.text.HAL_PWR_EnableSEVOnPend,"ax",%progbits
 483              		.align	1
 484              		.global	HAL_PWR_EnableSEVOnPend
 485              		.syntax unified
 486              		.code	16
 487              		.thumb_func
 489              	HAL_PWR_EnableSEVOnPend:
 490              	.LFB50:
 407:Drivers/STM32F0xx_HAL_Driver/Src/stm32f0xx_hal_pwr.c **** 
 408:Drivers/STM32F0xx_HAL_Driver/Src/stm32f0xx_hal_pwr.c **** 
 409:Drivers/STM32F0xx_HAL_Driver/Src/stm32f0xx_hal_pwr.c **** 
 410:Drivers/STM32F0xx_HAL_Driver/Src/stm32f0xx_hal_pwr.c **** /**
 411:Drivers/STM32F0xx_HAL_Driver/Src/stm32f0xx_hal_pwr.c ****   * @brief Enables CORTEX M4 SEVONPEND bit. 
 412:Drivers/STM32F0xx_HAL_Driver/Src/stm32f0xx_hal_pwr.c ****   * @note Sets SEVONPEND bit of SCR register. When this bit is set, this causes 
 413:Drivers/STM32F0xx_HAL_Driver/Src/stm32f0xx_hal_pwr.c ****   *       WFE to wake up when an interrupt moves from inactive to pended.
 414:Drivers/STM32F0xx_HAL_Driver/Src/stm32f0xx_hal_pwr.c ****   * @retval None
 415:Drivers/STM32F0xx_HAL_Driver/Src/stm32f0xx_hal_pwr.c ****   */
 416:Drivers/STM32F0xx_HAL_Driver/Src/stm32f0xx_hal_pwr.c **** void HAL_PWR_EnableSEVOnPend(void)
 417:Drivers/STM32F0xx_HAL_Driver/Src/stm32f0xx_hal_pwr.c **** {
 491              		.loc 1 417 1 is_stmt 1 view -0
 492              		.cfi_startproc
 493              		@ args = 0, pretend = 0, frame = 0
 494              		@ frame_needed = 0, uses_anonymous_args = 0
ARM GAS  C:\Users\mulwe\AppData\Local\Temp\ccYFSDOH.s 			page 17


 495              		@ link register save eliminated.
 418:Drivers/STM32F0xx_HAL_Driver/Src/stm32f0xx_hal_pwr.c ****   /* Set SEVONPEND bit of Cortex System Control Register */
 419:Drivers/STM32F0xx_HAL_Driver/Src/stm32f0xx_hal_pwr.c ****   SET_BIT(SCB->SCR, ((uint32_t)SCB_SCR_SEVONPEND_Msk));
 496              		.loc 1 419 3 view .LVU103
 497 0000 1023     		movs	r3, #16
 420:Drivers/STM32F0xx_HAL_Driver/Src/stm32f0xx_hal_pwr.c **** }
 498              		.loc 1 420 1 is_stmt 0 view .LVU104
 499              		@ sp needed
 419:Drivers/STM32F0xx_HAL_Driver/Src/stm32f0xx_hal_pwr.c **** }
 500              		.loc 1 419 3 view .LVU105
 501 0002 024A     		ldr	r2, .L36
 502 0004 1169     		ldr	r1, [r2, #16]
 503 0006 0B43     		orrs	r3, r1
 504 0008 1361     		str	r3, [r2, #16]
 505              		.loc 1 420 1 view .LVU106
 506 000a 7047     		bx	lr
 507              	.L37:
 508              		.align	2
 509              	.L36:
 510 000c 00ED00E0 		.word	-536810240
 511              		.cfi_endproc
 512              	.LFE50:
 514              		.section	.text.HAL_PWR_DisableSEVOnPend,"ax",%progbits
 515              		.align	1
 516              		.global	HAL_PWR_DisableSEVOnPend
 517              		.syntax unified
 518              		.code	16
 519              		.thumb_func
 521              	HAL_PWR_DisableSEVOnPend:
 522              	.LFB51:
 421:Drivers/STM32F0xx_HAL_Driver/Src/stm32f0xx_hal_pwr.c **** 
 422:Drivers/STM32F0xx_HAL_Driver/Src/stm32f0xx_hal_pwr.c **** 
 423:Drivers/STM32F0xx_HAL_Driver/Src/stm32f0xx_hal_pwr.c **** /**
 424:Drivers/STM32F0xx_HAL_Driver/Src/stm32f0xx_hal_pwr.c ****   * @brief Disables CORTEX M4 SEVONPEND bit. 
 425:Drivers/STM32F0xx_HAL_Driver/Src/stm32f0xx_hal_pwr.c ****   * @note Clears SEVONPEND bit of SCR register. When this bit is set, this causes 
 426:Drivers/STM32F0xx_HAL_Driver/Src/stm32f0xx_hal_pwr.c ****   *       WFE to wake up when an interrupt moves from inactive to pended.         
 427:Drivers/STM32F0xx_HAL_Driver/Src/stm32f0xx_hal_pwr.c ****   * @retval None
 428:Drivers/STM32F0xx_HAL_Driver/Src/stm32f0xx_hal_pwr.c ****   */
 429:Drivers/STM32F0xx_HAL_Driver/Src/stm32f0xx_hal_pwr.c **** void HAL_PWR_DisableSEVOnPend(void)
 430:Drivers/STM32F0xx_HAL_Driver/Src/stm32f0xx_hal_pwr.c **** {
 523              		.loc 1 430 1 is_stmt 1 view -0
 524              		.cfi_startproc
 525              		@ args = 0, pretend = 0, frame = 0
 526              		@ frame_needed = 0, uses_anonymous_args = 0
 527              		@ link register save eliminated.
 431:Drivers/STM32F0xx_HAL_Driver/Src/stm32f0xx_hal_pwr.c ****   /* Clear SEVONPEND bit of Cortex System Control Register */
 432:Drivers/STM32F0xx_HAL_Driver/Src/stm32f0xx_hal_pwr.c ****   CLEAR_BIT(SCB->SCR, ((uint32_t)SCB_SCR_SEVONPEND_Msk));
 528              		.loc 1 432 3 view .LVU108
 529 0000 1021     		movs	r1, #16
 433:Drivers/STM32F0xx_HAL_Driver/Src/stm32f0xx_hal_pwr.c **** }
 530              		.loc 1 433 1 is_stmt 0 view .LVU109
 531              		@ sp needed
 432:Drivers/STM32F0xx_HAL_Driver/Src/stm32f0xx_hal_pwr.c **** }
 532              		.loc 1 432 3 view .LVU110
 533 0002 024A     		ldr	r2, .L39
 534 0004 1369     		ldr	r3, [r2, #16]
 535 0006 8B43     		bics	r3, r1
ARM GAS  C:\Users\mulwe\AppData\Local\Temp\ccYFSDOH.s 			page 18


 536 0008 1361     		str	r3, [r2, #16]
 537              		.loc 1 433 1 view .LVU111
 538 000a 7047     		bx	lr
 539              	.L40:
 540              		.align	2
 541              	.L39:
 542 000c 00ED00E0 		.word	-536810240
 543              		.cfi_endproc
 544              	.LFE51:
 546              		.text
 547              	.Letext0:
 548              		.file 2 "C:\\ST\\STM32CubeIDE_1.19.0\\STM32CubeIDE\\plugins\\com.st.stm32cube.ide.mcu.externaltool
 549              		.file 3 "C:\\ST\\STM32CubeIDE_1.19.0\\STM32CubeIDE\\plugins\\com.st.stm32cube.ide.mcu.externaltool
 550              		.file 4 "Drivers/CMSIS/Include/core_cm0.h"
 551              		.file 5 "Drivers/CMSIS/Device/ST/STM32F0xx/Include/stm32f051x8.h"
ARM GAS  C:\Users\mulwe\AppData\Local\Temp\ccYFSDOH.s 			page 19


DEFINED SYMBOLS
                            *ABS*:00000000 stm32f0xx_hal_pwr.c
C:\Users\mulwe\AppData\Local\Temp\ccYFSDOH.s:19     .text.HAL_PWR_DeInit:00000000 $t
C:\Users\mulwe\AppData\Local\Temp\ccYFSDOH.s:25     .text.HAL_PWR_DeInit:00000000 HAL_PWR_DeInit
C:\Users\mulwe\AppData\Local\Temp\ccYFSDOH.s:52     .text.HAL_PWR_DeInit:00000018 $d
C:\Users\mulwe\AppData\Local\Temp\ccYFSDOH.s:58     .text.HAL_PWR_EnableBkUpAccess:00000000 $t
C:\Users\mulwe\AppData\Local\Temp\ccYFSDOH.s:64     .text.HAL_PWR_EnableBkUpAccess:00000000 HAL_PWR_EnableBkUpAccess
C:\Users\mulwe\AppData\Local\Temp\ccYFSDOH.s:90     .text.HAL_PWR_EnableBkUpAccess:00000010 $d
C:\Users\mulwe\AppData\Local\Temp\ccYFSDOH.s:95     .text.HAL_PWR_DisableBkUpAccess:00000000 $t
C:\Users\mulwe\AppData\Local\Temp\ccYFSDOH.s:101    .text.HAL_PWR_DisableBkUpAccess:00000000 HAL_PWR_DisableBkUpAccess
C:\Users\mulwe\AppData\Local\Temp\ccYFSDOH.s:125    .text.HAL_PWR_DisableBkUpAccess:0000000c $d
C:\Users\mulwe\AppData\Local\Temp\ccYFSDOH.s:131    .text.HAL_PWR_EnableWakeUpPin:00000000 $t
C:\Users\mulwe\AppData\Local\Temp\ccYFSDOH.s:137    .text.HAL_PWR_EnableWakeUpPin:00000000 HAL_PWR_EnableWakeUpPin
C:\Users\mulwe\AppData\Local\Temp\ccYFSDOH.s:159    .text.HAL_PWR_EnableWakeUpPin:0000000c $d
C:\Users\mulwe\AppData\Local\Temp\ccYFSDOH.s:164    .text.HAL_PWR_DisableWakeUpPin:00000000 $t
C:\Users\mulwe\AppData\Local\Temp\ccYFSDOH.s:170    .text.HAL_PWR_DisableWakeUpPin:00000000 HAL_PWR_DisableWakeUpPin
C:\Users\mulwe\AppData\Local\Temp\ccYFSDOH.s:192    .text.HAL_PWR_DisableWakeUpPin:0000000c $d
C:\Users\mulwe\AppData\Local\Temp\ccYFSDOH.s:197    .text.HAL_PWR_EnterSLEEPMode:00000000 $t
C:\Users\mulwe\AppData\Local\Temp\ccYFSDOH.s:203    .text.HAL_PWR_EnterSLEEPMode:00000000 HAL_PWR_EnterSLEEPMode
C:\Users\mulwe\AppData\Local\Temp\ccYFSDOH.s:259    .text.HAL_PWR_EnterSLEEPMode:0000001c $d
C:\Users\mulwe\AppData\Local\Temp\ccYFSDOH.s:264    .text.HAL_PWR_EnterSTOPMode:00000000 $t
C:\Users\mulwe\AppData\Local\Temp\ccYFSDOH.s:270    .text.HAL_PWR_EnterSTOPMode:00000000 HAL_PWR_EnterSTOPMode
C:\Users\mulwe\AppData\Local\Temp\ccYFSDOH.s:363    .text.HAL_PWR_EnterSTOPMode:00000030 $d
C:\Users\mulwe\AppData\Local\Temp\ccYFSDOH.s:369    .text.HAL_PWR_EnterSTANDBYMode:00000000 $t
C:\Users\mulwe\AppData\Local\Temp\ccYFSDOH.s:375    .text.HAL_PWR_EnterSTANDBYMode:00000000 HAL_PWR_EnterSTANDBYMode
C:\Users\mulwe\AppData\Local\Temp\ccYFSDOH.s:413    .text.HAL_PWR_EnterSTANDBYMode:00000018 $d
C:\Users\mulwe\AppData\Local\Temp\ccYFSDOH.s:419    .text.HAL_PWR_EnableSleepOnExit:00000000 $t
C:\Users\mulwe\AppData\Local\Temp\ccYFSDOH.s:425    .text.HAL_PWR_EnableSleepOnExit:00000000 HAL_PWR_EnableSleepOnExit
C:\Users\mulwe\AppData\Local\Temp\ccYFSDOH.s:446    .text.HAL_PWR_EnableSleepOnExit:0000000c $d
C:\Users\mulwe\AppData\Local\Temp\ccYFSDOH.s:451    .text.HAL_PWR_DisableSleepOnExit:00000000 $t
C:\Users\mulwe\AppData\Local\Temp\ccYFSDOH.s:457    .text.HAL_PWR_DisableSleepOnExit:00000000 HAL_PWR_DisableSleepOnExit
C:\Users\mulwe\AppData\Local\Temp\ccYFSDOH.s:478    .text.HAL_PWR_DisableSleepOnExit:0000000c $d
C:\Users\mulwe\AppData\Local\Temp\ccYFSDOH.s:483    .text.HAL_PWR_EnableSEVOnPend:00000000 $t
C:\Users\mulwe\AppData\Local\Temp\ccYFSDOH.s:489    .text.HAL_PWR_EnableSEVOnPend:00000000 HAL_PWR_EnableSEVOnPend
C:\Users\mulwe\AppData\Local\Temp\ccYFSDOH.s:510    .text.HAL_PWR_EnableSEVOnPend:0000000c $d
C:\Users\mulwe\AppData\Local\Temp\ccYFSDOH.s:515    .text.HAL_PWR_DisableSEVOnPend:00000000 $t
C:\Users\mulwe\AppData\Local\Temp\ccYFSDOH.s:521    .text.HAL_PWR_DisableSEVOnPend:00000000 HAL_PWR_DisableSEVOnPend
C:\Users\mulwe\AppData\Local\Temp\ccYFSDOH.s:542    .text.HAL_PWR_DisableSEVOnPend:0000000c $d

NO UNDEFINED SYMBOLS
