ARM GAS  C:\Users\mulwe\AppData\Local\Temp\ccZDLX9r.s 			page 1


   1              		.cpu cortex-m0
   2              		.arch armv6s-m
   3              		.fpu softvfp
   4              		.eabi_attribute 20, 1
   5              		.eabi_attribute 21, 1
   6              		.eabi_attribute 23, 3
   7              		.eabi_attribute 24, 1
   8              		.eabi_attribute 25, 1
   9              		.eabi_attribute 26, 1
  10              		.eabi_attribute 30, 4
  11              		.eabi_attribute 34, 0
  12              		.eabi_attribute 18, 4
  13              		.file	"syscalls.c"
  14              		.text
  15              	.Ltext0:
  16              		.cfi_sections	.debug_frame
  17              		.file 1 "Core/Src/syscalls.c"
  18              		.section	.text.initialise_monitor_handles,"ax",%progbits
  19              		.align	1
  20              		.global	initialise_monitor_handles
  21              		.syntax unified
  22              		.code	16
  23              		.thumb_func
  25              	initialise_monitor_handles:
  26              	.LFB25:
   1:Core/Src/syscalls.c **** /**
   2:Core/Src/syscalls.c ****  ******************************************************************************
   3:Core/Src/syscalls.c ****  * @file      syscalls.c
   4:Core/Src/syscalls.c ****  * @author    Auto-generated by STM32CubeMX
   5:Core/Src/syscalls.c ****  * @brief     Minimal System calls file
   6:Core/Src/syscalls.c ****  *
   7:Core/Src/syscalls.c ****  *            For more information about which c-functions
   8:Core/Src/syscalls.c ****  *            need which of these lowlevel functions
   9:Core/Src/syscalls.c ****  *            please consult the Newlib or Picolibc libc-manual
  10:Core/Src/syscalls.c ****  ******************************************************************************
  11:Core/Src/syscalls.c ****  * @attention
  12:Core/Src/syscalls.c ****  *
  13:Core/Src/syscalls.c ****  * Copyright (c) 2020-2025 STMicroelectronics.
  14:Core/Src/syscalls.c ****  * All rights reserved.
  15:Core/Src/syscalls.c ****  *
  16:Core/Src/syscalls.c ****  * This software is licensed under terms that can be found in the LICENSE file
  17:Core/Src/syscalls.c ****  * in the root directory of this software component.
  18:Core/Src/syscalls.c ****  * If no LICENSE file comes with this software, it is provided AS-IS.
  19:Core/Src/syscalls.c ****  *
  20:Core/Src/syscalls.c ****  ******************************************************************************
  21:Core/Src/syscalls.c ****  */
  22:Core/Src/syscalls.c **** 
  23:Core/Src/syscalls.c **** /* Includes */
  24:Core/Src/syscalls.c **** #include <sys/stat.h>
  25:Core/Src/syscalls.c **** #include <stdlib.h>
  26:Core/Src/syscalls.c **** #include <errno.h>
  27:Core/Src/syscalls.c **** #include <stdio.h>
  28:Core/Src/syscalls.c **** #include <signal.h>
  29:Core/Src/syscalls.c **** #include <time.h>
  30:Core/Src/syscalls.c **** #include <sys/time.h>
  31:Core/Src/syscalls.c **** #include <sys/times.h>
  32:Core/Src/syscalls.c **** 
ARM GAS  C:\Users\mulwe\AppData\Local\Temp\ccZDLX9r.s 			page 2


  33:Core/Src/syscalls.c **** 
  34:Core/Src/syscalls.c **** /* Variables */
  35:Core/Src/syscalls.c **** extern int __io_putchar(int ch) __attribute__((weak));
  36:Core/Src/syscalls.c **** extern int __io_getchar(void) __attribute__((weak));
  37:Core/Src/syscalls.c **** 
  38:Core/Src/syscalls.c **** 
  39:Core/Src/syscalls.c **** char *__env[1] = { 0 };
  40:Core/Src/syscalls.c **** char **environ = __env;
  41:Core/Src/syscalls.c **** 
  42:Core/Src/syscalls.c **** 
  43:Core/Src/syscalls.c **** /* Functions */
  44:Core/Src/syscalls.c **** void initialise_monitor_handles()
  45:Core/Src/syscalls.c **** {
  27              		.loc 1 45 1 view -0
  28              		.cfi_startproc
  29              		@ args = 0, pretend = 0, frame = 0
  30              		@ frame_needed = 0, uses_anonymous_args = 0
  31              		@ link register save eliminated.
  46:Core/Src/syscalls.c **** }
  32              		.loc 1 46 1 view .LVU1
  33              		@ sp needed
  34 0000 7047     		bx	lr
  35              		.cfi_endproc
  36              	.LFE25:
  38              		.section	.text._getpid,"ax",%progbits
  39              		.align	1
  40              		.global	_getpid
  41              		.syntax unified
  42              		.code	16
  43              		.thumb_func
  45              	_getpid:
  46              	.LFB26:
  47:Core/Src/syscalls.c **** 
  48:Core/Src/syscalls.c **** int _getpid(void)
  49:Core/Src/syscalls.c **** {
  47              		.loc 1 49 1 view -0
  48              		.cfi_startproc
  49              		@ args = 0, pretend = 0, frame = 0
  50              		@ frame_needed = 0, uses_anonymous_args = 0
  51              		@ link register save eliminated.
  50:Core/Src/syscalls.c ****   return 1;
  52              		.loc 1 50 3 view .LVU3
  51:Core/Src/syscalls.c **** }
  53              		.loc 1 51 1 is_stmt 0 view .LVU4
  54 0000 0120     		movs	r0, #1
  55              		@ sp needed
  56 0002 7047     		bx	lr
  57              		.cfi_endproc
  58              	.LFE26:
  60              		.section	.text._kill,"ax",%progbits
  61              		.align	1
  62              		.global	_kill
  63              		.syntax unified
  64              		.code	16
  65              		.thumb_func
  67              	_kill:
  68              	.LVL0:
ARM GAS  C:\Users\mulwe\AppData\Local\Temp\ccZDLX9r.s 			page 3


  69              	.LFB27:
  52:Core/Src/syscalls.c **** 
  53:Core/Src/syscalls.c **** int _kill(int pid, int sig)
  54:Core/Src/syscalls.c **** {
  70              		.loc 1 54 1 is_stmt 1 view -0
  71              		.cfi_startproc
  72              		@ args = 0, pretend = 0, frame = 0
  73              		@ frame_needed = 0, uses_anonymous_args = 0
  55:Core/Src/syscalls.c ****   (void)pid;
  74              		.loc 1 55 3 view .LVU6
  56:Core/Src/syscalls.c ****   (void)sig;
  75              		.loc 1 56 3 view .LVU7
  57:Core/Src/syscalls.c ****   errno = EINVAL;
  76              		.loc 1 57 3 view .LVU8
  54:Core/Src/syscalls.c ****   (void)pid;
  77              		.loc 1 54 1 is_stmt 0 view .LVU9
  78 0000 10B5     		push	{r4, lr}
  79              	.LCFI0:
  80              		.cfi_def_cfa_offset 8
  81              		.cfi_offset 4, -8
  82              		.cfi_offset 14, -4
  83              		.loc 1 57 3 view .LVU10
  84 0002 FFF7FEFF 		bl	__errno
  85              	.LVL1:
  58:Core/Src/syscalls.c ****   return -1;
  59:Core/Src/syscalls.c **** }
  86              		.loc 1 59 1 view .LVU11
  87              		@ sp needed
  57:Core/Src/syscalls.c ****   return -1;
  88              		.loc 1 57 9 discriminator 1 view .LVU12
  89 0006 1623     		movs	r3, #22
  90 0008 0360     		str	r3, [r0]
  58:Core/Src/syscalls.c ****   return -1;
  91              		.loc 1 58 3 is_stmt 1 view .LVU13
  58:Core/Src/syscalls.c ****   return -1;
  92              		.loc 1 58 10 is_stmt 0 discriminator 1 view .LVU14
  93 000a 0120     		movs	r0, #1
  94              		.loc 1 59 1 view .LVU15
  95 000c 4042     		rsbs	r0, r0, #0
  96 000e 10BD     		pop	{r4, pc}
  97              		.cfi_endproc
  98              	.LFE27:
 100              		.section	.text._exit,"ax",%progbits
 101              		.align	1
 102              		.global	_exit
 103              		.syntax unified
 104              		.code	16
 105              		.thumb_func
 107              	_exit:
 108              	.LVL2:
 109              	.LFB28:
  60:Core/Src/syscalls.c **** 
  61:Core/Src/syscalls.c **** void _exit (int status)
  62:Core/Src/syscalls.c **** {
 110              		.loc 1 62 1 is_stmt 1 view -0
 111              		.cfi_startproc
 112              		@ Volatile: function does not return.
ARM GAS  C:\Users\mulwe\AppData\Local\Temp\ccZDLX9r.s 			page 4


 113              		@ args = 0, pretend = 0, frame = 0
 114              		@ frame_needed = 0, uses_anonymous_args = 0
  63:Core/Src/syscalls.c ****   _kill(status, -1);
 115              		.loc 1 63 3 view .LVU17
 116              	.LBB4:
 117              	.LBI4:
  53:Core/Src/syscalls.c **** {
 118              		.loc 1 53 5 view .LVU18
 119              	.LBB5:
  55:Core/Src/syscalls.c ****   (void)sig;
 120              		.loc 1 55 3 view .LVU19
  56:Core/Src/syscalls.c ****   errno = EINVAL;
 121              		.loc 1 56 3 view .LVU20
  57:Core/Src/syscalls.c ****   return -1;
 122              		.loc 1 57 3 view .LVU21
 123              	.LBE5:
 124              	.LBE4:
  62:Core/Src/syscalls.c ****   _kill(status, -1);
 125              		.loc 1 62 1 is_stmt 0 view .LVU22
 126 0000 10B5     		push	{r4, lr}
 127              	.LCFI1:
 128              		.cfi_def_cfa_offset 8
 129              		.cfi_offset 4, -8
 130              		.cfi_offset 14, -4
 131              	.LBB7:
 132              	.LBB6:
  57:Core/Src/syscalls.c ****   return -1;
 133              		.loc 1 57 3 view .LVU23
 134 0002 FFF7FEFF 		bl	__errno
 135              	.LVL3:
  57:Core/Src/syscalls.c ****   return -1;
 136              		.loc 1 57 9 discriminator 1 view .LVU24
 137 0006 1623     		movs	r3, #22
 138 0008 0360     		str	r3, [r0]
  58:Core/Src/syscalls.c **** }
 139              		.loc 1 58 3 is_stmt 1 view .LVU25
 140              	.LVL4:
 141              	.L5:
  58:Core/Src/syscalls.c **** }
 142              		.loc 1 58 3 is_stmt 0 view .LVU26
 143              	.LBE6:
 144              	.LBE7:
  64:Core/Src/syscalls.c ****   while (1) {}    /* Make sure we hang here */
 145              		.loc 1 64 3 is_stmt 1 view .LVU27
 146              		.loc 1 64 14 view .LVU28
 147              		.loc 1 64 9 view .LVU29
 148 000a FEE7     		b	.L5
 149              		.cfi_endproc
 150              	.LFE28:
 152              		.section	.text._read,"ax",%progbits
 153              		.align	1
 154              		.weak	_read
 155              		.syntax unified
 156              		.code	16
 157              		.thumb_func
 159              	_read:
 160              	.LVL5:
ARM GAS  C:\Users\mulwe\AppData\Local\Temp\ccZDLX9r.s 			page 5


 161              	.LFB29:
  65:Core/Src/syscalls.c **** }
  66:Core/Src/syscalls.c **** 
  67:Core/Src/syscalls.c **** __attribute__((weak)) int _read(int file, char *ptr, int len)
  68:Core/Src/syscalls.c **** {
 162              		.loc 1 68 1 view -0
 163              		.cfi_startproc
 164              		@ args = 0, pretend = 0, frame = 0
 165              		@ frame_needed = 0, uses_anonymous_args = 0
  69:Core/Src/syscalls.c ****   (void)file;
 166              		.loc 1 69 3 view .LVU31
  70:Core/Src/syscalls.c ****   int DataIdx;
 167              		.loc 1 70 3 view .LVU32
  71:Core/Src/syscalls.c **** 
  72:Core/Src/syscalls.c ****   for (DataIdx = 0; DataIdx < len; DataIdx++)
 168              		.loc 1 72 3 view .LVU33
  68:Core/Src/syscalls.c ****   (void)file;
 169              		.loc 1 68 1 is_stmt 0 view .LVU34
 170 0000 70B5     		push	{r4, r5, r6, lr}
 171              	.LCFI2:
 172              		.cfi_def_cfa_offset 16
 173              		.cfi_offset 4, -16
 174              		.cfi_offset 5, -12
 175              		.cfi_offset 6, -8
 176              		.cfi_offset 14, -4
  68:Core/Src/syscalls.c ****   (void)file;
 177              		.loc 1 68 1 view .LVU35
 178 0002 0E00     		movs	r6, r1
 179 0004 1400     		movs	r4, r2
 180              		.loc 1 72 16 view .LVU36
 181 0006 0025     		movs	r5, #0
 182              	.LVL6:
 183              	.L7:
 184              		.loc 1 72 29 is_stmt 1 discriminator 1 view .LVU37
 185 0008 A542     		cmp	r5, r4
 186 000a 01DB     		blt	.L8
  73:Core/Src/syscalls.c ****   {
  74:Core/Src/syscalls.c ****     *ptr++ = __io_getchar();
  75:Core/Src/syscalls.c ****   }
  76:Core/Src/syscalls.c **** 
  77:Core/Src/syscalls.c ****   return len;
 187              		.loc 1 77 3 view .LVU38
  78:Core/Src/syscalls.c **** }
 188              		.loc 1 78 1 is_stmt 0 view .LVU39
 189              		@ sp needed
 190 000c 2000     		movs	r0, r4
 191              	.LVL7:
 192              	.LVL8:
 193              		.loc 1 78 1 view .LVU40
 194 000e 70BD     		pop	{r4, r5, r6, pc}
 195              	.LVL9:
 196              	.L8:
  74:Core/Src/syscalls.c ****   }
 197              		.loc 1 74 5 is_stmt 1 view .LVU41
  74:Core/Src/syscalls.c ****   }
 198              		.loc 1 74 14 is_stmt 0 view .LVU42
 199 0010 FFF7FEFF 		bl	__io_getchar
ARM GAS  C:\Users\mulwe\AppData\Local\Temp\ccZDLX9r.s 			page 6


 200              	.LVL10:
  74:Core/Src/syscalls.c ****   }
 201              		.loc 1 74 12 discriminator 1 view .LVU43
 202 0014 7055     		strb	r0, [r6, r5]
  72:Core/Src/syscalls.c ****   {
 203              		.loc 1 72 43 is_stmt 1 discriminator 3 view .LVU44
 204 0016 0135     		adds	r5, r5, #1
 205              	.LVL11:
  72:Core/Src/syscalls.c ****   {
 206              		.loc 1 72 43 is_stmt 0 discriminator 3 view .LVU45
 207 0018 F6E7     		b	.L7
 208              		.cfi_endproc
 209              	.LFE29:
 211              		.section	.text._write,"ax",%progbits
 212              		.align	1
 213              		.weak	_write
 214              		.syntax unified
 215              		.code	16
 216              		.thumb_func
 218              	_write:
 219              	.LVL12:
 220              	.LFB30:
  79:Core/Src/syscalls.c **** 
  80:Core/Src/syscalls.c **** __attribute__((weak)) int _write(int file, char *ptr, int len)
  81:Core/Src/syscalls.c **** {
 221              		.loc 1 81 1 is_stmt 1 view -0
 222              		.cfi_startproc
 223              		@ args = 0, pretend = 0, frame = 0
 224              		@ frame_needed = 0, uses_anonymous_args = 0
  82:Core/Src/syscalls.c ****   (void)file;
 225              		.loc 1 82 3 view .LVU47
  83:Core/Src/syscalls.c ****   int DataIdx;
 226              		.loc 1 83 3 view .LVU48
  84:Core/Src/syscalls.c **** 
  85:Core/Src/syscalls.c ****   for (DataIdx = 0; DataIdx < len; DataIdx++)
 227              		.loc 1 85 3 view .LVU49
  81:Core/Src/syscalls.c ****   (void)file;
 228              		.loc 1 81 1 is_stmt 0 view .LVU50
 229 0000 70B5     		push	{r4, r5, r6, lr}
 230              	.LCFI3:
 231              		.cfi_def_cfa_offset 16
 232              		.cfi_offset 4, -16
 233              		.cfi_offset 5, -12
 234              		.cfi_offset 6, -8
 235              		.cfi_offset 14, -4
  81:Core/Src/syscalls.c ****   (void)file;
 236              		.loc 1 81 1 view .LVU51
 237 0002 0E00     		movs	r6, r1
 238 0004 1400     		movs	r4, r2
 239              		.loc 1 85 16 view .LVU52
 240 0006 0025     		movs	r5, #0
 241              	.LVL13:
 242              	.L10:
 243              		.loc 1 85 29 is_stmt 1 discriminator 1 view .LVU53
 244 0008 A542     		cmp	r5, r4
 245 000a 01DB     		blt	.L11
  86:Core/Src/syscalls.c ****   {
ARM GAS  C:\Users\mulwe\AppData\Local\Temp\ccZDLX9r.s 			page 7


  87:Core/Src/syscalls.c ****     __io_putchar(*ptr++);
  88:Core/Src/syscalls.c ****   }
  89:Core/Src/syscalls.c ****   return len;
 246              		.loc 1 89 3 view .LVU54
  90:Core/Src/syscalls.c **** }
 247              		.loc 1 90 1 is_stmt 0 view .LVU55
 248              		@ sp needed
 249 000c 2000     		movs	r0, r4
 250              	.LVL14:
 251              	.LVL15:
 252              		.loc 1 90 1 view .LVU56
 253 000e 70BD     		pop	{r4, r5, r6, pc}
 254              	.LVL16:
 255              	.L11:
  87:Core/Src/syscalls.c ****   }
 256              		.loc 1 87 5 is_stmt 1 view .LVU57
  87:Core/Src/syscalls.c ****   }
 257              		.loc 1 87 5 is_stmt 0 view .LVU58
 258 0010 705D     		ldrb	r0, [r6, r5]
 259 0012 FFF7FEFF 		bl	__io_putchar
 260              	.LVL17:
  85:Core/Src/syscalls.c ****   {
 261              		.loc 1 85 43 is_stmt 1 discriminator 3 view .LVU59
 262 0016 0135     		adds	r5, r5, #1
 263              	.LVL18:
  85:Core/Src/syscalls.c ****   {
 264              		.loc 1 85 43 is_stmt 0 discriminator 3 view .LVU60
 265 0018 F6E7     		b	.L10
 266              		.cfi_endproc
 267              	.LFE30:
 269              		.section	.text._close,"ax",%progbits
 270              		.align	1
 271              		.global	_close
 272              		.syntax unified
 273              		.code	16
 274              		.thumb_func
 276              	_close:
 277              	.LVL19:
 278              	.LFB31:
  91:Core/Src/syscalls.c **** 
  92:Core/Src/syscalls.c **** int _close(int file)
  93:Core/Src/syscalls.c **** {
 279              		.loc 1 93 1 is_stmt 1 view -0
 280              		.cfi_startproc
 281              		@ args = 0, pretend = 0, frame = 0
 282              		@ frame_needed = 0, uses_anonymous_args = 0
 283              		@ link register save eliminated.
  94:Core/Src/syscalls.c ****   (void)file;
 284              		.loc 1 94 3 view .LVU62
  95:Core/Src/syscalls.c ****   return -1;
 285              		.loc 1 95 3 view .LVU63
 286              		.loc 1 95 10 is_stmt 0 discriminator 1 view .LVU64
 287 0000 0120     		movs	r0, #1
 288              	.LVL20:
  96:Core/Src/syscalls.c **** }
 289              		.loc 1 96 1 view .LVU65
 290              		@ sp needed
ARM GAS  C:\Users\mulwe\AppData\Local\Temp\ccZDLX9r.s 			page 8


 291 0002 4042     		rsbs	r0, r0, #0
 292 0004 7047     		bx	lr
 293              		.cfi_endproc
 294              	.LFE31:
 296              		.section	.text._fstat,"ax",%progbits
 297              		.align	1
 298              		.global	_fstat
 299              		.syntax unified
 300              		.code	16
 301              		.thumb_func
 303              	_fstat:
 304              	.LVL21:
 305              	.LFB32:
  97:Core/Src/syscalls.c **** 
  98:Core/Src/syscalls.c **** 
  99:Core/Src/syscalls.c **** int _fstat(int file, struct stat *st)
 100:Core/Src/syscalls.c **** {
 306              		.loc 1 100 1 is_stmt 1 view -0
 307              		.cfi_startproc
 308              		@ args = 0, pretend = 0, frame = 0
 309              		@ frame_needed = 0, uses_anonymous_args = 0
 310              		@ link register save eliminated.
 101:Core/Src/syscalls.c ****   (void)file;
 311              		.loc 1 101 3 view .LVU67
 102:Core/Src/syscalls.c ****   st->st_mode = S_IFCHR;
 312              		.loc 1 102 3 view .LVU68
 313              		.loc 1 102 15 is_stmt 0 view .LVU69
 314 0000 8023     		movs	r3, #128
 103:Core/Src/syscalls.c ****   return 0;
 104:Core/Src/syscalls.c **** }
 315              		.loc 1 104 1 view .LVU70
 316              		@ sp needed
 102:Core/Src/syscalls.c ****   st->st_mode = S_IFCHR;
 317              		.loc 1 102 15 view .LVU71
 318 0002 9B01     		lsls	r3, r3, #6
 319              		.loc 1 104 1 view .LVU72
 320 0004 0020     		movs	r0, #0
 321              	.LVL22:
 102:Core/Src/syscalls.c ****   st->st_mode = S_IFCHR;
 322              		.loc 1 102 15 view .LVU73
 323 0006 4B60     		str	r3, [r1, #4]
 103:Core/Src/syscalls.c ****   return 0;
 324              		.loc 1 103 3 is_stmt 1 view .LVU74
 325              		.loc 1 104 1 is_stmt 0 view .LVU75
 326 0008 7047     		bx	lr
 327              		.cfi_endproc
 328              	.LFE32:
 330              		.section	.text._isatty,"ax",%progbits
 331              		.align	1
 332              		.global	_isatty
 333              		.syntax unified
 334              		.code	16
 335              		.thumb_func
 337              	_isatty:
 338              	.LVL23:
 339              	.LFB33:
 105:Core/Src/syscalls.c **** 
ARM GAS  C:\Users\mulwe\AppData\Local\Temp\ccZDLX9r.s 			page 9


 106:Core/Src/syscalls.c **** int _isatty(int file)
 107:Core/Src/syscalls.c **** {
 340              		.loc 1 107 1 is_stmt 1 view -0
 341              		.cfi_startproc
 342              		@ args = 0, pretend = 0, frame = 0
 343              		@ frame_needed = 0, uses_anonymous_args = 0
 344              		@ link register save eliminated.
 108:Core/Src/syscalls.c ****   (void)file;
 345              		.loc 1 108 3 view .LVU77
 109:Core/Src/syscalls.c ****   return 1;
 346              		.loc 1 109 3 view .LVU78
 110:Core/Src/syscalls.c **** }
 347              		.loc 1 110 1 is_stmt 0 view .LVU79
 348 0000 0120     		movs	r0, #1
 349              	.LVL24:
 350              		.loc 1 110 1 view .LVU80
 351              		@ sp needed
 352 0002 7047     		bx	lr
 353              		.cfi_endproc
 354              	.LFE33:
 356              		.section	.text._lseek,"ax",%progbits
 357              		.align	1
 358              		.global	_lseek
 359              		.syntax unified
 360              		.code	16
 361              		.thumb_func
 363              	_lseek:
 364              	.LVL25:
 365              	.LFB34:
 111:Core/Src/syscalls.c **** 
 112:Core/Src/syscalls.c **** int _lseek(int file, int ptr, int dir)
 113:Core/Src/syscalls.c **** {
 366              		.loc 1 113 1 is_stmt 1 view -0
 367              		.cfi_startproc
 368              		@ args = 0, pretend = 0, frame = 0
 369              		@ frame_needed = 0, uses_anonymous_args = 0
 370              		@ link register save eliminated.
 114:Core/Src/syscalls.c ****   (void)file;
 371              		.loc 1 114 3 view .LVU82
 115:Core/Src/syscalls.c ****   (void)ptr;
 372              		.loc 1 115 3 view .LVU83
 116:Core/Src/syscalls.c ****   (void)dir;
 373              		.loc 1 116 3 view .LVU84
 117:Core/Src/syscalls.c ****   return 0;
 374              		.loc 1 117 3 view .LVU85
 118:Core/Src/syscalls.c **** }
 375              		.loc 1 118 1 is_stmt 0 view .LVU86
 376 0000 0020     		movs	r0, #0
 377              	.LVL26:
 378              		.loc 1 118 1 view .LVU87
 379              		@ sp needed
 380 0002 7047     		bx	lr
 381              		.cfi_endproc
 382              	.LFE34:
 384              		.section	.text._open,"ax",%progbits
 385              		.align	1
 386              		.global	_open
ARM GAS  C:\Users\mulwe\AppData\Local\Temp\ccZDLX9r.s 			page 10


 387              		.syntax unified
 388              		.code	16
 389              		.thumb_func
 391              	_open:
 392              	.LVL27:
 393              	.LFB35:
 119:Core/Src/syscalls.c **** 
 120:Core/Src/syscalls.c **** int _open(char *path, int flags, ...)
 121:Core/Src/syscalls.c **** {
 394              		.loc 1 121 1 is_stmt 1 view -0
 395              		.cfi_startproc
 396              		@ args = 4, pretend = 12, frame = 0
 397              		@ frame_needed = 0, uses_anonymous_args = 1
 398              		@ link register save eliminated.
 122:Core/Src/syscalls.c ****   (void)path;
 399              		.loc 1 122 3 view .LVU89
 123:Core/Src/syscalls.c ****   (void)flags;
 400              		.loc 1 123 3 view .LVU90
 124:Core/Src/syscalls.c ****   /* Pretend like we always fail */
 125:Core/Src/syscalls.c ****   return -1;
 401              		.loc 1 125 3 view .LVU91
 402              		.loc 1 125 10 is_stmt 0 discriminator 1 view .LVU92
 403 0000 0120     		movs	r0, #1
 404              	.LVL28:
 121:Core/Src/syscalls.c ****   (void)path;
 405              		.loc 1 121 1 view .LVU93
 406 0002 0EB4     		push	{r1, r2, r3}
 407              	.LCFI4:
 408              		.cfi_def_cfa_offset 12
 126:Core/Src/syscalls.c **** }
 409              		.loc 1 126 1 view .LVU94
 410 0004 4042     		rsbs	r0, r0, #0
 411              		@ sp needed
 412 0006 03B0     		add	sp, sp, #12
 413 0008 7047     		bx	lr
 414              		.cfi_endproc
 415              	.LFE35:
 417              		.section	.text._wait,"ax",%progbits
 418              		.align	1
 419              		.global	_wait
 420              		.syntax unified
 421              		.code	16
 422              		.thumb_func
 424              	_wait:
 425              	.LVL29:
 426              	.LFB36:
 127:Core/Src/syscalls.c **** 
 128:Core/Src/syscalls.c **** int _wait(int *status)
 129:Core/Src/syscalls.c **** {
 427              		.loc 1 129 1 is_stmt 1 view -0
 428              		.cfi_startproc
 429              		@ args = 0, pretend = 0, frame = 0
 430              		@ frame_needed = 0, uses_anonymous_args = 0
 130:Core/Src/syscalls.c ****   (void)status;
 431              		.loc 1 130 3 view .LVU96
 131:Core/Src/syscalls.c ****   errno = ECHILD;
 432              		.loc 1 131 3 view .LVU97
ARM GAS  C:\Users\mulwe\AppData\Local\Temp\ccZDLX9r.s 			page 11


 129:Core/Src/syscalls.c ****   (void)status;
 433              		.loc 1 129 1 is_stmt 0 view .LVU98
 434 0000 10B5     		push	{r4, lr}
 435              	.LCFI5:
 436              		.cfi_def_cfa_offset 8
 437              		.cfi_offset 4, -8
 438              		.cfi_offset 14, -4
 439              		.loc 1 131 3 view .LVU99
 440 0002 FFF7FEFF 		bl	__errno
 441              	.LVL30:
 132:Core/Src/syscalls.c ****   return -1;
 133:Core/Src/syscalls.c **** }
 442              		.loc 1 133 1 view .LVU100
 443              		@ sp needed
 131:Core/Src/syscalls.c ****   return -1;
 444              		.loc 1 131 9 discriminator 1 view .LVU101
 445 0006 0A23     		movs	r3, #10
 446 0008 0360     		str	r3, [r0]
 132:Core/Src/syscalls.c ****   return -1;
 447              		.loc 1 132 3 is_stmt 1 view .LVU102
 132:Core/Src/syscalls.c ****   return -1;
 448              		.loc 1 132 10 is_stmt 0 discriminator 1 view .LVU103
 449 000a 0120     		movs	r0, #1
 450              		.loc 1 133 1 view .LVU104
 451 000c 4042     		rsbs	r0, r0, #0
 452 000e 10BD     		pop	{r4, pc}
 453              		.cfi_endproc
 454              	.LFE36:
 456              		.section	.text._unlink,"ax",%progbits
 457              		.align	1
 458              		.global	_unlink
 459              		.syntax unified
 460              		.code	16
 461              		.thumb_func
 463              	_unlink:
 464              	.LVL31:
 465              	.LFB37:
 134:Core/Src/syscalls.c **** 
 135:Core/Src/syscalls.c **** int _unlink(char *name)
 136:Core/Src/syscalls.c **** {
 466              		.loc 1 136 1 is_stmt 1 view -0
 467              		.cfi_startproc
 468              		@ args = 0, pretend = 0, frame = 0
 469              		@ frame_needed = 0, uses_anonymous_args = 0
 137:Core/Src/syscalls.c ****   (void)name;
 470              		.loc 1 137 3 view .LVU106
 138:Core/Src/syscalls.c ****   errno = ENOENT;
 471              		.loc 1 138 3 view .LVU107
 136:Core/Src/syscalls.c ****   (void)name;
 472              		.loc 1 136 1 is_stmt 0 view .LVU108
 473 0000 10B5     		push	{r4, lr}
 474              	.LCFI6:
 475              		.cfi_def_cfa_offset 8
 476              		.cfi_offset 4, -8
 477              		.cfi_offset 14, -4
 478              		.loc 1 138 3 view .LVU109
 479 0002 FFF7FEFF 		bl	__errno
ARM GAS  C:\Users\mulwe\AppData\Local\Temp\ccZDLX9r.s 			page 12


 480              	.LVL32:
 139:Core/Src/syscalls.c ****   return -1;
 140:Core/Src/syscalls.c **** }
 481              		.loc 1 140 1 view .LVU110
 482              		@ sp needed
 138:Core/Src/syscalls.c ****   return -1;
 483              		.loc 1 138 9 discriminator 1 view .LVU111
 484 0006 0223     		movs	r3, #2
 485 0008 0360     		str	r3, [r0]
 139:Core/Src/syscalls.c ****   return -1;
 486              		.loc 1 139 3 is_stmt 1 view .LVU112
 139:Core/Src/syscalls.c ****   return -1;
 487              		.loc 1 139 10 is_stmt 0 discriminator 1 view .LVU113
 488 000a 0120     		movs	r0, #1
 489              		.loc 1 140 1 view .LVU114
 490 000c 4042     		rsbs	r0, r0, #0
 491 000e 10BD     		pop	{r4, pc}
 492              		.cfi_endproc
 493              	.LFE37:
 495              		.section	.text._times,"ax",%progbits
 496              		.align	1
 497              		.global	_times
 498              		.syntax unified
 499              		.code	16
 500              		.thumb_func
 502              	_times:
 503              	.LVL33:
 504              	.LFB38:
 141:Core/Src/syscalls.c **** 
 142:Core/Src/syscalls.c **** clock_t _times(struct tms *buf)
 143:Core/Src/syscalls.c **** {
 505              		.loc 1 143 1 is_stmt 1 view -0
 506              		.cfi_startproc
 507              		@ args = 0, pretend = 0, frame = 0
 508              		@ frame_needed = 0, uses_anonymous_args = 0
 509              		@ link register save eliminated.
 144:Core/Src/syscalls.c ****   (void)buf;
 510              		.loc 1 144 3 view .LVU116
 145:Core/Src/syscalls.c ****   return -1;
 511              		.loc 1 145 3 view .LVU117
 512              		.loc 1 145 10 is_stmt 0 discriminator 1 view .LVU118
 513 0000 0120     		movs	r0, #1
 514              	.LVL34:
 146:Core/Src/syscalls.c **** }
 515              		.loc 1 146 1 view .LVU119
 516              		@ sp needed
 517 0002 4042     		rsbs	r0, r0, #0
 518 0004 7047     		bx	lr
 519              		.cfi_endproc
 520              	.LFE38:
 522              		.section	.text._stat,"ax",%progbits
 523              		.align	1
 524              		.global	_stat
 525              		.syntax unified
 526              		.code	16
 527              		.thumb_func
 529              	_stat:
ARM GAS  C:\Users\mulwe\AppData\Local\Temp\ccZDLX9r.s 			page 13


 530              	.LVL35:
 531              	.LFB39:
 147:Core/Src/syscalls.c **** 
 148:Core/Src/syscalls.c **** int _stat(const char *file, struct stat *st)
 149:Core/Src/syscalls.c **** {
 532              		.loc 1 149 1 is_stmt 1 view -0
 533              		.cfi_startproc
 534              		@ args = 0, pretend = 0, frame = 0
 535              		@ frame_needed = 0, uses_anonymous_args = 0
 536              		@ link register save eliminated.
 150:Core/Src/syscalls.c ****   (void)file;
 537              		.loc 1 150 3 view .LVU121
 151:Core/Src/syscalls.c ****   st->st_mode = S_IFCHR;
 538              		.loc 1 151 3 view .LVU122
 539              		.loc 1 151 15 is_stmt 0 view .LVU123
 540 0000 8023     		movs	r3, #128
 152:Core/Src/syscalls.c ****   return 0;
 153:Core/Src/syscalls.c **** }
 541              		.loc 1 153 1 view .LVU124
 542              		@ sp needed
 151:Core/Src/syscalls.c ****   st->st_mode = S_IFCHR;
 543              		.loc 1 151 15 view .LVU125
 544 0002 9B01     		lsls	r3, r3, #6
 545              		.loc 1 153 1 view .LVU126
 546 0004 0020     		movs	r0, #0
 547              	.LVL36:
 151:Core/Src/syscalls.c ****   st->st_mode = S_IFCHR;
 548              		.loc 1 151 15 view .LVU127
 549 0006 4B60     		str	r3, [r1, #4]
 152:Core/Src/syscalls.c ****   return 0;
 550              		.loc 1 152 3 is_stmt 1 view .LVU128
 551              		.loc 1 153 1 is_stmt 0 view .LVU129
 552 0008 7047     		bx	lr
 553              		.cfi_endproc
 554              	.LFE39:
 556              		.section	.text._link,"ax",%progbits
 557              		.align	1
 558              		.global	_link
 559              		.syntax unified
 560              		.code	16
 561              		.thumb_func
 563              	_link:
 564              	.LVL37:
 565              	.LFB40:
 154:Core/Src/syscalls.c **** 
 155:Core/Src/syscalls.c **** int _link(char *old, char *new)
 156:Core/Src/syscalls.c **** {
 566              		.loc 1 156 1 is_stmt 1 view -0
 567              		.cfi_startproc
 568              		@ args = 0, pretend = 0, frame = 0
 569              		@ frame_needed = 0, uses_anonymous_args = 0
 157:Core/Src/syscalls.c ****   (void)old;
 570              		.loc 1 157 3 view .LVU131
 158:Core/Src/syscalls.c ****   (void)new;
 571              		.loc 1 158 3 view .LVU132
 159:Core/Src/syscalls.c ****   errno = EMLINK;
 572              		.loc 1 159 3 view .LVU133
ARM GAS  C:\Users\mulwe\AppData\Local\Temp\ccZDLX9r.s 			page 14


 156:Core/Src/syscalls.c ****   (void)old;
 573              		.loc 1 156 1 is_stmt 0 view .LVU134
 574 0000 10B5     		push	{r4, lr}
 575              	.LCFI7:
 576              		.cfi_def_cfa_offset 8
 577              		.cfi_offset 4, -8
 578              		.cfi_offset 14, -4
 579              		.loc 1 159 3 view .LVU135
 580 0002 FFF7FEFF 		bl	__errno
 581              	.LVL38:
 160:Core/Src/syscalls.c ****   return -1;
 161:Core/Src/syscalls.c **** }
 582              		.loc 1 161 1 view .LVU136
 583              		@ sp needed
 159:Core/Src/syscalls.c ****   return -1;
 584              		.loc 1 159 9 discriminator 1 view .LVU137
 585 0006 1F23     		movs	r3, #31
 586 0008 0360     		str	r3, [r0]
 160:Core/Src/syscalls.c ****   return -1;
 587              		.loc 1 160 3 is_stmt 1 view .LVU138
 160:Core/Src/syscalls.c ****   return -1;
 588              		.loc 1 160 10 is_stmt 0 discriminator 1 view .LVU139
 589 000a 0120     		movs	r0, #1
 590              		.loc 1 161 1 view .LVU140
 591 000c 4042     		rsbs	r0, r0, #0
 592 000e 10BD     		pop	{r4, pc}
 593              		.cfi_endproc
 594              	.LFE40:
 596              		.section	.text._fork,"ax",%progbits
 597              		.align	1
 598              		.global	_fork
 599              		.syntax unified
 600              		.code	16
 601              		.thumb_func
 603              	_fork:
 604              	.LFB41:
 162:Core/Src/syscalls.c **** 
 163:Core/Src/syscalls.c **** int _fork(void)
 164:Core/Src/syscalls.c **** {
 605              		.loc 1 164 1 is_stmt 1 view -0
 606              		.cfi_startproc
 607              		@ args = 0, pretend = 0, frame = 0
 608              		@ frame_needed = 0, uses_anonymous_args = 0
 165:Core/Src/syscalls.c ****   errno = EAGAIN;
 609              		.loc 1 165 3 view .LVU142
 164:Core/Src/syscalls.c ****   errno = EAGAIN;
 610              		.loc 1 164 1 is_stmt 0 view .LVU143
 611 0000 10B5     		push	{r4, lr}
 612              	.LCFI8:
 613              		.cfi_def_cfa_offset 8
 614              		.cfi_offset 4, -8
 615              		.cfi_offset 14, -4
 616              		.loc 1 165 3 view .LVU144
 617 0002 FFF7FEFF 		bl	__errno
 618              	.LVL39:
 166:Core/Src/syscalls.c ****   return -1;
 167:Core/Src/syscalls.c **** }
ARM GAS  C:\Users\mulwe\AppData\Local\Temp\ccZDLX9r.s 			page 15


 619              		.loc 1 167 1 view .LVU145
 620              		@ sp needed
 165:Core/Src/syscalls.c ****   return -1;
 621              		.loc 1 165 9 discriminator 1 view .LVU146
 622 0006 0B23     		movs	r3, #11
 623 0008 0360     		str	r3, [r0]
 166:Core/Src/syscalls.c ****   return -1;
 624              		.loc 1 166 3 is_stmt 1 view .LVU147
 166:Core/Src/syscalls.c ****   return -1;
 625              		.loc 1 166 10 is_stmt 0 discriminator 1 view .LVU148
 626 000a 0120     		movs	r0, #1
 627              		.loc 1 167 1 view .LVU149
 628 000c 4042     		rsbs	r0, r0, #0
 629 000e 10BD     		pop	{r4, pc}
 630              		.cfi_endproc
 631              	.LFE41:
 633              		.section	.text._execve,"ax",%progbits
 634              		.align	1
 635              		.global	_execve
 636              		.syntax unified
 637              		.code	16
 638              		.thumb_func
 640              	_execve:
 641              	.LVL40:
 642              	.LFB42:
 168:Core/Src/syscalls.c **** 
 169:Core/Src/syscalls.c **** int _execve(char *name, char **argv, char **env)
 170:Core/Src/syscalls.c **** {
 643              		.loc 1 170 1 is_stmt 1 view -0
 644              		.cfi_startproc
 645              		@ args = 0, pretend = 0, frame = 0
 646              		@ frame_needed = 0, uses_anonymous_args = 0
 171:Core/Src/syscalls.c ****   (void)name;
 647              		.loc 1 171 3 view .LVU151
 172:Core/Src/syscalls.c ****   (void)argv;
 648              		.loc 1 172 3 view .LVU152
 173:Core/Src/syscalls.c ****   (void)env;
 649              		.loc 1 173 3 view .LVU153
 174:Core/Src/syscalls.c ****   errno = ENOMEM;
 650              		.loc 1 174 3 view .LVU154
 170:Core/Src/syscalls.c ****   (void)name;
 651              		.loc 1 170 1 is_stmt 0 view .LVU155
 652 0000 10B5     		push	{r4, lr}
 653              	.LCFI9:
 654              		.cfi_def_cfa_offset 8
 655              		.cfi_offset 4, -8
 656              		.cfi_offset 14, -4
 657              		.loc 1 174 3 view .LVU156
 658 0002 FFF7FEFF 		bl	__errno
 659              	.LVL41:
 175:Core/Src/syscalls.c ****   return -1;
 176:Core/Src/syscalls.c **** }
 660              		.loc 1 176 1 view .LVU157
 661              		@ sp needed
 174:Core/Src/syscalls.c ****   return -1;
 662              		.loc 1 174 9 discriminator 1 view .LVU158
 663 0006 0C23     		movs	r3, #12
ARM GAS  C:\Users\mulwe\AppData\Local\Temp\ccZDLX9r.s 			page 16


 664 0008 0360     		str	r3, [r0]
 175:Core/Src/syscalls.c ****   return -1;
 665              		.loc 1 175 3 is_stmt 1 view .LVU159
 175:Core/Src/syscalls.c ****   return -1;
 666              		.loc 1 175 10 is_stmt 0 discriminator 1 view .LVU160
 667 000a 0120     		movs	r0, #1
 668              		.loc 1 176 1 view .LVU161
 669 000c 4042     		rsbs	r0, r0, #0
 670 000e 10BD     		pop	{r4, pc}
 671              		.cfi_endproc
 672              	.LFE42:
 674              		.global	environ
 675              		.section	.data.environ,"aw"
 676              		.align	2
 679              	environ:
 680 0000 00000000 		.word	__env
 681              		.global	__env
 682              		.section	.bss.__env,"aw",%nobits
 683              		.align	2
 686              	__env:
 687 0000 00000000 		.space	4
 688              		.weak	__io_putchar
 689              		.weak	__io_getchar
 690              		.text
 691              	.Letext0:
 692              		.file 2 "C:\\ST\\STM32CubeIDE_1.19.0\\STM32CubeIDE\\plugins\\com.st.stm32cube.ide.mcu.externaltool
 693              		.file 3 "C:\\ST\\STM32CubeIDE_1.19.0\\STM32CubeIDE\\plugins\\com.st.stm32cube.ide.mcu.externaltool
 694              		.file 4 "C:\\ST\\STM32CubeIDE_1.19.0\\STM32CubeIDE\\plugins\\com.st.stm32cube.ide.mcu.externaltool
 695              		.file 5 "C:\\ST\\STM32CubeIDE_1.19.0\\STM32CubeIDE\\plugins\\com.st.stm32cube.ide.mcu.externaltool
 696              		.file 6 "C:\\ST\\STM32CubeIDE_1.19.0\\STM32CubeIDE\\plugins\\com.st.stm32cube.ide.mcu.externaltool
 697              		.file 7 "C:\\ST\\STM32CubeIDE_1.19.0\\STM32CubeIDE\\plugins\\com.st.stm32cube.ide.mcu.externaltool
 698              		.file 8 "C:\\ST\\STM32CubeIDE_1.19.0\\STM32CubeIDE\\plugins\\com.st.stm32cube.ide.mcu.externaltool
 699              		.file 9 "C:\\ST\\STM32CubeIDE_1.19.0\\STM32CubeIDE\\plugins\\com.st.stm32cube.ide.mcu.externaltool
ARM GAS  C:\Users\mulwe\AppData\Local\Temp\ccZDLX9r.s 			page 17


DEFINED SYMBOLS
                            *ABS*:00000000 syscalls.c
C:\Users\mulwe\AppData\Local\Temp\ccZDLX9r.s:19     .text.initialise_monitor_handles:00000000 $t
C:\Users\mulwe\AppData\Local\Temp\ccZDLX9r.s:25     .text.initialise_monitor_handles:00000000 initialise_monitor_handles
C:\Users\mulwe\AppData\Local\Temp\ccZDLX9r.s:39     .text._getpid:00000000 $t
C:\Users\mulwe\AppData\Local\Temp\ccZDLX9r.s:45     .text._getpid:00000000 _getpid
C:\Users\mulwe\AppData\Local\Temp\ccZDLX9r.s:61     .text._kill:00000000 $t
C:\Users\mulwe\AppData\Local\Temp\ccZDLX9r.s:67     .text._kill:00000000 _kill
C:\Users\mulwe\AppData\Local\Temp\ccZDLX9r.s:101    .text._exit:00000000 $t
C:\Users\mulwe\AppData\Local\Temp\ccZDLX9r.s:107    .text._exit:00000000 _exit
C:\Users\mulwe\AppData\Local\Temp\ccZDLX9r.s:153    .text._read:00000000 $t
C:\Users\mulwe\AppData\Local\Temp\ccZDLX9r.s:159    .text._read:00000000 _read
C:\Users\mulwe\AppData\Local\Temp\ccZDLX9r.s:212    .text._write:00000000 $t
C:\Users\mulwe\AppData\Local\Temp\ccZDLX9r.s:218    .text._write:00000000 _write
C:\Users\mulwe\AppData\Local\Temp\ccZDLX9r.s:270    .text._close:00000000 $t
C:\Users\mulwe\AppData\Local\Temp\ccZDLX9r.s:276    .text._close:00000000 _close
C:\Users\mulwe\AppData\Local\Temp\ccZDLX9r.s:297    .text._fstat:00000000 $t
C:\Users\mulwe\AppData\Local\Temp\ccZDLX9r.s:303    .text._fstat:00000000 _fstat
C:\Users\mulwe\AppData\Local\Temp\ccZDLX9r.s:331    .text._isatty:00000000 $t
C:\Users\mulwe\AppData\Local\Temp\ccZDLX9r.s:337    .text._isatty:00000000 _isatty
C:\Users\mulwe\AppData\Local\Temp\ccZDLX9r.s:357    .text._lseek:00000000 $t
C:\Users\mulwe\AppData\Local\Temp\ccZDLX9r.s:363    .text._lseek:00000000 _lseek
C:\Users\mulwe\AppData\Local\Temp\ccZDLX9r.s:385    .text._open:00000000 $t
C:\Users\mulwe\AppData\Local\Temp\ccZDLX9r.s:391    .text._open:00000000 _open
C:\Users\mulwe\AppData\Local\Temp\ccZDLX9r.s:418    .text._wait:00000000 $t
C:\Users\mulwe\AppData\Local\Temp\ccZDLX9r.s:424    .text._wait:00000000 _wait
C:\Users\mulwe\AppData\Local\Temp\ccZDLX9r.s:457    .text._unlink:00000000 $t
C:\Users\mulwe\AppData\Local\Temp\ccZDLX9r.s:463    .text._unlink:00000000 _unlink
C:\Users\mulwe\AppData\Local\Temp\ccZDLX9r.s:496    .text._times:00000000 $t
C:\Users\mulwe\AppData\Local\Temp\ccZDLX9r.s:502    .text._times:00000000 _times
C:\Users\mulwe\AppData\Local\Temp\ccZDLX9r.s:523    .text._stat:00000000 $t
C:\Users\mulwe\AppData\Local\Temp\ccZDLX9r.s:529    .text._stat:00000000 _stat
C:\Users\mulwe\AppData\Local\Temp\ccZDLX9r.s:557    .text._link:00000000 $t
C:\Users\mulwe\AppData\Local\Temp\ccZDLX9r.s:563    .text._link:00000000 _link
C:\Users\mulwe\AppData\Local\Temp\ccZDLX9r.s:597    .text._fork:00000000 $t
C:\Users\mulwe\AppData\Local\Temp\ccZDLX9r.s:603    .text._fork:00000000 _fork
C:\Users\mulwe\AppData\Local\Temp\ccZDLX9r.s:634    .text._execve:00000000 $t
C:\Users\mulwe\AppData\Local\Temp\ccZDLX9r.s:640    .text._execve:00000000 _execve
C:\Users\mulwe\AppData\Local\Temp\ccZDLX9r.s:679    .data.environ:00000000 environ
C:\Users\mulwe\AppData\Local\Temp\ccZDLX9r.s:676    .data.environ:00000000 $d
C:\Users\mulwe\AppData\Local\Temp\ccZDLX9r.s:686    .bss.__env:00000000 __env
C:\Users\mulwe\AppData\Local\Temp\ccZDLX9r.s:683    .bss.__env:00000000 $d

UNDEFINED SYMBOLS
__errno
__io_getchar
__io_putchar
