ARM GAS  C:\Users\mulwe\AppData\Local\Temp\cciGUvKS.s 			page 1


   1              		.cpu cortex-m0
   2              		.arch armv6s-m
   3              		.fpu softvfp
   4              		.eabi_attribute 20, 1
   5              		.eabi_attribute 21, 1
   6              		.eabi_attribute 23, 3
   7              		.eabi_attribute 24, 1
   8              		.eabi_attribute 25, 1
   9              		.eabi_attribute 26, 1
  10              		.eabi_attribute 30, 4
  11              		.eabi_attribute 34, 0
  12              		.eabi_attribute 18, 4
  13              		.file	"sysmem.c"
  14              		.text
  15              	.Ltext0:
  16              		.cfi_sections	.debug_frame
  17              		.file 1 "Core/Src/sysmem.c"
  18              		.section	.text._sbrk,"ax",%progbits
  19              		.align	1
  20              		.global	_sbrk
  21              		.syntax unified
  22              		.code	16
  23              		.thumb_func
  25              	_sbrk:
  26              	.LVL0:
  27              	.LFB0:
   1:Core/Src/sysmem.c **** /**
   2:Core/Src/sysmem.c ****  ******************************************************************************
   3:Core/Src/sysmem.c ****  * @file      sysmem.c
   4:Core/Src/sysmem.c ****  * @author    Generated by STM32CubeMX
   5:Core/Src/sysmem.c ****  * @brief     System Memory calls file
   6:Core/Src/sysmem.c ****  *
   7:Core/Src/sysmem.c ****  *            For more information about which C functions
   8:Core/Src/sysmem.c ****  *            need which of these lowlevel functions
   9:Core/Src/sysmem.c ****  *            please consult the Newlib or Picolibc libc manual
  10:Core/Src/sysmem.c ****  ******************************************************************************
  11:Core/Src/sysmem.c ****  * @attention
  12:Core/Src/sysmem.c ****  *
  13:Core/Src/sysmem.c ****  * Copyright (c) 2025 STMicroelectronics.
  14:Core/Src/sysmem.c ****  * All rights reserved.
  15:Core/Src/sysmem.c ****  *
  16:Core/Src/sysmem.c ****  * This software is licensed under terms that can be found in the LICENSE file
  17:Core/Src/sysmem.c ****  * in the root directory of this software component.
  18:Core/Src/sysmem.c ****  * If no LICENSE file comes with this software, it is provided AS-IS.
  19:Core/Src/sysmem.c ****  *
  20:Core/Src/sysmem.c ****  ******************************************************************************
  21:Core/Src/sysmem.c ****  */
  22:Core/Src/sysmem.c **** 
  23:Core/Src/sysmem.c **** /* Includes */
  24:Core/Src/sysmem.c **** #include <errno.h>
  25:Core/Src/sysmem.c **** #include <stdint.h>
  26:Core/Src/sysmem.c **** #include <stddef.h>
  27:Core/Src/sysmem.c **** 
  28:Core/Src/sysmem.c **** /**
  29:Core/Src/sysmem.c ****  * Pointer to the current high watermark of the heap usage
  30:Core/Src/sysmem.c ****  */
  31:Core/Src/sysmem.c **** static uint8_t *__sbrk_heap_end = NULL;
ARM GAS  C:\Users\mulwe\AppData\Local\Temp\cciGUvKS.s 			page 2


  32:Core/Src/sysmem.c **** 
  33:Core/Src/sysmem.c **** /**
  34:Core/Src/sysmem.c ****  * @brief _sbrk() allocates memory to the newlib heap and is used by malloc
  35:Core/Src/sysmem.c ****  *        and others from the C library
  36:Core/Src/sysmem.c ****  *
  37:Core/Src/sysmem.c ****  * @verbatim
  38:Core/Src/sysmem.c ****  * ############################################################################
  39:Core/Src/sysmem.c ****  * #  .data  #  .bss  #       newlib heap       #          MSP stack          #
  40:Core/Src/sysmem.c ****  * #         #        #                         # Reserved by _Min_Stack_Size #
  41:Core/Src/sysmem.c ****  * ############################################################################
  42:Core/Src/sysmem.c ****  * ^-- RAM start      ^-- _end                             _estack, RAM end --^
  43:Core/Src/sysmem.c ****  * @endverbatim
  44:Core/Src/sysmem.c ****  *
  45:Core/Src/sysmem.c ****  * This implementation starts allocating at the '_end' linker symbol
  46:Core/Src/sysmem.c ****  * The '_Min_Stack_Size' linker symbol reserves a memory for the MSP stack
  47:Core/Src/sysmem.c ****  * The implementation considers '_estack' linker symbol to be RAM end
  48:Core/Src/sysmem.c ****  * NOTE: If the MSP stack, at any point during execution, grows larger than the
  49:Core/Src/sysmem.c ****  * reserved size, please increase the '_Min_Stack_Size'.
  50:Core/Src/sysmem.c ****  *
  51:Core/Src/sysmem.c ****  * @param incr Memory size
  52:Core/Src/sysmem.c ****  * @return Pointer to allocated memory
  53:Core/Src/sysmem.c ****  */
  54:Core/Src/sysmem.c **** void *_sbrk(ptrdiff_t incr)
  55:Core/Src/sysmem.c **** {
  28              		.loc 1 55 1 view -0
  29              		.cfi_startproc
  30              		@ args = 0, pretend = 0, frame = 0
  31              		@ frame_needed = 0, uses_anonymous_args = 0
  56:Core/Src/sysmem.c ****   extern uint8_t _end; /* Symbol defined in the linker script */
  32              		.loc 1 56 3 view .LVU1
  57:Core/Src/sysmem.c ****   extern uint8_t _estack; /* Symbol defined in the linker script */
  33              		.loc 1 57 3 view .LVU2
  58:Core/Src/sysmem.c ****   extern uint32_t _Min_Stack_Size; /* Symbol defined in the linker script */
  34              		.loc 1 58 3 view .LVU3
  59:Core/Src/sysmem.c ****   const uint32_t stack_limit = (uint32_t)&_estack - (uint32_t)&_Min_Stack_Size;
  35              		.loc 1 59 3 view .LVU4
  60:Core/Src/sysmem.c ****   const uint8_t *max_heap = (uint8_t *)stack_limit;
  36              		.loc 1 60 3 view .LVU5
  59:Core/Src/sysmem.c ****   const uint32_t stack_limit = (uint32_t)&_estack - (uint32_t)&_Min_Stack_Size;
  37              		.loc 1 59 51 is_stmt 0 view .LVU6
  38 0000 0B49     		ldr	r1, .L5
  39 0002 0C4A     		ldr	r2, .L5+4
  55:Core/Src/sysmem.c ****   extern uint8_t _end; /* Symbol defined in the linker script */
  40              		.loc 1 55 1 view .LVU7
  41 0004 0300     		movs	r3, r0
  59:Core/Src/sysmem.c ****   const uint32_t stack_limit = (uint32_t)&_estack - (uint32_t)&_Min_Stack_Size;
  42              		.loc 1 59 51 view .LVU8
  43 0006 521A     		subs	r2, r2, r1
  44              	.LVL1:
  61:Core/Src/sysmem.c ****   uint8_t *prev_heap_end;
  45              		.loc 1 61 3 is_stmt 1 view .LVU9
  62:Core/Src/sysmem.c **** 
  63:Core/Src/sysmem.c ****   /* Initialize heap end at first call */
  64:Core/Src/sysmem.c ****   if (NULL == __sbrk_heap_end)
  46              		.loc 1 64 3 view .LVU10
  47              		.loc 1 64 12 is_stmt 0 view .LVU11
  48 0008 0B49     		ldr	r1, .L5+8
ARM GAS  C:\Users\mulwe\AppData\Local\Temp\cciGUvKS.s 			page 3


  55:Core/Src/sysmem.c ****   extern uint8_t _end; /* Symbol defined in the linker script */
  49              		.loc 1 55 1 view .LVU12
  50 000a 10B5     		push	{r4, lr}
  51              	.LCFI0:
  52              		.cfi_def_cfa_offset 8
  53              		.cfi_offset 4, -8
  54              		.cfi_offset 14, -4
  55              		.loc 1 64 6 view .LVU13
  56 000c 0868     		ldr	r0, [r1]
  57              	.LVL2:
  58              		.loc 1 64 6 view .LVU14
  59 000e 0028     		cmp	r0, #0
  60 0010 01D1     		bne	.L2
  65:Core/Src/sysmem.c ****   {
  66:Core/Src/sysmem.c ****     __sbrk_heap_end = &_end;
  61              		.loc 1 66 5 is_stmt 1 view .LVU15
  62              		.loc 1 66 21 is_stmt 0 view .LVU16
  63 0012 0A48     		ldr	r0, .L5+12
  64 0014 0860     		str	r0, [r1]
  65              	.L2:
  67:Core/Src/sysmem.c ****   }
  68:Core/Src/sysmem.c **** 
  69:Core/Src/sysmem.c ****   /* Protect heap from growing into the reserved MSP stack */
  70:Core/Src/sysmem.c ****   if (__sbrk_heap_end + incr > max_heap)
  66              		.loc 1 70 3 is_stmt 1 view .LVU17
  67              		.loc 1 70 23 is_stmt 0 view .LVU18
  68 0016 0868     		ldr	r0, [r1]
  69 0018 C318     		adds	r3, r0, r3
  70              	.LVL3:
  71              		.loc 1 70 6 view .LVU19
  72 001a 9342     		cmp	r3, r2
  73 001c 06D9     		bls	.L3
  71:Core/Src/sysmem.c ****   {
  72:Core/Src/sysmem.c ****     errno = ENOMEM;
  74              		.loc 1 72 5 is_stmt 1 view .LVU20
  75 001e FFF7FEFF 		bl	__errno
  76              	.LVL4:
  77              		.loc 1 72 11 is_stmt 0 discriminator 1 view .LVU21
  78 0022 0C23     		movs	r3, #12
  79 0024 0360     		str	r3, [r0]
  73:Core/Src/sysmem.c ****     return (void *)-1;
  80              		.loc 1 73 5 is_stmt 1 view .LVU22
  81              		.loc 1 73 12 is_stmt 0 view .LVU23
  82 0026 0120     		movs	r0, #1
  83 0028 4042     		rsbs	r0, r0, #0
  84              	.L1:
  74:Core/Src/sysmem.c ****   }
  75:Core/Src/sysmem.c **** 
  76:Core/Src/sysmem.c ****   prev_heap_end = __sbrk_heap_end;
  77:Core/Src/sysmem.c ****   __sbrk_heap_end += incr;
  78:Core/Src/sysmem.c **** 
  79:Core/Src/sysmem.c ****   return (void *)prev_heap_end;
  80:Core/Src/sysmem.c **** }
  85              		.loc 1 80 1 view .LVU24
  86              		@ sp needed
  87 002a 10BD     		pop	{r4, pc}
  88              	.LVL5:
ARM GAS  C:\Users\mulwe\AppData\Local\Temp\cciGUvKS.s 			page 4


  89              	.L3:
  76:Core/Src/sysmem.c ****   __sbrk_heap_end += incr;
  90              		.loc 1 76 3 is_stmt 1 view .LVU25
  77:Core/Src/sysmem.c **** 
  91              		.loc 1 77 3 view .LVU26
  77:Core/Src/sysmem.c **** 
  92              		.loc 1 77 19 is_stmt 0 view .LVU27
  93 002c 0B60     		str	r3, [r1]
  79:Core/Src/sysmem.c **** }
  94              		.loc 1 79 3 is_stmt 1 view .LVU28
  79:Core/Src/sysmem.c **** }
  95              		.loc 1 79 10 is_stmt 0 view .LVU29
  96 002e FCE7     		b	.L1
  97              	.L6:
  98              		.align	2
  99              	.L5:
 100 0030 00000000 		.word	_Min_Stack_Size
 101 0034 00000000 		.word	_estack
 102 0038 00000000 		.word	__sbrk_heap_end
 103 003c 00000000 		.word	_end
 104              		.cfi_endproc
 105              	.LFE0:
 107              		.section	.bss.__sbrk_heap_end,"aw",%nobits
 108              		.align	2
 111              	__sbrk_heap_end:
 112 0000 00000000 		.space	4
 113              		.text
 114              	.Letext0:
 115              		.file 2 "C:\\ST\\STM32CubeIDE_1.19.0\\STM32CubeIDE\\plugins\\com.st.stm32cube.ide.mcu.externaltool
 116              		.file 3 "C:\\ST\\STM32CubeIDE_1.19.0\\STM32CubeIDE\\plugins\\com.st.stm32cube.ide.mcu.externaltool
 117              		.file 4 "C:\\ST\\STM32CubeIDE_1.19.0\\STM32CubeIDE\\plugins\\com.st.stm32cube.ide.mcu.externaltool
 118              		.file 5 "C:\\ST\\STM32CubeIDE_1.19.0\\STM32CubeIDE\\plugins\\com.st.stm32cube.ide.mcu.externaltool
ARM GAS  C:\Users\mulwe\AppData\Local\Temp\cciGUvKS.s 			page 5


DEFINED SYMBOLS
                            *ABS*:00000000 sysmem.c
C:\Users\mulwe\AppData\Local\Temp\cciGUvKS.s:19     .text._sbrk:00000000 $t
C:\Users\mulwe\AppData\Local\Temp\cciGUvKS.s:25     .text._sbrk:00000000 _sbrk
C:\Users\mulwe\AppData\Local\Temp\cciGUvKS.s:100    .text._sbrk:00000030 $d
C:\Users\mulwe\AppData\Local\Temp\cciGUvKS.s:111    .bss.__sbrk_heap_end:00000000 __sbrk_heap_end
C:\Users\mulwe\AppData\Local\Temp\cciGUvKS.s:108    .bss.__sbrk_heap_end:00000000 $d

UNDEFINED SYMBOLS
__errno
_Min_Stack_Size
_estack
_end
