ARM GAS  C:\Users\mulwe\AppData\Local\Temp\ccy80eRd.s 			page 1


   1              		.cpu cortex-m4
   2              		.arch armv7e-m
   3              		.fpu fpv4-sp-d16
   4              		.eabi_attribute 27, 1
   5              		.eabi_attribute 28, 1
   6              		.eabi_attribute 20, 1
   7              		.eabi_attribute 21, 1
   8              		.eabi_attribute 23, 3
   9              		.eabi_attribute 24, 1
  10              		.eabi_attribute 25, 1
  11              		.eabi_attribute 26, 1
  12              		.eabi_attribute 30, 4
  13              		.eabi_attribute 34, 1
  14              		.eabi_attribute 18, 4
  15              		.file	"syscalls.c"
  16              		.text
  17              	.Ltext0:
  18              		.cfi_sections	.debug_frame
  19              		.file 1 "Core/Src/syscalls.c"
  20              		.section	.text.initialise_monitor_handles,"ax",%progbits
  21              		.align	1
  22              		.global	initialise_monitor_handles
  23              		.syntax unified
  24              		.thumb
  25              		.thumb_func
  27              	initialise_monitor_handles:
  28              	.LFB25:
   1:Core/Src/syscalls.c **** /**
   2:Core/Src/syscalls.c ****  ******************************************************************************
   3:Core/Src/syscalls.c ****  * @file      syscalls.c
   4:Core/Src/syscalls.c ****  * @author    Auto-generated by STM32CubeMX
   5:Core/Src/syscalls.c ****  * @brief     Minimal System calls file
   6:Core/Src/syscalls.c ****  *
   7:Core/Src/syscalls.c ****  *            For more information about which c-functions
   8:Core/Src/syscalls.c ****  *            need which of these lowlevel functions
   9:Core/Src/syscalls.c ****  *            please consult the Newlib or Picolibc libc-manual
  10:Core/Src/syscalls.c ****  ******************************************************************************
  11:Core/Src/syscalls.c ****  * @attention
  12:Core/Src/syscalls.c ****  *
  13:Core/Src/syscalls.c ****  * Copyright (c) 2020-2025 STMicroelectronics.
  14:Core/Src/syscalls.c ****  * All rights reserved.
  15:Core/Src/syscalls.c ****  *
  16:Core/Src/syscalls.c ****  * This software is licensed under terms that can be found in the LICENSE file
  17:Core/Src/syscalls.c ****  * in the root directory of this software component.
  18:Core/Src/syscalls.c ****  * If no LICENSE file comes with this software, it is provided AS-IS.
  19:Core/Src/syscalls.c ****  *
  20:Core/Src/syscalls.c ****  ******************************************************************************
  21:Core/Src/syscalls.c ****  */
  22:Core/Src/syscalls.c **** 
  23:Core/Src/syscalls.c **** /* Includes */
  24:Core/Src/syscalls.c **** #include <sys/stat.h>
  25:Core/Src/syscalls.c **** #include <stdlib.h>
  26:Core/Src/syscalls.c **** #include <errno.h>
  27:Core/Src/syscalls.c **** #include <stdio.h>
  28:Core/Src/syscalls.c **** #include <signal.h>
  29:Core/Src/syscalls.c **** #include <time.h>
  30:Core/Src/syscalls.c **** #include <sys/time.h>
ARM GAS  C:\Users\mulwe\AppData\Local\Temp\ccy80eRd.s 			page 2


  31:Core/Src/syscalls.c **** #include <sys/times.h>
  32:Core/Src/syscalls.c **** 
  33:Core/Src/syscalls.c **** 
  34:Core/Src/syscalls.c **** /* Variables */
  35:Core/Src/syscalls.c **** extern int __io_putchar(int ch) __attribute__((weak));
  36:Core/Src/syscalls.c **** extern int __io_getchar(void) __attribute__((weak));
  37:Core/Src/syscalls.c **** 
  38:Core/Src/syscalls.c **** 
  39:Core/Src/syscalls.c **** char *__env[1] = { 0 };
  40:Core/Src/syscalls.c **** char **environ = __env;
  41:Core/Src/syscalls.c **** 
  42:Core/Src/syscalls.c **** 
  43:Core/Src/syscalls.c **** /* Functions */
  44:Core/Src/syscalls.c **** void initialise_monitor_handles()
  45:Core/Src/syscalls.c **** {
  29              		.loc 1 45 1 view -0
  30              		.cfi_startproc
  31              		@ args = 0, pretend = 0, frame = 0
  32              		@ frame_needed = 0, uses_anonymous_args = 0
  33              		@ link register save eliminated.
  46:Core/Src/syscalls.c **** }
  34              		.loc 1 46 1 view .LVU1
  35 0000 7047     		bx	lr
  36              		.cfi_endproc
  37              	.LFE25:
  39              		.section	.text._getpid,"ax",%progbits
  40              		.align	1
  41              		.global	_getpid
  42              		.syntax unified
  43              		.thumb
  44              		.thumb_func
  46              	_getpid:
  47              	.LFB26:
  47:Core/Src/syscalls.c **** 
  48:Core/Src/syscalls.c **** int _getpid(void)
  49:Core/Src/syscalls.c **** {
  48              		.loc 1 49 1 view -0
  49              		.cfi_startproc
  50              		@ args = 0, pretend = 0, frame = 0
  51              		@ frame_needed = 0, uses_anonymous_args = 0
  52              		@ link register save eliminated.
  50:Core/Src/syscalls.c ****   return 1;
  53              		.loc 1 50 3 view .LVU3
  51:Core/Src/syscalls.c **** }
  54              		.loc 1 51 1 is_stmt 0 view .LVU4
  55 0000 0120     		movs	r0, #1
  56 0002 7047     		bx	lr
  57              		.cfi_endproc
  58              	.LFE26:
  60              		.section	.text._kill,"ax",%progbits
  61              		.align	1
  62              		.global	_kill
  63              		.syntax unified
  64              		.thumb
  65              		.thumb_func
  67              	_kill:
  68              	.LVL0:
ARM GAS  C:\Users\mulwe\AppData\Local\Temp\ccy80eRd.s 			page 3


  69              	.LFB27:
  52:Core/Src/syscalls.c **** 
  53:Core/Src/syscalls.c **** int _kill(int pid, int sig)
  54:Core/Src/syscalls.c **** {
  70              		.loc 1 54 1 is_stmt 1 view -0
  71              		.cfi_startproc
  72              		@ args = 0, pretend = 0, frame = 0
  73              		@ frame_needed = 0, uses_anonymous_args = 0
  55:Core/Src/syscalls.c ****   (void)pid;
  74              		.loc 1 55 3 view .LVU6
  56:Core/Src/syscalls.c ****   (void)sig;
  75              		.loc 1 56 3 view .LVU7
  57:Core/Src/syscalls.c ****   errno = EINVAL;
  76              		.loc 1 57 3 view .LVU8
  54:Core/Src/syscalls.c ****   (void)pid;
  77              		.loc 1 54 1 is_stmt 0 view .LVU9
  78 0000 08B5     		push	{r3, lr}
  79              	.LCFI0:
  80              		.cfi_def_cfa_offset 8
  81              		.cfi_offset 3, -8
  82              		.cfi_offset 14, -4
  83              		.loc 1 57 3 view .LVU10
  84 0002 FFF7FEFF 		bl	__errno
  85              	.LVL1:
  86              		.loc 1 57 9 discriminator 1 view .LVU11
  87 0006 1623     		movs	r3, #22
  88 0008 0360     		str	r3, [r0]
  58:Core/Src/syscalls.c ****   return -1;
  89              		.loc 1 58 3 is_stmt 1 view .LVU12
  59:Core/Src/syscalls.c **** }
  90              		.loc 1 59 1 is_stmt 0 view .LVU13
  91 000a 4FF0FF30 		mov	r0, #-1
  92 000e 08BD     		pop	{r3, pc}
  93              		.cfi_endproc
  94              	.LFE27:
  96              		.section	.text._exit,"ax",%progbits
  97              		.align	1
  98              		.global	_exit
  99              		.syntax unified
 100              		.thumb
 101              		.thumb_func
 103              	_exit:
 104              	.LVL2:
 105              	.LFB28:
  60:Core/Src/syscalls.c **** 
  61:Core/Src/syscalls.c **** void _exit (int status)
  62:Core/Src/syscalls.c **** {
 106              		.loc 1 62 1 is_stmt 1 view -0
 107              		.cfi_startproc
 108              		@ Volatile: function does not return.
 109              		@ args = 0, pretend = 0, frame = 0
 110              		@ frame_needed = 0, uses_anonymous_args = 0
  63:Core/Src/syscalls.c ****   _kill(status, -1);
 111              		.loc 1 63 3 view .LVU15
 112              	.LBB4:
 113              	.LBI4:
  53:Core/Src/syscalls.c **** {
ARM GAS  C:\Users\mulwe\AppData\Local\Temp\ccy80eRd.s 			page 4


 114              		.loc 1 53 5 view .LVU16
 115              	.LBB5:
  55:Core/Src/syscalls.c ****   (void)sig;
 116              		.loc 1 55 3 view .LVU17
  56:Core/Src/syscalls.c ****   errno = EINVAL;
 117              		.loc 1 56 3 view .LVU18
  57:Core/Src/syscalls.c ****   return -1;
 118              		.loc 1 57 3 view .LVU19
 119              	.LBE5:
 120              	.LBE4:
  62:Core/Src/syscalls.c ****   _kill(status, -1);
 121              		.loc 1 62 1 is_stmt 0 view .LVU20
 122 0000 08B5     		push	{r3, lr}
 123              	.LCFI1:
 124              		.cfi_def_cfa_offset 8
 125              		.cfi_offset 3, -8
 126              		.cfi_offset 14, -4
 127              	.LBB7:
 128              	.LBB6:
  57:Core/Src/syscalls.c ****   return -1;
 129              		.loc 1 57 3 view .LVU21
 130 0002 FFF7FEFF 		bl	__errno
 131              	.LVL3:
  57:Core/Src/syscalls.c ****   return -1;
 132              		.loc 1 57 9 discriminator 1 view .LVU22
 133 0006 1623     		movs	r3, #22
 134 0008 0360     		str	r3, [r0]
  58:Core/Src/syscalls.c **** }
 135              		.loc 1 58 3 is_stmt 1 view .LVU23
 136              	.LVL4:
 137              	.L5:
  58:Core/Src/syscalls.c **** }
 138              		.loc 1 58 3 is_stmt 0 view .LVU24
 139              	.LBE6:
 140              	.LBE7:
  64:Core/Src/syscalls.c ****   while (1) {}    /* Make sure we hang here */
 141              		.loc 1 64 3 is_stmt 1 view .LVU25
 142              		.loc 1 64 14 view .LVU26
 143              		.loc 1 64 9 view .LVU27
 144 000a FEE7     		b	.L5
 145              		.cfi_endproc
 146              	.LFE28:
 148              		.section	.text._read,"ax",%progbits
 149              		.align	1
 150              		.weak	_read
 151              		.syntax unified
 152              		.thumb
 153              		.thumb_func
 155              	_read:
 156              	.LVL5:
 157              	.LFB29:
  65:Core/Src/syscalls.c **** }
  66:Core/Src/syscalls.c **** 
  67:Core/Src/syscalls.c **** __attribute__((weak)) int _read(int file, char *ptr, int len)
  68:Core/Src/syscalls.c **** {
 158              		.loc 1 68 1 view -0
 159              		.cfi_startproc
ARM GAS  C:\Users\mulwe\AppData\Local\Temp\ccy80eRd.s 			page 5


 160              		@ args = 0, pretend = 0, frame = 0
 161              		@ frame_needed = 0, uses_anonymous_args = 0
  69:Core/Src/syscalls.c ****   (void)file;
 162              		.loc 1 69 3 view .LVU29
  70:Core/Src/syscalls.c ****   int DataIdx;
 163              		.loc 1 70 3 view .LVU30
  71:Core/Src/syscalls.c **** 
  72:Core/Src/syscalls.c ****   for (DataIdx = 0; DataIdx < len; DataIdx++)
 164              		.loc 1 72 3 view .LVU31
  68:Core/Src/syscalls.c ****   (void)file;
 165              		.loc 1 68 1 is_stmt 0 view .LVU32
 166 0000 70B5     		push	{r4, r5, r6, lr}
 167              	.LCFI2:
 168              		.cfi_def_cfa_offset 16
 169              		.cfi_offset 4, -16
 170              		.cfi_offset 5, -12
 171              		.cfi_offset 6, -8
 172              		.cfi_offset 14, -4
  68:Core/Src/syscalls.c ****   (void)file;
 173              		.loc 1 68 1 view .LVU33
 174 0002 0D46     		mov	r5, r1
 175 0004 1446     		mov	r4, r2
 176              		.loc 1 72 3 view .LVU34
 177 0006 0E46     		mov	r6, r1
 178              	.LVL6:
 179              	.L7:
 180              		.loc 1 72 29 is_stmt 1 discriminator 1 view .LVU35
 181 0008 731B     		subs	r3, r6, r5
 182              	.LVL7:
 183              		.loc 1 72 29 is_stmt 0 discriminator 1 view .LVU36
 184 000a 9C42     		cmp	r4, r3
 185 000c 01DC     		bgt	.L8
  73:Core/Src/syscalls.c ****   {
  74:Core/Src/syscalls.c ****     *ptr++ = __io_getchar();
  75:Core/Src/syscalls.c ****   }
  76:Core/Src/syscalls.c **** 
  77:Core/Src/syscalls.c ****   return len;
 186              		.loc 1 77 3 is_stmt 1 view .LVU37
  78:Core/Src/syscalls.c **** }
 187              		.loc 1 78 1 is_stmt 0 view .LVU38
 188 000e 2046     		mov	r0, r4
 189 0010 70BD     		pop	{r4, r5, r6, pc}
 190              	.LVL8:
 191              	.L8:
  74:Core/Src/syscalls.c ****   }
 192              		.loc 1 74 5 is_stmt 1 view .LVU39
  74:Core/Src/syscalls.c ****   }
 193              		.loc 1 74 14 is_stmt 0 view .LVU40
 194 0012 FFF7FEFF 		bl	__io_getchar
 195              	.LVL9:
  74:Core/Src/syscalls.c ****   }
 196              		.loc 1 74 12 discriminator 1 view .LVU41
 197 0016 06F8010B 		strb	r0, [r6], #1
 198              	.LVL10:
  72:Core/Src/syscalls.c ****   {
 199              		.loc 1 72 43 is_stmt 1 discriminator 3 view .LVU42
  72:Core/Src/syscalls.c ****   {
ARM GAS  C:\Users\mulwe\AppData\Local\Temp\ccy80eRd.s 			page 6


 200              		.loc 1 72 43 is_stmt 0 discriminator 3 view .LVU43
 201 001a F5E7     		b	.L7
 202              		.cfi_endproc
 203              	.LFE29:
 205              		.section	.text._write,"ax",%progbits
 206              		.align	1
 207              		.weak	_write
 208              		.syntax unified
 209              		.thumb
 210              		.thumb_func
 212              	_write:
 213              	.LVL11:
 214              	.LFB30:
  79:Core/Src/syscalls.c **** 
  80:Core/Src/syscalls.c **** __attribute__((weak)) int _write(int file, char *ptr, int len)
  81:Core/Src/syscalls.c **** {
 215              		.loc 1 81 1 is_stmt 1 view -0
 216              		.cfi_startproc
 217              		@ args = 0, pretend = 0, frame = 0
 218              		@ frame_needed = 0, uses_anonymous_args = 0
  82:Core/Src/syscalls.c ****   (void)file;
 219              		.loc 1 82 3 view .LVU45
  83:Core/Src/syscalls.c ****   int DataIdx;
 220              		.loc 1 83 3 view .LVU46
  84:Core/Src/syscalls.c **** 
  85:Core/Src/syscalls.c ****   for (DataIdx = 0; DataIdx < len; DataIdx++)
 221              		.loc 1 85 3 view .LVU47
  81:Core/Src/syscalls.c ****   (void)file;
 222              		.loc 1 81 1 is_stmt 0 view .LVU48
 223 0000 70B5     		push	{r4, r5, r6, lr}
 224              	.LCFI3:
 225              		.cfi_def_cfa_offset 16
 226              		.cfi_offset 4, -16
 227              		.cfi_offset 5, -12
 228              		.cfi_offset 6, -8
 229              		.cfi_offset 14, -4
  81:Core/Src/syscalls.c ****   (void)file;
 230              		.loc 1 81 1 view .LVU49
 231 0002 0D46     		mov	r5, r1
 232 0004 1446     		mov	r4, r2
 233              		.loc 1 85 3 view .LVU50
 234 0006 0E46     		mov	r6, r1
 235              	.LVL12:
 236              	.L10:
 237              		.loc 1 85 29 is_stmt 1 discriminator 1 view .LVU51
 238 0008 731B     		subs	r3, r6, r5
 239              	.LVL13:
 240              		.loc 1 85 29 is_stmt 0 discriminator 1 view .LVU52
 241 000a 9C42     		cmp	r4, r3
 242 000c 01DC     		bgt	.L11
  86:Core/Src/syscalls.c ****   {
  87:Core/Src/syscalls.c ****     __io_putchar(*ptr++);
  88:Core/Src/syscalls.c ****   }
  89:Core/Src/syscalls.c ****   return len;
 243              		.loc 1 89 3 is_stmt 1 view .LVU53
  90:Core/Src/syscalls.c **** }
 244              		.loc 1 90 1 is_stmt 0 view .LVU54
ARM GAS  C:\Users\mulwe\AppData\Local\Temp\ccy80eRd.s 			page 7


 245 000e 2046     		mov	r0, r4
 246 0010 70BD     		pop	{r4, r5, r6, pc}
 247              	.LVL14:
 248              	.L11:
  87:Core/Src/syscalls.c ****   }
 249              		.loc 1 87 5 is_stmt 1 view .LVU55
  87:Core/Src/syscalls.c ****   }
 250              		.loc 1 87 5 is_stmt 0 view .LVU56
 251 0012 16F8010B 		ldrb	r0, [r6], #1	@ zero_extendqisi2
 252              	.LVL15:
  87:Core/Src/syscalls.c ****   }
 253              		.loc 1 87 5 view .LVU57
 254 0016 FFF7FEFF 		bl	__io_putchar
 255              	.LVL16:
  85:Core/Src/syscalls.c ****   {
 256              		.loc 1 85 43 is_stmt 1 discriminator 3 view .LVU58
  85:Core/Src/syscalls.c ****   {
 257              		.loc 1 85 43 is_stmt 0 discriminator 3 view .LVU59
 258 001a F5E7     		b	.L10
 259              		.cfi_endproc
 260              	.LFE30:
 262              		.section	.text._close,"ax",%progbits
 263              		.align	1
 264              		.global	_close
 265              		.syntax unified
 266              		.thumb
 267              		.thumb_func
 269              	_close:
 270              	.LVL17:
 271              	.LFB31:
  91:Core/Src/syscalls.c **** 
  92:Core/Src/syscalls.c **** int _close(int file)
  93:Core/Src/syscalls.c **** {
 272              		.loc 1 93 1 is_stmt 1 view -0
 273              		.cfi_startproc
 274              		@ args = 0, pretend = 0, frame = 0
 275              		@ frame_needed = 0, uses_anonymous_args = 0
 276              		@ link register save eliminated.
  94:Core/Src/syscalls.c ****   (void)file;
 277              		.loc 1 94 3 view .LVU61
  95:Core/Src/syscalls.c ****   return -1;
 278              		.loc 1 95 3 view .LVU62
  96:Core/Src/syscalls.c **** }
 279              		.loc 1 96 1 is_stmt 0 view .LVU63
 280 0000 4FF0FF30 		mov	r0, #-1
 281              	.LVL18:
 282              		.loc 1 96 1 view .LVU64
 283 0004 7047     		bx	lr
 284              		.cfi_endproc
 285              	.LFE31:
 287              		.section	.text._fstat,"ax",%progbits
 288              		.align	1
 289              		.global	_fstat
 290              		.syntax unified
 291              		.thumb
 292              		.thumb_func
 294              	_fstat:
ARM GAS  C:\Users\mulwe\AppData\Local\Temp\ccy80eRd.s 			page 8


 295              	.LVL19:
 296              	.LFB32:
  97:Core/Src/syscalls.c **** 
  98:Core/Src/syscalls.c **** 
  99:Core/Src/syscalls.c **** int _fstat(int file, struct stat *st)
 100:Core/Src/syscalls.c **** {
 297              		.loc 1 100 1 is_stmt 1 view -0
 298              		.cfi_startproc
 299              		@ args = 0, pretend = 0, frame = 0
 300              		@ frame_needed = 0, uses_anonymous_args = 0
 301              		@ link register save eliminated.
 101:Core/Src/syscalls.c ****   (void)file;
 302              		.loc 1 101 3 view .LVU66
 102:Core/Src/syscalls.c ****   st->st_mode = S_IFCHR;
 303              		.loc 1 102 3 view .LVU67
 304              		.loc 1 102 15 is_stmt 0 view .LVU68
 305 0000 4FF40053 		mov	r3, #8192
 306 0004 4B60     		str	r3, [r1, #4]
 103:Core/Src/syscalls.c ****   return 0;
 307              		.loc 1 103 3 is_stmt 1 view .LVU69
 104:Core/Src/syscalls.c **** }
 308              		.loc 1 104 1 is_stmt 0 view .LVU70
 309 0006 0020     		movs	r0, #0
 310              	.LVL20:
 311              		.loc 1 104 1 view .LVU71
 312 0008 7047     		bx	lr
 313              		.cfi_endproc
 314              	.LFE32:
 316              		.section	.text._isatty,"ax",%progbits
 317              		.align	1
 318              		.global	_isatty
 319              		.syntax unified
 320              		.thumb
 321              		.thumb_func
 323              	_isatty:
 324              	.LVL21:
 325              	.LFB33:
 105:Core/Src/syscalls.c **** 
 106:Core/Src/syscalls.c **** int _isatty(int file)
 107:Core/Src/syscalls.c **** {
 326              		.loc 1 107 1 is_stmt 1 view -0
 327              		.cfi_startproc
 328              		@ args = 0, pretend = 0, frame = 0
 329              		@ frame_needed = 0, uses_anonymous_args = 0
 330              		@ link register save eliminated.
 108:Core/Src/syscalls.c ****   (void)file;
 331              		.loc 1 108 3 view .LVU73
 109:Core/Src/syscalls.c ****   return 1;
 332              		.loc 1 109 3 view .LVU74
 110:Core/Src/syscalls.c **** }
 333              		.loc 1 110 1 is_stmt 0 view .LVU75
 334 0000 0120     		movs	r0, #1
 335              	.LVL22:
 336              		.loc 1 110 1 view .LVU76
 337 0002 7047     		bx	lr
 338              		.cfi_endproc
 339              	.LFE33:
ARM GAS  C:\Users\mulwe\AppData\Local\Temp\ccy80eRd.s 			page 9


 341              		.section	.text._lseek,"ax",%progbits
 342              		.align	1
 343              		.global	_lseek
 344              		.syntax unified
 345              		.thumb
 346              		.thumb_func
 348              	_lseek:
 349              	.LVL23:
 350              	.LFB34:
 111:Core/Src/syscalls.c **** 
 112:Core/Src/syscalls.c **** int _lseek(int file, int ptr, int dir)
 113:Core/Src/syscalls.c **** {
 351              		.loc 1 113 1 is_stmt 1 view -0
 352              		.cfi_startproc
 353              		@ args = 0, pretend = 0, frame = 0
 354              		@ frame_needed = 0, uses_anonymous_args = 0
 355              		@ link register save eliminated.
 114:Core/Src/syscalls.c ****   (void)file;
 356              		.loc 1 114 3 view .LVU78
 115:Core/Src/syscalls.c ****   (void)ptr;
 357              		.loc 1 115 3 view .LVU79
 116:Core/Src/syscalls.c ****   (void)dir;
 358              		.loc 1 116 3 view .LVU80
 117:Core/Src/syscalls.c ****   return 0;
 359              		.loc 1 117 3 view .LVU81
 118:Core/Src/syscalls.c **** }
 360              		.loc 1 118 1 is_stmt 0 view .LVU82
 361 0000 0020     		movs	r0, #0
 362              	.LVL24:
 363              		.loc 1 118 1 view .LVU83
 364 0002 7047     		bx	lr
 365              		.cfi_endproc
 366              	.LFE34:
 368              		.section	.text._open,"ax",%progbits
 369              		.align	1
 370              		.global	_open
 371              		.syntax unified
 372              		.thumb
 373              		.thumb_func
 375              	_open:
 376              	.LVL25:
 377              	.LFB35:
 119:Core/Src/syscalls.c **** 
 120:Core/Src/syscalls.c **** int _open(char *path, int flags, ...)
 121:Core/Src/syscalls.c **** {
 378              		.loc 1 121 1 is_stmt 1 view -0
 379              		.cfi_startproc
 380              		@ args = 4, pretend = 12, frame = 0
 381              		@ frame_needed = 0, uses_anonymous_args = 1
 382              		@ link register save eliminated.
 122:Core/Src/syscalls.c ****   (void)path;
 383              		.loc 1 122 3 view .LVU85
 123:Core/Src/syscalls.c ****   (void)flags;
 384              		.loc 1 123 3 view .LVU86
 124:Core/Src/syscalls.c ****   /* Pretend like we always fail */
 125:Core/Src/syscalls.c ****   return -1;
 385              		.loc 1 125 3 view .LVU87
ARM GAS  C:\Users\mulwe\AppData\Local\Temp\ccy80eRd.s 			page 10


 121:Core/Src/syscalls.c ****   (void)path;
 386              		.loc 1 121 1 is_stmt 0 view .LVU88
 387 0000 0EB4     		push	{r1, r2, r3}
 388              	.LCFI4:
 389              		.cfi_def_cfa_offset 12
 390              		.cfi_offset 1, -12
 391              		.cfi_offset 2, -8
 392              		.cfi_offset 3, -4
 126:Core/Src/syscalls.c **** }
 393              		.loc 1 126 1 view .LVU89
 394 0002 4FF0FF30 		mov	r0, #-1
 395              	.LVL26:
 396              		.loc 1 126 1 view .LVU90
 397 0006 03B0     		add	sp, sp, #12
 398              	.LCFI5:
 399              		.cfi_restore 3
 400              		.cfi_restore 2
 401              		.cfi_restore 1
 402              		.cfi_def_cfa_offset 0
 403 0008 7047     		bx	lr
 404              		.cfi_endproc
 405              	.LFE35:
 407              		.section	.text._wait,"ax",%progbits
 408              		.align	1
 409              		.global	_wait
 410              		.syntax unified
 411              		.thumb
 412              		.thumb_func
 414              	_wait:
 415              	.LVL27:
 416              	.LFB36:
 127:Core/Src/syscalls.c **** 
 128:Core/Src/syscalls.c **** int _wait(int *status)
 129:Core/Src/syscalls.c **** {
 417              		.loc 1 129 1 is_stmt 1 view -0
 418              		.cfi_startproc
 419              		@ args = 0, pretend = 0, frame = 0
 420              		@ frame_needed = 0, uses_anonymous_args = 0
 130:Core/Src/syscalls.c ****   (void)status;
 421              		.loc 1 130 3 view .LVU92
 131:Core/Src/syscalls.c ****   errno = ECHILD;
 422              		.loc 1 131 3 view .LVU93
 129:Core/Src/syscalls.c ****   (void)status;
 423              		.loc 1 129 1 is_stmt 0 view .LVU94
 424 0000 08B5     		push	{r3, lr}
 425              	.LCFI6:
 426              		.cfi_def_cfa_offset 8
 427              		.cfi_offset 3, -8
 428              		.cfi_offset 14, -4
 429              		.loc 1 131 3 view .LVU95
 430 0002 FFF7FEFF 		bl	__errno
 431              	.LVL28:
 432              		.loc 1 131 9 discriminator 1 view .LVU96
 433 0006 0A23     		movs	r3, #10
 434 0008 0360     		str	r3, [r0]
 132:Core/Src/syscalls.c ****   return -1;
 435              		.loc 1 132 3 is_stmt 1 view .LVU97
ARM GAS  C:\Users\mulwe\AppData\Local\Temp\ccy80eRd.s 			page 11


 133:Core/Src/syscalls.c **** }
 436              		.loc 1 133 1 is_stmt 0 view .LVU98
 437 000a 4FF0FF30 		mov	r0, #-1
 438 000e 08BD     		pop	{r3, pc}
 439              		.cfi_endproc
 440              	.LFE36:
 442              		.section	.text._unlink,"ax",%progbits
 443              		.align	1
 444              		.global	_unlink
 445              		.syntax unified
 446              		.thumb
 447              		.thumb_func
 449              	_unlink:
 450              	.LVL29:
 451              	.LFB37:
 134:Core/Src/syscalls.c **** 
 135:Core/Src/syscalls.c **** int _unlink(char *name)
 136:Core/Src/syscalls.c **** {
 452              		.loc 1 136 1 is_stmt 1 view -0
 453              		.cfi_startproc
 454              		@ args = 0, pretend = 0, frame = 0
 455              		@ frame_needed = 0, uses_anonymous_args = 0
 137:Core/Src/syscalls.c ****   (void)name;
 456              		.loc 1 137 3 view .LVU100
 138:Core/Src/syscalls.c ****   errno = ENOENT;
 457              		.loc 1 138 3 view .LVU101
 136:Core/Src/syscalls.c ****   (void)name;
 458              		.loc 1 136 1 is_stmt 0 view .LVU102
 459 0000 08B5     		push	{r3, lr}
 460              	.LCFI7:
 461              		.cfi_def_cfa_offset 8
 462              		.cfi_offset 3, -8
 463              		.cfi_offset 14, -4
 464              		.loc 1 138 3 view .LVU103
 465 0002 FFF7FEFF 		bl	__errno
 466              	.LVL30:
 467              		.loc 1 138 9 discriminator 1 view .LVU104
 468 0006 0223     		movs	r3, #2
 469 0008 0360     		str	r3, [r0]
 139:Core/Src/syscalls.c ****   return -1;
 470              		.loc 1 139 3 is_stmt 1 view .LVU105
 140:Core/Src/syscalls.c **** }
 471              		.loc 1 140 1 is_stmt 0 view .LVU106
 472 000a 4FF0FF30 		mov	r0, #-1
 473 000e 08BD     		pop	{r3, pc}
 474              		.cfi_endproc
 475              	.LFE37:
 477              		.section	.text._times,"ax",%progbits
 478              		.align	1
 479              		.global	_times
 480              		.syntax unified
 481              		.thumb
 482              		.thumb_func
 484              	_times:
 485              	.LVL31:
 486              	.LFB38:
 141:Core/Src/syscalls.c **** 
ARM GAS  C:\Users\mulwe\AppData\Local\Temp\ccy80eRd.s 			page 12


 142:Core/Src/syscalls.c **** clock_t _times(struct tms *buf)
 143:Core/Src/syscalls.c **** {
 487              		.loc 1 143 1 is_stmt 1 view -0
 488              		.cfi_startproc
 489              		@ args = 0, pretend = 0, frame = 0
 490              		@ frame_needed = 0, uses_anonymous_args = 0
 491              		@ link register save eliminated.
 144:Core/Src/syscalls.c ****   (void)buf;
 492              		.loc 1 144 3 view .LVU108
 145:Core/Src/syscalls.c ****   return -1;
 493              		.loc 1 145 3 view .LVU109
 146:Core/Src/syscalls.c **** }
 494              		.loc 1 146 1 is_stmt 0 view .LVU110
 495 0000 4FF0FF30 		mov	r0, #-1
 496              	.LVL32:
 497              		.loc 1 146 1 view .LVU111
 498 0004 7047     		bx	lr
 499              		.cfi_endproc
 500              	.LFE38:
 502              		.section	.text._stat,"ax",%progbits
 503              		.align	1
 504              		.global	_stat
 505              		.syntax unified
 506              		.thumb
 507              		.thumb_func
 509              	_stat:
 510              	.LVL33:
 511              	.LFB39:
 147:Core/Src/syscalls.c **** 
 148:Core/Src/syscalls.c **** int _stat(const char *file, struct stat *st)
 149:Core/Src/syscalls.c **** {
 512              		.loc 1 149 1 is_stmt 1 view -0
 513              		.cfi_startproc
 514              		@ args = 0, pretend = 0, frame = 0
 515              		@ frame_needed = 0, uses_anonymous_args = 0
 516              		@ link register save eliminated.
 150:Core/Src/syscalls.c ****   (void)file;
 517              		.loc 1 150 3 view .LVU113
 151:Core/Src/syscalls.c ****   st->st_mode = S_IFCHR;
 518              		.loc 1 151 3 view .LVU114
 519              		.loc 1 151 15 is_stmt 0 view .LVU115
 520 0000 4FF40053 		mov	r3, #8192
 521 0004 4B60     		str	r3, [r1, #4]
 152:Core/Src/syscalls.c ****   return 0;
 522              		.loc 1 152 3 is_stmt 1 view .LVU116
 153:Core/Src/syscalls.c **** }
 523              		.loc 1 153 1 is_stmt 0 view .LVU117
 524 0006 0020     		movs	r0, #0
 525              	.LVL34:
 526              		.loc 1 153 1 view .LVU118
 527 0008 7047     		bx	lr
 528              		.cfi_endproc
 529              	.LFE39:
 531              		.section	.text._link,"ax",%progbits
 532              		.align	1
 533              		.global	_link
 534              		.syntax unified
ARM GAS  C:\Users\mulwe\AppData\Local\Temp\ccy80eRd.s 			page 13


 535              		.thumb
 536              		.thumb_func
 538              	_link:
 539              	.LVL35:
 540              	.LFB40:
 154:Core/Src/syscalls.c **** 
 155:Core/Src/syscalls.c **** int _link(char *old, char *new)
 156:Core/Src/syscalls.c **** {
 541              		.loc 1 156 1 is_stmt 1 view -0
 542              		.cfi_startproc
 543              		@ args = 0, pretend = 0, frame = 0
 544              		@ frame_needed = 0, uses_anonymous_args = 0
 157:Core/Src/syscalls.c ****   (void)old;
 545              		.loc 1 157 3 view .LVU120
 158:Core/Src/syscalls.c ****   (void)new;
 546              		.loc 1 158 3 view .LVU121
 159:Core/Src/syscalls.c ****   errno = EMLINK;
 547              		.loc 1 159 3 view .LVU122
 156:Core/Src/syscalls.c ****   (void)old;
 548              		.loc 1 156 1 is_stmt 0 view .LVU123
 549 0000 08B5     		push	{r3, lr}
 550              	.LCFI8:
 551              		.cfi_def_cfa_offset 8
 552              		.cfi_offset 3, -8
 553              		.cfi_offset 14, -4
 554              		.loc 1 159 3 view .LVU124
 555 0002 FFF7FEFF 		bl	__errno
 556              	.LVL36:
 557              		.loc 1 159 9 discriminator 1 view .LVU125
 558 0006 1F23     		movs	r3, #31
 559 0008 0360     		str	r3, [r0]
 160:Core/Src/syscalls.c ****   return -1;
 560              		.loc 1 160 3 is_stmt 1 view .LVU126
 161:Core/Src/syscalls.c **** }
 561              		.loc 1 161 1 is_stmt 0 view .LVU127
 562 000a 4FF0FF30 		mov	r0, #-1
 563 000e 08BD     		pop	{r3, pc}
 564              		.cfi_endproc
 565              	.LFE40:
 567              		.section	.text._fork,"ax",%progbits
 568              		.align	1
 569              		.global	_fork
 570              		.syntax unified
 571              		.thumb
 572              		.thumb_func
 574              	_fork:
 575              	.LFB41:
 162:Core/Src/syscalls.c **** 
 163:Core/Src/syscalls.c **** int _fork(void)
 164:Core/Src/syscalls.c **** {
 576              		.loc 1 164 1 is_stmt 1 view -0
 577              		.cfi_startproc
 578              		@ args = 0, pretend = 0, frame = 0
 579              		@ frame_needed = 0, uses_anonymous_args = 0
 165:Core/Src/syscalls.c ****   errno = EAGAIN;
 580              		.loc 1 165 3 view .LVU129
 164:Core/Src/syscalls.c ****   errno = EAGAIN;
ARM GAS  C:\Users\mulwe\AppData\Local\Temp\ccy80eRd.s 			page 14


 581              		.loc 1 164 1 is_stmt 0 view .LVU130
 582 0000 08B5     		push	{r3, lr}
 583              	.LCFI9:
 584              		.cfi_def_cfa_offset 8
 585              		.cfi_offset 3, -8
 586              		.cfi_offset 14, -4
 587              		.loc 1 165 3 view .LVU131
 588 0002 FFF7FEFF 		bl	__errno
 589              	.LVL37:
 590              		.loc 1 165 9 discriminator 1 view .LVU132
 591 0006 0B23     		movs	r3, #11
 592 0008 0360     		str	r3, [r0]
 166:Core/Src/syscalls.c ****   return -1;
 593              		.loc 1 166 3 is_stmt 1 view .LVU133
 167:Core/Src/syscalls.c **** }
 594              		.loc 1 167 1 is_stmt 0 view .LVU134
 595 000a 4FF0FF30 		mov	r0, #-1
 596 000e 08BD     		pop	{r3, pc}
 597              		.cfi_endproc
 598              	.LFE41:
 600              		.section	.text._execve,"ax",%progbits
 601              		.align	1
 602              		.global	_execve
 603              		.syntax unified
 604              		.thumb
 605              		.thumb_func
 607              	_execve:
 608              	.LVL38:
 609              	.LFB42:
 168:Core/Src/syscalls.c **** 
 169:Core/Src/syscalls.c **** int _execve(char *name, char **argv, char **env)
 170:Core/Src/syscalls.c **** {
 610              		.loc 1 170 1 is_stmt 1 view -0
 611              		.cfi_startproc
 612              		@ args = 0, pretend = 0, frame = 0
 613              		@ frame_needed = 0, uses_anonymous_args = 0
 171:Core/Src/syscalls.c ****   (void)name;
 614              		.loc 1 171 3 view .LVU136
 172:Core/Src/syscalls.c ****   (void)argv;
 615              		.loc 1 172 3 view .LVU137
 173:Core/Src/syscalls.c ****   (void)env;
 616              		.loc 1 173 3 view .LVU138
 174:Core/Src/syscalls.c ****   errno = ENOMEM;
 617              		.loc 1 174 3 view .LVU139
 170:Core/Src/syscalls.c ****   (void)name;
 618              		.loc 1 170 1 is_stmt 0 view .LVU140
 619 0000 08B5     		push	{r3, lr}
 620              	.LCFI10:
 621              		.cfi_def_cfa_offset 8
 622              		.cfi_offset 3, -8
 623              		.cfi_offset 14, -4
 624              		.loc 1 174 3 view .LVU141
 625 0002 FFF7FEFF 		bl	__errno
 626              	.LVL39:
 627              		.loc 1 174 9 discriminator 1 view .LVU142
 628 0006 0C23     		movs	r3, #12
 629 0008 0360     		str	r3, [r0]
ARM GAS  C:\Users\mulwe\AppData\Local\Temp\ccy80eRd.s 			page 15


 175:Core/Src/syscalls.c ****   return -1;
 630              		.loc 1 175 3 is_stmt 1 view .LVU143
 176:Core/Src/syscalls.c **** }
 631              		.loc 1 176 1 is_stmt 0 view .LVU144
 632 000a 4FF0FF30 		mov	r0, #-1
 633 000e 08BD     		pop	{r3, pc}
 634              		.cfi_endproc
 635              	.LFE42:
 637              		.global	environ
 638              		.section	.data.environ,"aw"
 639              		.align	2
 642              	environ:
 643 0000 00000000 		.word	__env
 644              		.global	__env
 645              		.section	.bss.__env,"aw",%nobits
 646              		.align	2
 649              	__env:
 650 0000 00000000 		.space	4
 651              		.weak	__io_putchar
 652              		.weak	__io_getchar
 653              		.text
 654              	.Letext0:
 655              		.file 2 "C:\\ST\\STM32CubeIDE_1.19.0\\STM32CubeIDE\\plugins\\com.st.stm32cube.ide.mcu.externaltool
 656              		.file 3 "C:\\ST\\STM32CubeIDE_1.19.0\\STM32CubeIDE\\plugins\\com.st.stm32cube.ide.mcu.externaltool
 657              		.file 4 "C:\\ST\\STM32CubeIDE_1.19.0\\STM32CubeIDE\\plugins\\com.st.stm32cube.ide.mcu.externaltool
 658              		.file 5 "C:\\ST\\STM32CubeIDE_1.19.0\\STM32CubeIDE\\plugins\\com.st.stm32cube.ide.mcu.externaltool
 659              		.file 6 "C:\\ST\\STM32CubeIDE_1.19.0\\STM32CubeIDE\\plugins\\com.st.stm32cube.ide.mcu.externaltool
 660              		.file 7 "C:\\ST\\STM32CubeIDE_1.19.0\\STM32CubeIDE\\plugins\\com.st.stm32cube.ide.mcu.externaltool
 661              		.file 8 "C:\\ST\\STM32CubeIDE_1.19.0\\STM32CubeIDE\\plugins\\com.st.stm32cube.ide.mcu.externaltool
 662              		.file 9 "C:\\ST\\STM32CubeIDE_1.19.0\\STM32CubeIDE\\plugins\\com.st.stm32cube.ide.mcu.externaltool
ARM GAS  C:\Users\mulwe\AppData\Local\Temp\ccy80eRd.s 			page 16


DEFINED SYMBOLS
                            *ABS*:00000000 syscalls.c
C:\Users\mulwe\AppData\Local\Temp\ccy80eRd.s:21     .text.initialise_monitor_handles:00000000 $t
C:\Users\mulwe\AppData\Local\Temp\ccy80eRd.s:27     .text.initialise_monitor_handles:00000000 initialise_monitor_handles
C:\Users\mulwe\AppData\Local\Temp\ccy80eRd.s:40     .text._getpid:00000000 $t
C:\Users\mulwe\AppData\Local\Temp\ccy80eRd.s:46     .text._getpid:00000000 _getpid
C:\Users\mulwe\AppData\Local\Temp\ccy80eRd.s:61     .text._kill:00000000 $t
C:\Users\mulwe\AppData\Local\Temp\ccy80eRd.s:67     .text._kill:00000000 _kill
C:\Users\mulwe\AppData\Local\Temp\ccy80eRd.s:97     .text._exit:00000000 $t
C:\Users\mulwe\AppData\Local\Temp\ccy80eRd.s:103    .text._exit:00000000 _exit
C:\Users\mulwe\AppData\Local\Temp\ccy80eRd.s:149    .text._read:00000000 $t
C:\Users\mulwe\AppData\Local\Temp\ccy80eRd.s:155    .text._read:00000000 _read
C:\Users\mulwe\AppData\Local\Temp\ccy80eRd.s:206    .text._write:00000000 $t
C:\Users\mulwe\AppData\Local\Temp\ccy80eRd.s:212    .text._write:00000000 _write
C:\Users\mulwe\AppData\Local\Temp\ccy80eRd.s:263    .text._close:00000000 $t
C:\Users\mulwe\AppData\Local\Temp\ccy80eRd.s:269    .text._close:00000000 _close
C:\Users\mulwe\AppData\Local\Temp\ccy80eRd.s:288    .text._fstat:00000000 $t
C:\Users\mulwe\AppData\Local\Temp\ccy80eRd.s:294    .text._fstat:00000000 _fstat
C:\Users\mulwe\AppData\Local\Temp\ccy80eRd.s:317    .text._isatty:00000000 $t
C:\Users\mulwe\AppData\Local\Temp\ccy80eRd.s:323    .text._isatty:00000000 _isatty
C:\Users\mulwe\AppData\Local\Temp\ccy80eRd.s:342    .text._lseek:00000000 $t
C:\Users\mulwe\AppData\Local\Temp\ccy80eRd.s:348    .text._lseek:00000000 _lseek
C:\Users\mulwe\AppData\Local\Temp\ccy80eRd.s:369    .text._open:00000000 $t
C:\Users\mulwe\AppData\Local\Temp\ccy80eRd.s:375    .text._open:00000000 _open
C:\Users\mulwe\AppData\Local\Temp\ccy80eRd.s:408    .text._wait:00000000 $t
C:\Users\mulwe\AppData\Local\Temp\ccy80eRd.s:414    .text._wait:00000000 _wait
C:\Users\mulwe\AppData\Local\Temp\ccy80eRd.s:443    .text._unlink:00000000 $t
C:\Users\mulwe\AppData\Local\Temp\ccy80eRd.s:449    .text._unlink:00000000 _unlink
C:\Users\mulwe\AppData\Local\Temp\ccy80eRd.s:478    .text._times:00000000 $t
C:\Users\mulwe\AppData\Local\Temp\ccy80eRd.s:484    .text._times:00000000 _times
C:\Users\mulwe\AppData\Local\Temp\ccy80eRd.s:503    .text._stat:00000000 $t
C:\Users\mulwe\AppData\Local\Temp\ccy80eRd.s:509    .text._stat:00000000 _stat
C:\Users\mulwe\AppData\Local\Temp\ccy80eRd.s:532    .text._link:00000000 $t
C:\Users\mulwe\AppData\Local\Temp\ccy80eRd.s:538    .text._link:00000000 _link
C:\Users\mulwe\AppData\Local\Temp\ccy80eRd.s:568    .text._fork:00000000 $t
C:\Users\mulwe\AppData\Local\Temp\ccy80eRd.s:574    .text._fork:00000000 _fork
C:\Users\mulwe\AppData\Local\Temp\ccy80eRd.s:601    .text._execve:00000000 $t
C:\Users\mulwe\AppData\Local\Temp\ccy80eRd.s:607    .text._execve:00000000 _execve
C:\Users\mulwe\AppData\Local\Temp\ccy80eRd.s:642    .data.environ:00000000 environ
C:\Users\mulwe\AppData\Local\Temp\ccy80eRd.s:639    .data.environ:00000000 $d
C:\Users\mulwe\AppData\Local\Temp\ccy80eRd.s:649    .bss.__env:00000000 __env
C:\Users\mulwe\AppData\Local\Temp\ccy80eRd.s:646    .bss.__env:00000000 $d

UNDEFINED SYMBOLS
__errno
__io_getchar
__io_putchar
